[2024-01-31T20:07:55.143+0000] {processor.py:161} INFO - Started process (PID=119) to work on /opt/airflow/dags/Batch.py
[2024-01-31T20:07:55.145+0000] {processor.py:830} INFO - Processing file /opt/airflow/dags/Batch.py for tasks to queue
[2024-01-31T20:07:55.146+0000] {logging_mixin.py:188} INFO - [2024-01-31T20:07:55.146+0000] {dagbag.py:538} INFO - Filling up the DagBag from /opt/airflow/dags/Batch.py
[2024-01-31T20:07:55.253+0000] {processor.py:840} INFO - DAG(s) 'welcome_dag' retrieved from /opt/airflow/dags/Batch.py
[2024-01-31T20:07:55.528+0000] {logging_mixin.py:188} INFO - [2024-01-31T20:07:55.527+0000] {dag.py:3036} INFO - Sync 1 DAGs
[2024-01-31T20:07:55.582+0000] {logging_mixin.py:188} INFO - [2024-01-31T20:07:55.581+0000] {dag.py:3823} INFO - Setting next_dagrun for welcome_dag to 2024-01-30 23:00:00+00:00, run_after=2024-01-31 23:00:00+00:00
[2024-01-31T20:07:55.678+0000] {processor.py:183} INFO - Processing /opt/airflow/dags/Batch.py took 0.549 seconds
[2024-01-31T20:08:26.352+0000] {processor.py:161} INFO - Started process (PID=120) to work on /opt/airflow/dags/Batch.py
[2024-01-31T20:08:26.354+0000] {processor.py:830} INFO - Processing file /opt/airflow/dags/Batch.py for tasks to queue
[2024-01-31T20:08:26.355+0000] {logging_mixin.py:188} INFO - [2024-01-31T20:08:26.355+0000] {dagbag.py:538} INFO - Filling up the DagBag from /opt/airflow/dags/Batch.py
[2024-01-31T20:08:26.400+0000] {processor.py:840} INFO - DAG(s) 'welcome_dag' retrieved from /opt/airflow/dags/Batch.py
[2024-01-31T20:08:26.437+0000] {logging_mixin.py:188} INFO - [2024-01-31T20:08:26.437+0000] {dag.py:3036} INFO - Sync 1 DAGs
[2024-01-31T20:08:26.466+0000] {logging_mixin.py:188} INFO - [2024-01-31T20:08:26.466+0000] {dag.py:3823} INFO - Setting next_dagrun for welcome_dag to 2024-01-30 23:00:00+00:00, run_after=2024-01-31 23:00:00+00:00
[2024-01-31T20:08:26.543+0000] {processor.py:183} INFO - Processing /opt/airflow/dags/Batch.py took 0.195 seconds
[2024-01-31T20:08:57.037+0000] {processor.py:161} INFO - Started process (PID=121) to work on /opt/airflow/dags/Batch.py
[2024-01-31T20:08:57.039+0000] {processor.py:830} INFO - Processing file /opt/airflow/dags/Batch.py for tasks to queue
[2024-01-31T20:08:57.040+0000] {logging_mixin.py:188} INFO - [2024-01-31T20:08:57.040+0000] {dagbag.py:538} INFO - Filling up the DagBag from /opt/airflow/dags/Batch.py
[2024-01-31T20:08:57.077+0000] {processor.py:840} INFO - DAG(s) 'welcome_dag' retrieved from /opt/airflow/dags/Batch.py
[2024-01-31T20:08:57.139+0000] {logging_mixin.py:188} INFO - [2024-01-31T20:08:57.139+0000] {dag.py:3036} INFO - Sync 1 DAGs
[2024-01-31T20:08:57.205+0000] {logging_mixin.py:188} INFO - [2024-01-31T20:08:57.205+0000] {dag.py:3823} INFO - Setting next_dagrun for welcome_dag to 2024-01-30 23:00:00+00:00, run_after=2024-01-31 23:00:00+00:00
[2024-01-31T20:08:57.299+0000] {processor.py:183} INFO - Processing /opt/airflow/dags/Batch.py took 0.265 seconds
[2024-01-31T20:09:27.548+0000] {processor.py:161} INFO - Started process (PID=122) to work on /opt/airflow/dags/Batch.py
[2024-01-31T20:09:27.550+0000] {processor.py:830} INFO - Processing file /opt/airflow/dags/Batch.py for tasks to queue
[2024-01-31T20:09:27.551+0000] {logging_mixin.py:188} INFO - [2024-01-31T20:09:27.551+0000] {dagbag.py:538} INFO - Filling up the DagBag from /opt/airflow/dags/Batch.py
[2024-01-31T20:09:27.586+0000] {processor.py:840} INFO - DAG(s) 'welcome_dag' retrieved from /opt/airflow/dags/Batch.py
[2024-01-31T20:09:27.633+0000] {logging_mixin.py:188} INFO - [2024-01-31T20:09:27.633+0000] {dag.py:3036} INFO - Sync 1 DAGs
[2024-01-31T20:09:27.665+0000] {logging_mixin.py:188} INFO - [2024-01-31T20:09:27.664+0000] {dag.py:3823} INFO - Setting next_dagrun for welcome_dag to 2024-01-30 23:00:00+00:00, run_after=2024-01-31 23:00:00+00:00
[2024-01-31T20:09:27.731+0000] {processor.py:183} INFO - Processing /opt/airflow/dags/Batch.py took 0.185 seconds
[2024-01-31T20:09:59.749+0000] {processor.py:161} INFO - Started process (PID=57) to work on /opt/airflow/dags/Batch.py
[2024-01-31T20:09:59.758+0000] {processor.py:830} INFO - Processing file /opt/airflow/dags/Batch.py for tasks to queue
[2024-01-31T20:09:59.764+0000] {logging_mixin.py:188} INFO - [2024-01-31T20:09:59.762+0000] {dagbag.py:538} INFO - Filling up the DagBag from /opt/airflow/dags/Batch.py
[2024-01-31T20:09:59.879+0000] {processor.py:840} INFO - DAG(s) 'welcome_dag' retrieved from /opt/airflow/dags/Batch.py
[2024-01-31T20:09:59.942+0000] {logging_mixin.py:188} INFO - [2024-01-31T20:09:59.942+0000] {dag.py:3036} INFO - Sync 1 DAGs
[2024-01-31T20:10:00.037+0000] {logging_mixin.py:188} INFO - [2024-01-31T20:10:00.037+0000] {dag.py:3823} INFO - Setting next_dagrun for welcome_dag to 2024-01-30 23:00:00+00:00, run_after=2024-01-31 23:00:00+00:00
[2024-01-31T20:10:00.172+0000] {processor.py:183} INFO - Processing /opt/airflow/dags/Batch.py took 0.459 seconds
[2024-01-31T20:10:31.120+0000] {processor.py:161} INFO - Started process (PID=66) to work on /opt/airflow/dags/Batch.py
[2024-01-31T20:10:31.122+0000] {processor.py:830} INFO - Processing file /opt/airflow/dags/Batch.py for tasks to queue
[2024-01-31T20:10:31.123+0000] {logging_mixin.py:188} INFO - [2024-01-31T20:10:31.122+0000] {dagbag.py:538} INFO - Filling up the DagBag from /opt/airflow/dags/Batch.py
[2024-01-31T20:10:31.167+0000] {processor.py:840} INFO - DAG(s) 'welcome_dag' retrieved from /opt/airflow/dags/Batch.py
[2024-01-31T20:10:31.297+0000] {logging_mixin.py:188} INFO - [2024-01-31T20:10:31.297+0000] {dag.py:3036} INFO - Sync 1 DAGs
[2024-01-31T20:10:31.318+0000] {logging_mixin.py:188} INFO - [2024-01-31T20:10:31.318+0000] {dag.py:3823} INFO - Setting next_dagrun for welcome_dag to 2024-01-30 23:00:00+00:00, run_after=2024-01-31 23:00:00+00:00
[2024-01-31T20:10:31.378+0000] {processor.py:183} INFO - Processing /opt/airflow/dags/Batch.py took 0.262 seconds
[2024-01-31T20:11:02.039+0000] {processor.py:161} INFO - Started process (PID=67) to work on /opt/airflow/dags/Batch.py
[2024-01-31T20:11:02.042+0000] {processor.py:830} INFO - Processing file /opt/airflow/dags/Batch.py for tasks to queue
[2024-01-31T20:11:02.043+0000] {logging_mixin.py:188} INFO - [2024-01-31T20:11:02.043+0000] {dagbag.py:538} INFO - Filling up the DagBag from /opt/airflow/dags/Batch.py
[2024-01-31T20:11:02.082+0000] {processor.py:840} INFO - DAG(s) 'welcome_dag' retrieved from /opt/airflow/dags/Batch.py
[2024-01-31T20:11:02.122+0000] {logging_mixin.py:188} INFO - [2024-01-31T20:11:02.122+0000] {dag.py:3036} INFO - Sync 1 DAGs
[2024-01-31T20:11:02.157+0000] {logging_mixin.py:188} INFO - [2024-01-31T20:11:02.156+0000] {dag.py:3823} INFO - Setting next_dagrun for welcome_dag to 2024-01-30 23:00:00+00:00, run_after=2024-01-31 23:00:00+00:00
[2024-01-31T20:11:02.219+0000] {processor.py:183} INFO - Processing /opt/airflow/dags/Batch.py took 0.189 seconds
[2024-01-31T20:11:32.929+0000] {processor.py:161} INFO - Started process (PID=68) to work on /opt/airflow/dags/Batch.py
[2024-01-31T20:11:32.931+0000] {processor.py:830} INFO - Processing file /opt/airflow/dags/Batch.py for tasks to queue
[2024-01-31T20:11:32.934+0000] {logging_mixin.py:188} INFO - [2024-01-31T20:11:32.933+0000] {dagbag.py:538} INFO - Filling up the DagBag from /opt/airflow/dags/Batch.py
[2024-01-31T20:11:32.968+0000] {processor.py:840} INFO - DAG(s) 'welcome_dag' retrieved from /opt/airflow/dags/Batch.py
[2024-01-31T20:11:33.002+0000] {logging_mixin.py:188} INFO - [2024-01-31T20:11:33.002+0000] {dag.py:3036} INFO - Sync 1 DAGs
[2024-01-31T20:11:33.034+0000] {logging_mixin.py:188} INFO - [2024-01-31T20:11:33.034+0000] {dag.py:3823} INFO - Setting next_dagrun for welcome_dag to 2024-01-30 23:00:00+00:00, run_after=2024-01-31 23:00:00+00:00
[2024-01-31T20:11:33.105+0000] {processor.py:183} INFO - Processing /opt/airflow/dags/Batch.py took 0.183 seconds
[2024-01-31T20:12:03.887+0000] {processor.py:161} INFO - Started process (PID=69) to work on /opt/airflow/dags/Batch.py
[2024-01-31T20:12:03.889+0000] {processor.py:830} INFO - Processing file /opt/airflow/dags/Batch.py for tasks to queue
[2024-01-31T20:12:03.891+0000] {logging_mixin.py:188} INFO - [2024-01-31T20:12:03.890+0000] {dagbag.py:538} INFO - Filling up the DagBag from /opt/airflow/dags/Batch.py
[2024-01-31T20:12:03.935+0000] {processor.py:840} INFO - DAG(s) 'welcome_dag' retrieved from /opt/airflow/dags/Batch.py
[2024-01-31T20:12:03.964+0000] {logging_mixin.py:188} INFO - [2024-01-31T20:12:03.964+0000] {dag.py:3036} INFO - Sync 1 DAGs
[2024-01-31T20:12:03.995+0000] {logging_mixin.py:188} INFO - [2024-01-31T20:12:03.995+0000] {dag.py:3823} INFO - Setting next_dagrun for welcome_dag to 2024-01-30 23:00:00+00:00, run_after=2024-01-31 23:00:00+00:00
[2024-01-31T20:12:04.100+0000] {processor.py:183} INFO - Processing /opt/airflow/dags/Batch.py took 0.217 seconds
[2024-01-31T20:12:34.822+0000] {processor.py:161} INFO - Started process (PID=70) to work on /opt/airflow/dags/Batch.py
[2024-01-31T20:12:34.824+0000] {processor.py:830} INFO - Processing file /opt/airflow/dags/Batch.py for tasks to queue
[2024-01-31T20:12:34.825+0000] {logging_mixin.py:188} INFO - [2024-01-31T20:12:34.825+0000] {dagbag.py:538} INFO - Filling up the DagBag from /opt/airflow/dags/Batch.py
[2024-01-31T20:12:34.854+0000] {processor.py:840} INFO - DAG(s) 'welcome_dag' retrieved from /opt/airflow/dags/Batch.py
[2024-01-31T20:12:34.893+0000] {logging_mixin.py:188} INFO - [2024-01-31T20:12:34.892+0000] {dag.py:3036} INFO - Sync 1 DAGs
[2024-01-31T20:12:34.925+0000] {logging_mixin.py:188} INFO - [2024-01-31T20:12:34.924+0000] {dag.py:3823} INFO - Setting next_dagrun for welcome_dag to 2024-01-30 23:00:00+00:00, run_after=2024-01-31 23:00:00+00:00
[2024-01-31T20:12:34.986+0000] {processor.py:183} INFO - Processing /opt/airflow/dags/Batch.py took 0.167 seconds
[2024-01-31T20:13:05.692+0000] {processor.py:161} INFO - Started process (PID=71) to work on /opt/airflow/dags/Batch.py
[2024-01-31T20:13:05.695+0000] {processor.py:830} INFO - Processing file /opt/airflow/dags/Batch.py for tasks to queue
[2024-01-31T20:13:05.696+0000] {logging_mixin.py:188} INFO - [2024-01-31T20:13:05.696+0000] {dagbag.py:538} INFO - Filling up the DagBag from /opt/airflow/dags/Batch.py
[2024-01-31T20:13:05.728+0000] {processor.py:840} INFO - DAG(s) 'welcome_dag' retrieved from /opt/airflow/dags/Batch.py
[2024-01-31T20:13:05.757+0000] {logging_mixin.py:188} INFO - [2024-01-31T20:13:05.757+0000] {dag.py:3036} INFO - Sync 1 DAGs
[2024-01-31T20:13:05.784+0000] {logging_mixin.py:188} INFO - [2024-01-31T20:13:05.784+0000] {dag.py:3823} INFO - Setting next_dagrun for welcome_dag to 2024-01-30 23:00:00+00:00, run_after=2024-01-31 23:00:00+00:00
[2024-01-31T20:13:05.863+0000] {processor.py:183} INFO - Processing /opt/airflow/dags/Batch.py took 0.178 seconds
[2024-01-31T20:13:36.483+0000] {processor.py:161} INFO - Started process (PID=72) to work on /opt/airflow/dags/Batch.py
[2024-01-31T20:13:36.484+0000] {processor.py:830} INFO - Processing file /opt/airflow/dags/Batch.py for tasks to queue
[2024-01-31T20:13:36.485+0000] {logging_mixin.py:188} INFO - [2024-01-31T20:13:36.485+0000] {dagbag.py:538} INFO - Filling up the DagBag from /opt/airflow/dags/Batch.py
[2024-01-31T20:13:36.510+0000] {processor.py:840} INFO - DAG(s) 'welcome_dag' retrieved from /opt/airflow/dags/Batch.py
[2024-01-31T20:13:36.537+0000] {logging_mixin.py:188} INFO - [2024-01-31T20:13:36.537+0000] {dag.py:3036} INFO - Sync 1 DAGs
[2024-01-31T20:13:36.563+0000] {logging_mixin.py:188} INFO - [2024-01-31T20:13:36.563+0000] {dag.py:3823} INFO - Setting next_dagrun for welcome_dag to 2024-01-30 23:00:00+00:00, run_after=2024-01-31 23:00:00+00:00
[2024-01-31T20:13:36.641+0000] {processor.py:183} INFO - Processing /opt/airflow/dags/Batch.py took 0.161 seconds
[2024-01-31T20:14:07.374+0000] {processor.py:161} INFO - Started process (PID=73) to work on /opt/airflow/dags/Batch.py
[2024-01-31T20:14:07.376+0000] {processor.py:830} INFO - Processing file /opt/airflow/dags/Batch.py for tasks to queue
[2024-01-31T20:14:07.377+0000] {logging_mixin.py:188} INFO - [2024-01-31T20:14:07.376+0000] {dagbag.py:538} INFO - Filling up the DagBag from /opt/airflow/dags/Batch.py
[2024-01-31T20:14:07.402+0000] {processor.py:840} INFO - DAG(s) 'welcome_dag' retrieved from /opt/airflow/dags/Batch.py
[2024-01-31T20:14:07.432+0000] {logging_mixin.py:188} INFO - [2024-01-31T20:14:07.432+0000] {dag.py:3036} INFO - Sync 1 DAGs
[2024-01-31T20:14:07.460+0000] {logging_mixin.py:188} INFO - [2024-01-31T20:14:07.460+0000] {dag.py:3823} INFO - Setting next_dagrun for welcome_dag to 2024-01-30 23:00:00+00:00, run_after=2024-01-31 23:00:00+00:00
[2024-01-31T20:14:07.540+0000] {processor.py:183} INFO - Processing /opt/airflow/dags/Batch.py took 0.169 seconds
[2024-01-31T20:14:38.243+0000] {processor.py:161} INFO - Started process (PID=74) to work on /opt/airflow/dags/Batch.py
[2024-01-31T20:14:38.245+0000] {processor.py:830} INFO - Processing file /opt/airflow/dags/Batch.py for tasks to queue
[2024-01-31T20:14:38.246+0000] {logging_mixin.py:188} INFO - [2024-01-31T20:14:38.246+0000] {dagbag.py:538} INFO - Filling up the DagBag from /opt/airflow/dags/Batch.py
[2024-01-31T20:14:38.299+0000] {processor.py:840} INFO - DAG(s) 'welcome_dag' retrieved from /opt/airflow/dags/Batch.py
[2024-01-31T20:14:38.337+0000] {logging_mixin.py:188} INFO - [2024-01-31T20:14:38.337+0000] {dag.py:3036} INFO - Sync 1 DAGs
[2024-01-31T20:14:38.370+0000] {logging_mixin.py:188} INFO - [2024-01-31T20:14:38.370+0000] {dag.py:3823} INFO - Setting next_dagrun for welcome_dag to 2024-01-30 23:00:00+00:00, run_after=2024-01-31 23:00:00+00:00
[2024-01-31T20:14:38.456+0000] {processor.py:183} INFO - Processing /opt/airflow/dags/Batch.py took 0.216 seconds
[2024-01-31T20:15:09.009+0000] {processor.py:161} INFO - Started process (PID=75) to work on /opt/airflow/dags/Batch.py
[2024-01-31T20:15:09.012+0000] {processor.py:830} INFO - Processing file /opt/airflow/dags/Batch.py for tasks to queue
[2024-01-31T20:15:09.016+0000] {logging_mixin.py:188} INFO - [2024-01-31T20:15:09.016+0000] {dagbag.py:538} INFO - Filling up the DagBag from /opt/airflow/dags/Batch.py
[2024-01-31T20:15:09.050+0000] {processor.py:840} INFO - DAG(s) 'welcome_dag' retrieved from /opt/airflow/dags/Batch.py
[2024-01-31T20:15:09.084+0000] {logging_mixin.py:188} INFO - [2024-01-31T20:15:09.083+0000] {dag.py:3036} INFO - Sync 1 DAGs
[2024-01-31T20:15:09.111+0000] {logging_mixin.py:188} INFO - [2024-01-31T20:15:09.111+0000] {dag.py:3823} INFO - Setting next_dagrun for welcome_dag to 2024-01-30 23:00:00+00:00, run_after=2024-01-31 23:00:00+00:00
[2024-01-31T20:15:09.173+0000] {processor.py:183} INFO - Processing /opt/airflow/dags/Batch.py took 0.167 seconds
[2024-01-31T21:20:53.986+0000] {processor.py:161} INFO - Started process (PID=80) to work on /opt/airflow/dags/Batch.py
[2024-01-31T21:20:53.990+0000] {processor.py:830} INFO - Processing file /opt/airflow/dags/Batch.py for tasks to queue
[2024-01-31T21:20:53.993+0000] {logging_mixin.py:188} INFO - [2024-01-31T21:20:53.992+0000] {dagbag.py:538} INFO - Filling up the DagBag from /opt/airflow/dags/Batch.py
[2024-01-31T21:20:54.033+0000] {processor.py:840} INFO - DAG(s) 'welcome_dag' retrieved from /opt/airflow/dags/Batch.py
[2024-01-31T21:20:54.070+0000] {logging_mixin.py:188} INFO - [2024-01-31T21:20:54.070+0000] {dag.py:3036} INFO - Sync 1 DAGs
[2024-01-31T21:20:54.100+0000] {logging_mixin.py:188} INFO - [2024-01-31T21:20:54.099+0000] {dag.py:3823} INFO - Setting next_dagrun for welcome_dag to 2024-01-30 23:00:00+00:00, run_after=2024-01-31 23:00:00+00:00
[2024-01-31T21:20:54.164+0000] {processor.py:183} INFO - Processing /opt/airflow/dags/Batch.py took 0.188 seconds
[2024-01-31T21:21:24.985+0000] {processor.py:161} INFO - Started process (PID=81) to work on /opt/airflow/dags/Batch.py
[2024-01-31T21:21:24.988+0000] {processor.py:830} INFO - Processing file /opt/airflow/dags/Batch.py for tasks to queue
[2024-01-31T21:21:24.990+0000] {logging_mixin.py:188} INFO - [2024-01-31T21:21:24.990+0000] {dagbag.py:538} INFO - Filling up the DagBag from /opt/airflow/dags/Batch.py
[2024-01-31T21:21:25.033+0000] {processor.py:840} INFO - DAG(s) 'welcome_dag' retrieved from /opt/airflow/dags/Batch.py
[2024-01-31T21:21:25.074+0000] {logging_mixin.py:188} INFO - [2024-01-31T21:21:25.074+0000] {dag.py:3036} INFO - Sync 1 DAGs
[2024-01-31T21:21:25.110+0000] {logging_mixin.py:188} INFO - [2024-01-31T21:21:25.110+0000] {dag.py:3823} INFO - Setting next_dagrun for welcome_dag to 2024-01-30 23:00:00+00:00, run_after=2024-01-31 23:00:00+00:00
[2024-01-31T21:21:25.191+0000] {processor.py:183} INFO - Processing /opt/airflow/dags/Batch.py took 0.212 seconds
[2024-01-31T21:21:55.646+0000] {processor.py:161} INFO - Started process (PID=82) to work on /opt/airflow/dags/Batch.py
[2024-01-31T21:21:55.648+0000] {processor.py:830} INFO - Processing file /opt/airflow/dags/Batch.py for tasks to queue
[2024-01-31T21:21:55.650+0000] {logging_mixin.py:188} INFO - [2024-01-31T21:21:55.649+0000] {dagbag.py:538} INFO - Filling up the DagBag from /opt/airflow/dags/Batch.py
[2024-01-31T21:21:55.697+0000] {processor.py:840} INFO - DAG(s) 'welcome_dag' retrieved from /opt/airflow/dags/Batch.py
[2024-01-31T21:21:55.745+0000] {logging_mixin.py:188} INFO - [2024-01-31T21:21:55.744+0000] {dag.py:3036} INFO - Sync 1 DAGs
[2024-01-31T21:21:55.786+0000] {logging_mixin.py:188} INFO - [2024-01-31T21:21:55.786+0000] {dag.py:3823} INFO - Setting next_dagrun for welcome_dag to 2024-01-30 23:00:00+00:00, run_after=2024-01-31 23:00:00+00:00
[2024-01-31T21:21:55.858+0000] {processor.py:183} INFO - Processing /opt/airflow/dags/Batch.py took 0.214 seconds
[2024-01-31T21:22:26.339+0000] {processor.py:161} INFO - Started process (PID=83) to work on /opt/airflow/dags/Batch.py
[2024-01-31T21:22:26.341+0000] {processor.py:830} INFO - Processing file /opt/airflow/dags/Batch.py for tasks to queue
[2024-01-31T21:22:26.342+0000] {logging_mixin.py:188} INFO - [2024-01-31T21:22:26.342+0000] {dagbag.py:538} INFO - Filling up the DagBag from /opt/airflow/dags/Batch.py
[2024-01-31T21:22:26.379+0000] {processor.py:840} INFO - DAG(s) 'welcome_dag' retrieved from /opt/airflow/dags/Batch.py
[2024-01-31T21:22:26.409+0000] {logging_mixin.py:188} INFO - [2024-01-31T21:22:26.408+0000] {dag.py:3036} INFO - Sync 1 DAGs
[2024-01-31T21:22:26.435+0000] {logging_mixin.py:188} INFO - [2024-01-31T21:22:26.434+0000] {dag.py:3823} INFO - Setting next_dagrun for welcome_dag to 2024-01-30 23:00:00+00:00, run_after=2024-01-31 23:00:00+00:00
[2024-01-31T21:22:26.500+0000] {processor.py:183} INFO - Processing /opt/airflow/dags/Batch.py took 0.164 seconds
[2024-01-31T21:22:57.286+0000] {processor.py:161} INFO - Started process (PID=84) to work on /opt/airflow/dags/Batch.py
[2024-01-31T21:22:57.290+0000] {processor.py:830} INFO - Processing file /opt/airflow/dags/Batch.py for tasks to queue
[2024-01-31T21:22:57.292+0000] {logging_mixin.py:188} INFO - [2024-01-31T21:22:57.292+0000] {dagbag.py:538} INFO - Filling up the DagBag from /opt/airflow/dags/Batch.py
[2024-01-31T21:22:57.369+0000] {processor.py:840} INFO - DAG(s) 'welcome_dag' retrieved from /opt/airflow/dags/Batch.py
[2024-01-31T21:22:57.430+0000] {logging_mixin.py:188} INFO - [2024-01-31T21:22:57.429+0000] {dag.py:3036} INFO - Sync 1 DAGs
[2024-01-31T21:22:57.476+0000] {logging_mixin.py:188} INFO - [2024-01-31T21:22:57.476+0000] {dag.py:3823} INFO - Setting next_dagrun for welcome_dag to 2024-01-30 23:00:00+00:00, run_after=2024-01-31 23:00:00+00:00
[2024-01-31T21:22:57.582+0000] {processor.py:183} INFO - Processing /opt/airflow/dags/Batch.py took 0.305 seconds
[2024-01-31T21:23:27.957+0000] {processor.py:161} INFO - Started process (PID=85) to work on /opt/airflow/dags/Batch.py
[2024-01-31T21:23:27.962+0000] {processor.py:830} INFO - Processing file /opt/airflow/dags/Batch.py for tasks to queue
[2024-01-31T21:23:27.964+0000] {logging_mixin.py:188} INFO - [2024-01-31T21:23:27.963+0000] {dagbag.py:538} INFO - Filling up the DagBag from /opt/airflow/dags/Batch.py
[2024-01-31T21:23:27.997+0000] {processor.py:840} INFO - DAG(s) 'welcome_dag' retrieved from /opt/airflow/dags/Batch.py
[2024-01-31T21:23:28.032+0000] {logging_mixin.py:188} INFO - [2024-01-31T21:23:28.031+0000] {dag.py:3036} INFO - Sync 1 DAGs
[2024-01-31T21:23:28.061+0000] {logging_mixin.py:188} INFO - [2024-01-31T21:23:28.061+0000] {dag.py:3823} INFO - Setting next_dagrun for welcome_dag to 2024-01-30 23:00:00+00:00, run_after=2024-01-31 23:00:00+00:00
[2024-01-31T21:23:28.130+0000] {processor.py:183} INFO - Processing /opt/airflow/dags/Batch.py took 0.188 seconds
[2024-01-31T21:23:52.828+0000] {processor.py:161} INFO - Started process (PID=86) to work on /opt/airflow/dags/Batch.py
[2024-01-31T21:23:52.830+0000] {processor.py:830} INFO - Processing file /opt/airflow/dags/Batch.py for tasks to queue
[2024-01-31T21:23:52.831+0000] {logging_mixin.py:188} INFO - [2024-01-31T21:23:52.831+0000] {dagbag.py:538} INFO - Filling up the DagBag from /opt/airflow/dags/Batch.py
[2024-01-31T21:23:52.926+0000] {processor.py:840} INFO - DAG(s) 'welcome_dag' retrieved from /opt/airflow/dags/Batch.py
[2024-01-31T21:23:52.971+0000] {logging_mixin.py:188} INFO - [2024-01-31T21:23:52.971+0000] {dag.py:3036} INFO - Sync 1 DAGs
[2024-01-31T21:23:53.012+0000] {logging_mixin.py:188} INFO - [2024-01-31T21:23:53.011+0000] {dag.py:3823} INFO - Setting next_dagrun for welcome_dag to 2024-01-30 23:00:00+00:00, run_after=2024-01-31 23:00:00+00:00
[2024-01-31T21:23:53.152+0000] {processor.py:183} INFO - Processing /opt/airflow/dags/Batch.py took 0.331 seconds
[2024-01-31T21:24:26.280+0000] {processor.py:161} INFO - Started process (PID=54) to work on /opt/airflow/dags/Batch.py
[2024-01-31T21:24:26.281+0000] {processor.py:830} INFO - Processing file /opt/airflow/dags/Batch.py for tasks to queue
[2024-01-31T21:24:26.284+0000] {logging_mixin.py:188} INFO - [2024-01-31T21:24:26.282+0000] {dagbag.py:538} INFO - Filling up the DagBag from /opt/airflow/dags/Batch.py
[2024-01-31T21:24:26.324+0000] {processor.py:840} INFO - DAG(s) 'welcome_dag' retrieved from /opt/airflow/dags/Batch.py
[2024-01-31T21:24:26.383+0000] {logging_mixin.py:188} INFO - [2024-01-31T21:24:26.383+0000] {dag.py:3036} INFO - Sync 1 DAGs
[2024-01-31T21:24:26.426+0000] {logging_mixin.py:188} INFO - [2024-01-31T21:24:26.426+0000] {dag.py:3823} INFO - Setting next_dagrun for welcome_dag to 2024-01-30 23:00:00+00:00, run_after=2024-01-31 23:00:00+00:00
[2024-01-31T21:24:26.536+0000] {processor.py:183} INFO - Processing /opt/airflow/dags/Batch.py took 0.262 seconds
[2024-01-31T21:24:56.782+0000] {processor.py:161} INFO - Started process (PID=66) to work on /opt/airflow/dags/Batch.py
[2024-01-31T21:24:56.784+0000] {processor.py:830} INFO - Processing file /opt/airflow/dags/Batch.py for tasks to queue
[2024-01-31T21:24:56.786+0000] {logging_mixin.py:188} INFO - [2024-01-31T21:24:56.785+0000] {dagbag.py:538} INFO - Filling up the DagBag from /opt/airflow/dags/Batch.py
[2024-01-31T21:24:56.828+0000] {processor.py:840} INFO - DAG(s) 'welcome_dag' retrieved from /opt/airflow/dags/Batch.py
[2024-01-31T21:24:57.003+0000] {logging_mixin.py:188} INFO - [2024-01-31T21:24:57.003+0000] {dag.py:3036} INFO - Sync 1 DAGs
[2024-01-31T21:24:57.034+0000] {logging_mixin.py:188} INFO - [2024-01-31T21:24:57.034+0000] {dag.py:3823} INFO - Setting next_dagrun for welcome_dag to 2024-01-30 23:00:00+00:00, run_after=2024-01-31 23:00:00+00:00
[2024-01-31T21:24:57.114+0000] {processor.py:183} INFO - Processing /opt/airflow/dags/Batch.py took 0.336 seconds
[2024-01-31T21:25:27.925+0000] {processor.py:161} INFO - Started process (PID=67) to work on /opt/airflow/dags/Batch.py
[2024-01-31T21:25:27.926+0000] {processor.py:830} INFO - Processing file /opt/airflow/dags/Batch.py for tasks to queue
[2024-01-31T21:25:27.927+0000] {logging_mixin.py:188} INFO - [2024-01-31T21:25:27.927+0000] {dagbag.py:538} INFO - Filling up the DagBag from /opt/airflow/dags/Batch.py
[2024-01-31T21:25:27.955+0000] {processor.py:840} INFO - DAG(s) 'welcome_dag' retrieved from /opt/airflow/dags/Batch.py
[2024-01-31T21:25:27.984+0000] {logging_mixin.py:188} INFO - [2024-01-31T21:25:27.984+0000] {dag.py:3036} INFO - Sync 1 DAGs
[2024-01-31T21:25:28.011+0000] {logging_mixin.py:188} INFO - [2024-01-31T21:25:28.010+0000] {dag.py:3823} INFO - Setting next_dagrun for welcome_dag to 2024-01-30 23:00:00+00:00, run_after=2024-01-31 23:00:00+00:00
[2024-01-31T21:25:28.071+0000] {processor.py:183} INFO - Processing /opt/airflow/dags/Batch.py took 0.149 seconds
[2024-01-31T21:25:59.029+0000] {processor.py:161} INFO - Started process (PID=68) to work on /opt/airflow/dags/Batch.py
[2024-01-31T21:25:59.030+0000] {processor.py:830} INFO - Processing file /opt/airflow/dags/Batch.py for tasks to queue
[2024-01-31T21:25:59.031+0000] {logging_mixin.py:188} INFO - [2024-01-31T21:25:59.031+0000] {dagbag.py:538} INFO - Filling up the DagBag from /opt/airflow/dags/Batch.py
[2024-01-31T21:25:59.069+0000] {processor.py:840} INFO - DAG(s) 'welcome_dag' retrieved from /opt/airflow/dags/Batch.py
[2024-01-31T21:25:59.100+0000] {logging_mixin.py:188} INFO - [2024-01-31T21:25:59.100+0000] {dag.py:3036} INFO - Sync 1 DAGs
[2024-01-31T21:25:59.130+0000] {logging_mixin.py:188} INFO - [2024-01-31T21:25:59.130+0000] {dag.py:3823} INFO - Setting next_dagrun for welcome_dag to 2024-01-30 23:00:00+00:00, run_after=2024-01-31 23:00:00+00:00
[2024-01-31T21:25:59.210+0000] {processor.py:183} INFO - Processing /opt/airflow/dags/Batch.py took 0.190 seconds
[2024-01-31T21:26:29.560+0000] {processor.py:161} INFO - Started process (PID=69) to work on /opt/airflow/dags/Batch.py
[2024-01-31T21:26:29.561+0000] {processor.py:830} INFO - Processing file /opt/airflow/dags/Batch.py for tasks to queue
[2024-01-31T21:26:29.562+0000] {logging_mixin.py:188} INFO - [2024-01-31T21:26:29.562+0000] {dagbag.py:538} INFO - Filling up the DagBag from /opt/airflow/dags/Batch.py
[2024-01-31T21:26:29.605+0000] {processor.py:840} INFO - DAG(s) 'welcome_dag' retrieved from /opt/airflow/dags/Batch.py
[2024-01-31T21:26:29.643+0000] {logging_mixin.py:188} INFO - [2024-01-31T21:26:29.643+0000] {dag.py:3036} INFO - Sync 1 DAGs
[2024-01-31T21:26:29.678+0000] {logging_mixin.py:188} INFO - [2024-01-31T21:26:29.678+0000] {dag.py:3823} INFO - Setting next_dagrun for welcome_dag to 2024-01-30 23:00:00+00:00, run_after=2024-01-31 23:00:00+00:00
[2024-01-31T21:26:29.736+0000] {processor.py:183} INFO - Processing /opt/airflow/dags/Batch.py took 0.181 seconds
[2024-01-31T21:27:00.949+0000] {processor.py:161} INFO - Started process (PID=70) to work on /opt/airflow/dags/Batch.py
[2024-01-31T21:27:00.951+0000] {processor.py:830} INFO - Processing file /opt/airflow/dags/Batch.py for tasks to queue
[2024-01-31T21:27:00.952+0000] {logging_mixin.py:188} INFO - [2024-01-31T21:27:00.952+0000] {dagbag.py:538} INFO - Filling up the DagBag from /opt/airflow/dags/Batch.py
[2024-01-31T21:27:00.990+0000] {processor.py:840} INFO - DAG(s) 'welcome_dag' retrieved from /opt/airflow/dags/Batch.py
[2024-01-31T21:27:01.024+0000] {logging_mixin.py:188} INFO - [2024-01-31T21:27:01.023+0000] {dag.py:3036} INFO - Sync 1 DAGs
[2024-01-31T21:27:01.056+0000] {logging_mixin.py:188} INFO - [2024-01-31T21:27:01.055+0000] {dag.py:3823} INFO - Setting next_dagrun for welcome_dag to 2024-01-30 23:00:00+00:00, run_after=2024-01-31 23:00:00+00:00
[2024-01-31T21:27:01.147+0000] {processor.py:183} INFO - Processing /opt/airflow/dags/Batch.py took 0.201 seconds
[2024-01-31T21:27:32.130+0000] {processor.py:161} INFO - Started process (PID=71) to work on /opt/airflow/dags/Batch.py
[2024-01-31T21:27:32.132+0000] {processor.py:830} INFO - Processing file /opt/airflow/dags/Batch.py for tasks to queue
[2024-01-31T21:27:32.133+0000] {logging_mixin.py:188} INFO - [2024-01-31T21:27:32.132+0000] {dagbag.py:538} INFO - Filling up the DagBag from /opt/airflow/dags/Batch.py
[2024-01-31T21:27:32.165+0000] {processor.py:840} INFO - DAG(s) 'welcome_dag' retrieved from /opt/airflow/dags/Batch.py
[2024-01-31T21:27:32.193+0000] {logging_mixin.py:188} INFO - [2024-01-31T21:27:32.193+0000] {dag.py:3036} INFO - Sync 1 DAGs
[2024-01-31T21:27:32.224+0000] {logging_mixin.py:188} INFO - [2024-01-31T21:27:32.224+0000] {dag.py:3823} INFO - Setting next_dagrun for welcome_dag to 2024-01-30 23:00:00+00:00, run_after=2024-01-31 23:00:00+00:00
[2024-01-31T21:27:32.346+0000] {processor.py:183} INFO - Processing /opt/airflow/dags/Batch.py took 0.218 seconds
[2024-01-31T21:28:02.665+0000] {processor.py:161} INFO - Started process (PID=72) to work on /opt/airflow/dags/Batch.py
[2024-01-31T21:28:02.669+0000] {processor.py:830} INFO - Processing file /opt/airflow/dags/Batch.py for tasks to queue
[2024-01-31T21:28:02.671+0000] {logging_mixin.py:188} INFO - [2024-01-31T21:28:02.670+0000] {dagbag.py:538} INFO - Filling up the DagBag from /opt/airflow/dags/Batch.py
[2024-01-31T21:28:02.713+0000] {processor.py:840} INFO - DAG(s) 'welcome_dag' retrieved from /opt/airflow/dags/Batch.py
[2024-01-31T21:28:02.750+0000] {logging_mixin.py:188} INFO - [2024-01-31T21:28:02.750+0000] {dag.py:3036} INFO - Sync 1 DAGs
[2024-01-31T21:28:02.780+0000] {logging_mixin.py:188} INFO - [2024-01-31T21:28:02.779+0000] {dag.py:3823} INFO - Setting next_dagrun for welcome_dag to 2024-01-30 23:00:00+00:00, run_after=2024-01-31 23:00:00+00:00
[2024-01-31T21:28:02.845+0000] {processor.py:183} INFO - Processing /opt/airflow/dags/Batch.py took 0.190 seconds
[2024-01-31T21:28:34.113+0000] {processor.py:161} INFO - Started process (PID=79) to work on /opt/airflow/dags/Batch.py
[2024-01-31T21:28:34.129+0000] {processor.py:830} INFO - Processing file /opt/airflow/dags/Batch.py for tasks to queue
[2024-01-31T21:28:34.135+0000] {logging_mixin.py:188} INFO - [2024-01-31T21:28:34.131+0000] {dagbag.py:538} INFO - Filling up the DagBag from /opt/airflow/dags/Batch.py
[2024-01-31T21:28:34.525+0000] {processor.py:840} INFO - DAG(s) 'welcome_dag' retrieved from /opt/airflow/dags/Batch.py
[2024-01-31T21:28:34.753+0000] {logging_mixin.py:188} INFO - [2024-01-31T21:28:34.751+0000] {dag.py:3036} INFO - Sync 1 DAGs
[2024-01-31T21:28:34.925+0000] {logging_mixin.py:188} INFO - [2024-01-31T21:28:34.925+0000] {dag.py:3823} INFO - Setting next_dagrun for welcome_dag to 2024-01-30 23:00:00+00:00, run_after=2024-01-31 23:00:00+00:00
[2024-01-31T21:28:35.089+0000] {processor.py:183} INFO - Processing /opt/airflow/dags/Batch.py took 1.041 seconds
[2024-01-31T21:29:06.236+0000] {processor.py:161} INFO - Started process (PID=80) to work on /opt/airflow/dags/Batch.py
[2024-01-31T21:29:06.248+0000] {processor.py:830} INFO - Processing file /opt/airflow/dags/Batch.py for tasks to queue
[2024-01-31T21:29:06.358+0000] {logging_mixin.py:188} INFO - [2024-01-31T21:29:06.254+0000] {dagbag.py:538} INFO - Filling up the DagBag from /opt/airflow/dags/Batch.py
[2024-01-31T21:29:07.040+0000] {processor.py:840} INFO - DAG(s) 'welcome_dag' retrieved from /opt/airflow/dags/Batch.py
[2024-01-31T21:29:07.490+0000] {logging_mixin.py:188} INFO - [2024-01-31T21:29:07.490+0000] {dag.py:3036} INFO - Sync 1 DAGs
[2024-01-31T21:29:07.622+0000] {logging_mixin.py:188} INFO - [2024-01-31T21:29:07.621+0000] {dag.py:3823} INFO - Setting next_dagrun for welcome_dag to 2024-01-30 23:00:00+00:00, run_after=2024-01-31 23:00:00+00:00
[2024-01-31T21:29:07.733+0000] {processor.py:183} INFO - Processing /opt/airflow/dags/Batch.py took 1.616 seconds
[2024-01-31T21:50:55.050+0000] {processor.py:161} INFO - Started process (PID=57) to work on /opt/airflow/dags/Batch.py
[2024-01-31T21:50:55.060+0000] {processor.py:830} INFO - Processing file /opt/airflow/dags/Batch.py for tasks to queue
[2024-01-31T21:50:55.063+0000] {logging_mixin.py:188} INFO - [2024-01-31T21:50:55.062+0000] {dagbag.py:538} INFO - Filling up the DagBag from /opt/airflow/dags/Batch.py
[2024-01-31T21:50:55.489+0000] {processor.py:840} INFO - DAG(s) 'welcome_dag' retrieved from /opt/airflow/dags/Batch.py
[2024-01-31T21:50:55.577+0000] {logging_mixin.py:188} INFO - [2024-01-31T21:50:55.576+0000] {dag.py:3036} INFO - Sync 1 DAGs
[2024-01-31T21:50:55.730+0000] {logging_mixin.py:188} INFO - [2024-01-31T21:50:55.729+0000] {dag.py:3823} INFO - Setting next_dagrun for welcome_dag to 2024-01-30 23:00:00+00:00, run_after=2024-01-31 23:00:00+00:00
[2024-01-31T21:50:56.034+0000] {processor.py:183} INFO - Processing /opt/airflow/dags/Batch.py took 0.984 seconds
[2024-01-31T21:51:26.167+0000] {processor.py:161} INFO - Started process (PID=66) to work on /opt/airflow/dags/Batch.py
[2024-01-31T21:51:26.169+0000] {processor.py:830} INFO - Processing file /opt/airflow/dags/Batch.py for tasks to queue
[2024-01-31T21:51:26.171+0000] {logging_mixin.py:188} INFO - [2024-01-31T21:51:26.170+0000] {dagbag.py:538} INFO - Filling up the DagBag from /opt/airflow/dags/Batch.py
[2024-01-31T21:51:26.205+0000] {processor.py:840} INFO - DAG(s) 'welcome_dag' retrieved from /opt/airflow/dags/Batch.py
[2024-01-31T21:51:26.361+0000] {logging_mixin.py:188} INFO - [2024-01-31T21:51:26.361+0000] {dag.py:3036} INFO - Sync 1 DAGs
[2024-01-31T21:51:26.395+0000] {logging_mixin.py:188} INFO - [2024-01-31T21:51:26.394+0000] {dag.py:3823} INFO - Setting next_dagrun for welcome_dag to 2024-01-30 23:00:00+00:00, run_after=2024-01-31 23:00:00+00:00
[2024-01-31T21:51:26.505+0000] {processor.py:183} INFO - Processing /opt/airflow/dags/Batch.py took 0.342 seconds
[2024-01-31T21:51:56.924+0000] {processor.py:161} INFO - Started process (PID=67) to work on /opt/airflow/dags/Batch.py
[2024-01-31T21:51:56.929+0000] {processor.py:830} INFO - Processing file /opt/airflow/dags/Batch.py for tasks to queue
[2024-01-31T21:51:56.933+0000] {logging_mixin.py:188} INFO - [2024-01-31T21:51:56.932+0000] {dagbag.py:538} INFO - Filling up the DagBag from /opt/airflow/dags/Batch.py
[2024-01-31T21:51:57.015+0000] {processor.py:840} INFO - DAG(s) 'welcome_dag' retrieved from /opt/airflow/dags/Batch.py
[2024-01-31T21:51:57.064+0000] {logging_mixin.py:188} INFO - [2024-01-31T21:51:57.064+0000] {dag.py:3036} INFO - Sync 1 DAGs
[2024-01-31T21:51:57.112+0000] {logging_mixin.py:188} INFO - [2024-01-31T21:51:57.111+0000] {dag.py:3823} INFO - Setting next_dagrun for welcome_dag to 2024-01-30 23:00:00+00:00, run_after=2024-01-31 23:00:00+00:00
[2024-01-31T21:51:57.262+0000] {processor.py:183} INFO - Processing /opt/airflow/dags/Batch.py took 0.360 seconds
[2024-01-31T21:52:27.588+0000] {processor.py:161} INFO - Started process (PID=68) to work on /opt/airflow/dags/Batch.py
[2024-01-31T21:52:27.591+0000] {processor.py:830} INFO - Processing file /opt/airflow/dags/Batch.py for tasks to queue
[2024-01-31T21:52:27.595+0000] {logging_mixin.py:188} INFO - [2024-01-31T21:52:27.593+0000] {dagbag.py:538} INFO - Filling up the DagBag from /opt/airflow/dags/Batch.py
[2024-01-31T21:52:27.906+0000] {processor.py:840} INFO - DAG(s) 'welcome_dag' retrieved from /opt/airflow/dags/Batch.py
[2024-01-31T21:52:27.971+0000] {logging_mixin.py:188} INFO - [2024-01-31T21:52:27.970+0000] {dag.py:3036} INFO - Sync 1 DAGs
[2024-01-31T21:52:28.029+0000] {logging_mixin.py:188} INFO - [2024-01-31T21:52:28.029+0000] {dag.py:3823} INFO - Setting next_dagrun for welcome_dag to 2024-01-30 23:00:00+00:00, run_after=2024-01-31 23:00:00+00:00
[2024-01-31T21:52:28.125+0000] {processor.py:183} INFO - Processing /opt/airflow/dags/Batch.py took 0.542 seconds
[2024-01-31T21:52:58.393+0000] {processor.py:161} INFO - Started process (PID=69) to work on /opt/airflow/dags/Batch.py
[2024-01-31T21:52:58.397+0000] {processor.py:830} INFO - Processing file /opt/airflow/dags/Batch.py for tasks to queue
[2024-01-31T21:52:58.401+0000] {logging_mixin.py:188} INFO - [2024-01-31T21:52:58.399+0000] {dagbag.py:538} INFO - Filling up the DagBag from /opt/airflow/dags/Batch.py
[2024-01-31T21:52:58.491+0000] {processor.py:840} INFO - DAG(s) 'welcome_dag' retrieved from /opt/airflow/dags/Batch.py
[2024-01-31T21:52:58.558+0000] {logging_mixin.py:188} INFO - [2024-01-31T21:52:58.558+0000] {dag.py:3036} INFO - Sync 1 DAGs
[2024-01-31T21:52:58.611+0000] {logging_mixin.py:188} INFO - [2024-01-31T21:52:58.611+0000] {dag.py:3823} INFO - Setting next_dagrun for welcome_dag to 2024-01-30 23:00:00+00:00, run_after=2024-01-31 23:00:00+00:00
[2024-01-31T21:52:58.730+0000] {processor.py:183} INFO - Processing /opt/airflow/dags/Batch.py took 0.350 seconds
[2024-01-31T21:53:29.408+0000] {processor.py:161} INFO - Started process (PID=70) to work on /opt/airflow/dags/Batch.py
[2024-01-31T21:53:29.410+0000] {processor.py:830} INFO - Processing file /opt/airflow/dags/Batch.py for tasks to queue
[2024-01-31T21:53:29.412+0000] {logging_mixin.py:188} INFO - [2024-01-31T21:53:29.412+0000] {dagbag.py:538} INFO - Filling up the DagBag from /opt/airflow/dags/Batch.py
[2024-01-31T21:53:29.459+0000] {processor.py:840} INFO - DAG(s) 'welcome_dag' retrieved from /opt/airflow/dags/Batch.py
[2024-01-31T21:53:29.518+0000] {logging_mixin.py:188} INFO - [2024-01-31T21:53:29.518+0000] {dag.py:3036} INFO - Sync 1 DAGs
[2024-01-31T21:53:29.568+0000] {logging_mixin.py:188} INFO - [2024-01-31T21:53:29.567+0000] {dag.py:3823} INFO - Setting next_dagrun for welcome_dag to 2024-01-30 23:00:00+00:00, run_after=2024-01-31 23:00:00+00:00
[2024-01-31T21:53:29.713+0000] {processor.py:183} INFO - Processing /opt/airflow/dags/Batch.py took 0.314 seconds
[2024-01-31T21:54:00.180+0000] {processor.py:161} INFO - Started process (PID=71) to work on /opt/airflow/dags/Batch.py
[2024-01-31T21:54:00.182+0000] {processor.py:830} INFO - Processing file /opt/airflow/dags/Batch.py for tasks to queue
[2024-01-31T21:54:00.184+0000] {logging_mixin.py:188} INFO - [2024-01-31T21:54:00.183+0000] {dagbag.py:538} INFO - Filling up the DagBag from /opt/airflow/dags/Batch.py
[2024-01-31T21:54:00.218+0000] {processor.py:840} INFO - DAG(s) 'welcome_dag' retrieved from /opt/airflow/dags/Batch.py
[2024-01-31T21:54:00.252+0000] {logging_mixin.py:188} INFO - [2024-01-31T21:54:00.252+0000] {dag.py:3036} INFO - Sync 1 DAGs
[2024-01-31T21:54:00.310+0000] {logging_mixin.py:188} INFO - [2024-01-31T21:54:00.310+0000] {dag.py:3823} INFO - Setting next_dagrun for welcome_dag to 2024-01-30 23:00:00+00:00, run_after=2024-01-31 23:00:00+00:00
[2024-01-31T21:54:00.394+0000] {processor.py:183} INFO - Processing /opt/airflow/dags/Batch.py took 0.217 seconds
[2024-01-31T21:54:30.828+0000] {processor.py:161} INFO - Started process (PID=72) to work on /opt/airflow/dags/Batch.py
[2024-01-31T21:54:30.831+0000] {processor.py:830} INFO - Processing file /opt/airflow/dags/Batch.py for tasks to queue
[2024-01-31T21:54:30.833+0000] {logging_mixin.py:188} INFO - [2024-01-31T21:54:30.832+0000] {dagbag.py:538} INFO - Filling up the DagBag from /opt/airflow/dags/Batch.py
[2024-01-31T21:54:30.872+0000] {processor.py:840} INFO - DAG(s) 'welcome_dag' retrieved from /opt/airflow/dags/Batch.py
[2024-01-31T21:54:30.910+0000] {logging_mixin.py:188} INFO - [2024-01-31T21:54:30.910+0000] {dag.py:3036} INFO - Sync 1 DAGs
[2024-01-31T21:54:30.946+0000] {logging_mixin.py:188} INFO - [2024-01-31T21:54:30.946+0000] {dag.py:3823} INFO - Setting next_dagrun for welcome_dag to 2024-01-30 23:00:00+00:00, run_after=2024-01-31 23:00:00+00:00
[2024-01-31T21:54:31.026+0000] {processor.py:183} INFO - Processing /opt/airflow/dags/Batch.py took 0.205 seconds
[2024-01-31T21:55:01.525+0000] {processor.py:161} INFO - Started process (PID=73) to work on /opt/airflow/dags/Batch.py
[2024-01-31T21:55:01.526+0000] {processor.py:830} INFO - Processing file /opt/airflow/dags/Batch.py for tasks to queue
[2024-01-31T21:55:01.527+0000] {logging_mixin.py:188} INFO - [2024-01-31T21:55:01.527+0000] {dagbag.py:538} INFO - Filling up the DagBag from /opt/airflow/dags/Batch.py
[2024-01-31T21:55:01.570+0000] {processor.py:840} INFO - DAG(s) 'welcome_dag' retrieved from /opt/airflow/dags/Batch.py
[2024-01-31T21:55:01.612+0000] {logging_mixin.py:188} INFO - [2024-01-31T21:55:01.612+0000] {dag.py:3036} INFO - Sync 1 DAGs
[2024-01-31T21:55:01.660+0000] {logging_mixin.py:188} INFO - [2024-01-31T21:55:01.660+0000] {dag.py:3823} INFO - Setting next_dagrun for welcome_dag to 2024-01-30 23:00:00+00:00, run_after=2024-01-31 23:00:00+00:00
[2024-01-31T21:55:01.743+0000] {processor.py:183} INFO - Processing /opt/airflow/dags/Batch.py took 0.221 seconds
[2024-01-31T21:55:31.916+0000] {processor.py:161} INFO - Started process (PID=74) to work on /opt/airflow/dags/Batch.py
[2024-01-31T21:55:31.917+0000] {processor.py:830} INFO - Processing file /opt/airflow/dags/Batch.py for tasks to queue
[2024-01-31T21:55:31.919+0000] {logging_mixin.py:188} INFO - [2024-01-31T21:55:31.918+0000] {dagbag.py:538} INFO - Filling up the DagBag from /opt/airflow/dags/Batch.py
[2024-01-31T21:55:31.950+0000] {processor.py:840} INFO - DAG(s) 'welcome_dag' retrieved from /opt/airflow/dags/Batch.py
[2024-01-31T21:55:31.986+0000] {logging_mixin.py:188} INFO - [2024-01-31T21:55:31.986+0000] {dag.py:3036} INFO - Sync 1 DAGs
[2024-01-31T21:55:32.020+0000] {logging_mixin.py:188} INFO - [2024-01-31T21:55:32.019+0000] {dag.py:3823} INFO - Setting next_dagrun for welcome_dag to 2024-01-30 23:00:00+00:00, run_after=2024-01-31 23:00:00+00:00
[2024-01-31T21:55:32.097+0000] {processor.py:183} INFO - Processing /opt/airflow/dags/Batch.py took 0.184 seconds
[2024-01-31T21:56:02.632+0000] {processor.py:161} INFO - Started process (PID=75) to work on /opt/airflow/dags/Batch.py
[2024-01-31T21:56:02.634+0000] {processor.py:830} INFO - Processing file /opt/airflow/dags/Batch.py for tasks to queue
[2024-01-31T21:56:02.635+0000] {logging_mixin.py:188} INFO - [2024-01-31T21:56:02.635+0000] {dagbag.py:538} INFO - Filling up the DagBag from /opt/airflow/dags/Batch.py
[2024-01-31T21:56:02.678+0000] {processor.py:840} INFO - DAG(s) 'welcome_dag' retrieved from /opt/airflow/dags/Batch.py
[2024-01-31T21:56:02.712+0000] {logging_mixin.py:188} INFO - [2024-01-31T21:56:02.712+0000] {dag.py:3036} INFO - Sync 1 DAGs
[2024-01-31T21:56:02.743+0000] {logging_mixin.py:188} INFO - [2024-01-31T21:56:02.743+0000] {dag.py:3823} INFO - Setting next_dagrun for welcome_dag to 2024-01-30 23:00:00+00:00, run_after=2024-01-31 23:00:00+00:00
[2024-01-31T21:56:02.818+0000] {processor.py:183} INFO - Processing /opt/airflow/dags/Batch.py took 0.194 seconds
[2024-01-31T21:56:33.184+0000] {processor.py:161} INFO - Started process (PID=76) to work on /opt/airflow/dags/Batch.py
[2024-01-31T21:56:33.185+0000] {processor.py:830} INFO - Processing file /opt/airflow/dags/Batch.py for tasks to queue
[2024-01-31T21:56:33.186+0000] {logging_mixin.py:188} INFO - [2024-01-31T21:56:33.186+0000] {dagbag.py:538} INFO - Filling up the DagBag from /opt/airflow/dags/Batch.py
[2024-01-31T21:56:33.215+0000] {processor.py:840} INFO - DAG(s) 'welcome_dag' retrieved from /opt/airflow/dags/Batch.py
[2024-01-31T21:56:33.252+0000] {logging_mixin.py:188} INFO - [2024-01-31T21:56:33.252+0000] {dag.py:3036} INFO - Sync 1 DAGs
[2024-01-31T21:56:33.296+0000] {logging_mixin.py:188} INFO - [2024-01-31T21:56:33.296+0000] {dag.py:3823} INFO - Setting next_dagrun for welcome_dag to 2024-01-30 23:00:00+00:00, run_after=2024-01-31 23:00:00+00:00
[2024-01-31T21:56:33.402+0000] {processor.py:183} INFO - Processing /opt/airflow/dags/Batch.py took 0.221 seconds
[2024-01-31T21:57:03.858+0000] {processor.py:161} INFO - Started process (PID=77) to work on /opt/airflow/dags/Batch.py
[2024-01-31T21:57:03.860+0000] {processor.py:830} INFO - Processing file /opt/airflow/dags/Batch.py for tasks to queue
[2024-01-31T21:57:03.862+0000] {logging_mixin.py:188} INFO - [2024-01-31T21:57:03.862+0000] {dagbag.py:538} INFO - Filling up the DagBag from /opt/airflow/dags/Batch.py
[2024-01-31T21:57:03.916+0000] {processor.py:840} INFO - DAG(s) 'welcome_dag' retrieved from /opt/airflow/dags/Batch.py
[2024-01-31T21:57:03.952+0000] {logging_mixin.py:188} INFO - [2024-01-31T21:57:03.952+0000] {dag.py:3036} INFO - Sync 1 DAGs
[2024-01-31T21:57:03.983+0000] {logging_mixin.py:188} INFO - [2024-01-31T21:57:03.982+0000] {dag.py:3823} INFO - Setting next_dagrun for welcome_dag to 2024-01-30 23:00:00+00:00, run_after=2024-01-31 23:00:00+00:00
[2024-01-31T21:57:04.054+0000] {processor.py:183} INFO - Processing /opt/airflow/dags/Batch.py took 0.199 seconds
[2024-01-31T21:57:34.493+0000] {processor.py:161} INFO - Started process (PID=78) to work on /opt/airflow/dags/Batch.py
[2024-01-31T21:57:34.495+0000] {processor.py:830} INFO - Processing file /opt/airflow/dags/Batch.py for tasks to queue
[2024-01-31T21:57:34.496+0000] {logging_mixin.py:188} INFO - [2024-01-31T21:57:34.495+0000] {dagbag.py:538} INFO - Filling up the DagBag from /opt/airflow/dags/Batch.py
[2024-01-31T21:57:34.532+0000] {processor.py:840} INFO - DAG(s) 'welcome_dag' retrieved from /opt/airflow/dags/Batch.py
[2024-01-31T21:57:34.564+0000] {logging_mixin.py:188} INFO - [2024-01-31T21:57:34.564+0000] {dag.py:3036} INFO - Sync 1 DAGs
[2024-01-31T21:57:34.595+0000] {logging_mixin.py:188} INFO - [2024-01-31T21:57:34.594+0000] {dag.py:3823} INFO - Setting next_dagrun for welcome_dag to 2024-01-30 23:00:00+00:00, run_after=2024-01-31 23:00:00+00:00
[2024-01-31T21:57:34.680+0000] {processor.py:183} INFO - Processing /opt/airflow/dags/Batch.py took 0.190 seconds
[2024-01-31T21:58:05.152+0000] {processor.py:161} INFO - Started process (PID=79) to work on /opt/airflow/dags/Batch.py
[2024-01-31T21:58:05.154+0000] {processor.py:830} INFO - Processing file /opt/airflow/dags/Batch.py for tasks to queue
[2024-01-31T21:58:05.155+0000] {logging_mixin.py:188} INFO - [2024-01-31T21:58:05.155+0000] {dagbag.py:538} INFO - Filling up the DagBag from /opt/airflow/dags/Batch.py
[2024-01-31T21:58:05.201+0000] {processor.py:840} INFO - DAG(s) 'welcome_dag' retrieved from /opt/airflow/dags/Batch.py
[2024-01-31T21:58:05.236+0000] {logging_mixin.py:188} INFO - [2024-01-31T21:58:05.235+0000] {dag.py:3036} INFO - Sync 1 DAGs
[2024-01-31T21:58:05.269+0000] {logging_mixin.py:188} INFO - [2024-01-31T21:58:05.268+0000] {dag.py:3823} INFO - Setting next_dagrun for welcome_dag to 2024-01-30 23:00:00+00:00, run_after=2024-01-31 23:00:00+00:00
[2024-01-31T21:58:05.347+0000] {processor.py:183} INFO - Processing /opt/airflow/dags/Batch.py took 0.198 seconds
[2024-01-31T21:58:35.666+0000] {processor.py:161} INFO - Started process (PID=80) to work on /opt/airflow/dags/Batch.py
[2024-01-31T21:58:35.668+0000] {processor.py:830} INFO - Processing file /opt/airflow/dags/Batch.py for tasks to queue
[2024-01-31T21:58:35.670+0000] {logging_mixin.py:188} INFO - [2024-01-31T21:58:35.670+0000] {dagbag.py:538} INFO - Filling up the DagBag from /opt/airflow/dags/Batch.py
[2024-01-31T21:58:35.717+0000] {processor.py:840} INFO - DAG(s) 'welcome_dag' retrieved from /opt/airflow/dags/Batch.py
[2024-01-31T21:58:35.751+0000] {logging_mixin.py:188} INFO - [2024-01-31T21:58:35.751+0000] {dag.py:3036} INFO - Sync 1 DAGs
[2024-01-31T21:58:35.789+0000] {logging_mixin.py:188} INFO - [2024-01-31T21:58:35.788+0000] {dag.py:3823} INFO - Setting next_dagrun for welcome_dag to 2024-01-30 23:00:00+00:00, run_after=2024-01-31 23:00:00+00:00
[2024-01-31T21:58:35.862+0000] {processor.py:183} INFO - Processing /opt/airflow/dags/Batch.py took 0.202 seconds
[2024-01-31T21:59:06.478+0000] {processor.py:161} INFO - Started process (PID=81) to work on /opt/airflow/dags/Batch.py
[2024-01-31T21:59:06.479+0000] {processor.py:830} INFO - Processing file /opt/airflow/dags/Batch.py for tasks to queue
[2024-01-31T21:59:06.481+0000] {logging_mixin.py:188} INFO - [2024-01-31T21:59:06.480+0000] {dagbag.py:538} INFO - Filling up the DagBag from /opt/airflow/dags/Batch.py
[2024-01-31T21:59:06.520+0000] {processor.py:840} INFO - DAG(s) 'welcome_dag' retrieved from /opt/airflow/dags/Batch.py
[2024-01-31T21:59:06.566+0000] {logging_mixin.py:188} INFO - [2024-01-31T21:59:06.565+0000] {dag.py:3036} INFO - Sync 1 DAGs
[2024-01-31T21:59:06.602+0000] {logging_mixin.py:188} INFO - [2024-01-31T21:59:06.602+0000] {dag.py:3823} INFO - Setting next_dagrun for welcome_dag to 2024-01-30 23:00:00+00:00, run_after=2024-01-31 23:00:00+00:00
[2024-01-31T21:59:06.681+0000] {processor.py:183} INFO - Processing /opt/airflow/dags/Batch.py took 0.210 seconds
[2024-01-31T21:59:37.176+0000] {processor.py:161} INFO - Started process (PID=82) to work on /opt/airflow/dags/Batch.py
[2024-01-31T21:59:37.177+0000] {processor.py:830} INFO - Processing file /opt/airflow/dags/Batch.py for tasks to queue
[2024-01-31T21:59:37.179+0000] {logging_mixin.py:188} INFO - [2024-01-31T21:59:37.178+0000] {dagbag.py:538} INFO - Filling up the DagBag from /opt/airflow/dags/Batch.py
[2024-01-31T21:59:37.213+0000] {processor.py:840} INFO - DAG(s) 'welcome_dag' retrieved from /opt/airflow/dags/Batch.py
[2024-01-31T21:59:37.252+0000] {logging_mixin.py:188} INFO - [2024-01-31T21:59:37.252+0000] {dag.py:3036} INFO - Sync 1 DAGs
[2024-01-31T21:59:37.285+0000] {logging_mixin.py:188} INFO - [2024-01-31T21:59:37.285+0000] {dag.py:3823} INFO - Setting next_dagrun for welcome_dag to 2024-01-30 23:00:00+00:00, run_after=2024-01-31 23:00:00+00:00
[2024-01-31T21:59:37.363+0000] {processor.py:183} INFO - Processing /opt/airflow/dags/Batch.py took 0.190 seconds
[2024-01-31T22:00:07.813+0000] {processor.py:161} INFO - Started process (PID=83) to work on /opt/airflow/dags/Batch.py
[2024-01-31T22:00:07.815+0000] {processor.py:830} INFO - Processing file /opt/airflow/dags/Batch.py for tasks to queue
[2024-01-31T22:00:07.816+0000] {logging_mixin.py:188} INFO - [2024-01-31T22:00:07.815+0000] {dagbag.py:538} INFO - Filling up the DagBag from /opt/airflow/dags/Batch.py
[2024-01-31T22:00:07.845+0000] {processor.py:840} INFO - DAG(s) 'welcome_dag' retrieved from /opt/airflow/dags/Batch.py
[2024-01-31T22:00:07.884+0000] {logging_mixin.py:188} INFO - [2024-01-31T22:00:07.884+0000] {dag.py:3036} INFO - Sync 1 DAGs
[2024-01-31T22:00:07.919+0000] {logging_mixin.py:188} INFO - [2024-01-31T22:00:07.919+0000] {dag.py:3823} INFO - Setting next_dagrun for welcome_dag to 2024-01-30 23:00:00+00:00, run_after=2024-01-31 23:00:00+00:00
[2024-01-31T22:00:07.986+0000] {processor.py:183} INFO - Processing /opt/airflow/dags/Batch.py took 0.175 seconds
[2024-01-31T22:00:38.408+0000] {processor.py:161} INFO - Started process (PID=84) to work on /opt/airflow/dags/Batch.py
[2024-01-31T22:00:38.410+0000] {processor.py:830} INFO - Processing file /opt/airflow/dags/Batch.py for tasks to queue
[2024-01-31T22:00:38.411+0000] {logging_mixin.py:188} INFO - [2024-01-31T22:00:38.411+0000] {dagbag.py:538} INFO - Filling up the DagBag from /opt/airflow/dags/Batch.py
[2024-01-31T22:00:38.475+0000] {processor.py:840} INFO - DAG(s) 'welcome_dag' retrieved from /opt/airflow/dags/Batch.py
[2024-01-31T22:00:38.524+0000] {logging_mixin.py:188} INFO - [2024-01-31T22:00:38.524+0000] {dag.py:3036} INFO - Sync 1 DAGs
[2024-01-31T22:00:38.562+0000] {logging_mixin.py:188} INFO - [2024-01-31T22:00:38.561+0000] {dag.py:3823} INFO - Setting next_dagrun for welcome_dag to 2024-01-30 23:00:00+00:00, run_after=2024-01-31 23:00:00+00:00
[2024-01-31T22:00:38.655+0000] {processor.py:183} INFO - Processing /opt/airflow/dags/Batch.py took 0.256 seconds
[2024-01-31T22:01:08.981+0000] {processor.py:161} INFO - Started process (PID=85) to work on /opt/airflow/dags/Batch.py
[2024-01-31T22:01:08.986+0000] {processor.py:830} INFO - Processing file /opt/airflow/dags/Batch.py for tasks to queue
[2024-01-31T22:01:08.987+0000] {logging_mixin.py:188} INFO - [2024-01-31T22:01:08.987+0000] {dagbag.py:538} INFO - Filling up the DagBag from /opt/airflow/dags/Batch.py
[2024-01-31T22:01:09.039+0000] {processor.py:840} INFO - DAG(s) 'welcome_dag' retrieved from /opt/airflow/dags/Batch.py
[2024-01-31T22:01:09.074+0000] {logging_mixin.py:188} INFO - [2024-01-31T22:01:09.074+0000] {dag.py:3036} INFO - Sync 1 DAGs
[2024-01-31T22:01:09.105+0000] {logging_mixin.py:188} INFO - [2024-01-31T22:01:09.105+0000] {dag.py:3823} INFO - Setting next_dagrun for welcome_dag to 2024-01-30 23:00:00+00:00, run_after=2024-01-31 23:00:00+00:00
[2024-01-31T22:01:09.187+0000] {processor.py:183} INFO - Processing /opt/airflow/dags/Batch.py took 0.221 seconds
[2024-01-31T22:01:39.689+0000] {processor.py:161} INFO - Started process (PID=86) to work on /opt/airflow/dags/Batch.py
[2024-01-31T22:01:39.691+0000] {processor.py:830} INFO - Processing file /opt/airflow/dags/Batch.py for tasks to queue
[2024-01-31T22:01:39.693+0000] {logging_mixin.py:188} INFO - [2024-01-31T22:01:39.692+0000] {dagbag.py:538} INFO - Filling up the DagBag from /opt/airflow/dags/Batch.py
[2024-01-31T22:01:39.773+0000] {processor.py:840} INFO - DAG(s) 'welcome_dag' retrieved from /opt/airflow/dags/Batch.py
[2024-01-31T22:01:39.829+0000] {logging_mixin.py:188} INFO - [2024-01-31T22:01:39.829+0000] {dag.py:3036} INFO - Sync 1 DAGs
[2024-01-31T22:01:39.930+0000] {logging_mixin.py:188} INFO - [2024-01-31T22:01:39.930+0000] {dag.py:3823} INFO - Setting next_dagrun for welcome_dag to 2024-01-30 23:00:00+00:00, run_after=2024-01-31 23:00:00+00:00
[2024-01-31T22:01:40.083+0000] {processor.py:183} INFO - Processing /opt/airflow/dags/Batch.py took 0.404 seconds
[2024-01-31T22:02:10.782+0000] {processor.py:161} INFO - Started process (PID=87) to work on /opt/airflow/dags/Batch.py
[2024-01-31T22:02:10.784+0000] {processor.py:830} INFO - Processing file /opt/airflow/dags/Batch.py for tasks to queue
[2024-01-31T22:02:10.786+0000] {logging_mixin.py:188} INFO - [2024-01-31T22:02:10.786+0000] {dagbag.py:538} INFO - Filling up the DagBag from /opt/airflow/dags/Batch.py
[2024-01-31T22:02:10.832+0000] {processor.py:840} INFO - DAG(s) 'welcome_dag' retrieved from /opt/airflow/dags/Batch.py
[2024-01-31T22:02:10.885+0000] {logging_mixin.py:188} INFO - [2024-01-31T22:02:10.884+0000] {dag.py:3036} INFO - Sync 1 DAGs
[2024-01-31T22:02:10.942+0000] {logging_mixin.py:188} INFO - [2024-01-31T22:02:10.942+0000] {dag.py:3823} INFO - Setting next_dagrun for welcome_dag to 2024-01-30 23:00:00+00:00, run_after=2024-01-31 23:00:00+00:00
[2024-01-31T22:02:11.034+0000] {processor.py:183} INFO - Processing /opt/airflow/dags/Batch.py took 0.256 seconds
[2024-01-31T22:02:41.549+0000] {processor.py:161} INFO - Started process (PID=88) to work on /opt/airflow/dags/Batch.py
[2024-01-31T22:02:41.551+0000] {processor.py:830} INFO - Processing file /opt/airflow/dags/Batch.py for tasks to queue
[2024-01-31T22:02:41.552+0000] {logging_mixin.py:188} INFO - [2024-01-31T22:02:41.552+0000] {dagbag.py:538} INFO - Filling up the DagBag from /opt/airflow/dags/Batch.py
[2024-01-31T22:02:41.591+0000] {processor.py:840} INFO - DAG(s) 'welcome_dag' retrieved from /opt/airflow/dags/Batch.py
[2024-01-31T22:02:41.636+0000] {logging_mixin.py:188} INFO - [2024-01-31T22:02:41.636+0000] {dag.py:3036} INFO - Sync 1 DAGs
[2024-01-31T22:02:41.695+0000] {logging_mixin.py:188} INFO - [2024-01-31T22:02:41.694+0000] {dag.py:3823} INFO - Setting next_dagrun for welcome_dag to 2024-01-30 23:00:00+00:00, run_after=2024-01-31 23:00:00+00:00
[2024-01-31T22:02:41.791+0000] {processor.py:183} INFO - Processing /opt/airflow/dags/Batch.py took 0.245 seconds
[2024-01-31T22:03:11.945+0000] {processor.py:161} INFO - Started process (PID=89) to work on /opt/airflow/dags/Batch.py
[2024-01-31T22:03:11.947+0000] {processor.py:830} INFO - Processing file /opt/airflow/dags/Batch.py for tasks to queue
[2024-01-31T22:03:11.949+0000] {logging_mixin.py:188} INFO - [2024-01-31T22:03:11.948+0000] {dagbag.py:538} INFO - Filling up the DagBag from /opt/airflow/dags/Batch.py
[2024-01-31T22:03:11.988+0000] {processor.py:840} INFO - DAG(s) 'welcome_dag' retrieved from /opt/airflow/dags/Batch.py
[2024-01-31T22:03:12.027+0000] {logging_mixin.py:188} INFO - [2024-01-31T22:03:12.027+0000] {dag.py:3036} INFO - Sync 1 DAGs
[2024-01-31T22:03:12.061+0000] {logging_mixin.py:188} INFO - [2024-01-31T22:03:12.061+0000] {dag.py:3823} INFO - Setting next_dagrun for welcome_dag to 2024-01-30 23:00:00+00:00, run_after=2024-01-31 23:00:00+00:00
[2024-01-31T22:03:12.149+0000] {processor.py:183} INFO - Processing /opt/airflow/dags/Batch.py took 0.208 seconds
[2024-01-31T22:03:42.662+0000] {processor.py:161} INFO - Started process (PID=90) to work on /opt/airflow/dags/Batch.py
[2024-01-31T22:03:42.663+0000] {processor.py:830} INFO - Processing file /opt/airflow/dags/Batch.py for tasks to queue
[2024-01-31T22:03:42.665+0000] {logging_mixin.py:188} INFO - [2024-01-31T22:03:42.664+0000] {dagbag.py:538} INFO - Filling up the DagBag from /opt/airflow/dags/Batch.py
[2024-01-31T22:03:42.693+0000] {processor.py:840} INFO - DAG(s) 'welcome_dag' retrieved from /opt/airflow/dags/Batch.py
[2024-01-31T22:03:42.734+0000] {logging_mixin.py:188} INFO - [2024-01-31T22:03:42.733+0000] {dag.py:3036} INFO - Sync 1 DAGs
[2024-01-31T22:03:42.766+0000] {logging_mixin.py:188} INFO - [2024-01-31T22:03:42.766+0000] {dag.py:3823} INFO - Setting next_dagrun for welcome_dag to 2024-01-30 23:00:00+00:00, run_after=2024-01-31 23:00:00+00:00
[2024-01-31T22:03:42.845+0000] {processor.py:183} INFO - Processing /opt/airflow/dags/Batch.py took 0.186 seconds
[2024-01-31T22:04:13.281+0000] {processor.py:161} INFO - Started process (PID=91) to work on /opt/airflow/dags/Batch.py
[2024-01-31T22:04:13.282+0000] {processor.py:830} INFO - Processing file /opt/airflow/dags/Batch.py for tasks to queue
[2024-01-31T22:04:13.284+0000] {logging_mixin.py:188} INFO - [2024-01-31T22:04:13.283+0000] {dagbag.py:538} INFO - Filling up the DagBag from /opt/airflow/dags/Batch.py
[2024-01-31T22:04:13.315+0000] {processor.py:840} INFO - DAG(s) 'welcome_dag' retrieved from /opt/airflow/dags/Batch.py
[2024-01-31T22:04:13.354+0000] {logging_mixin.py:188} INFO - [2024-01-31T22:04:13.354+0000] {dag.py:3036} INFO - Sync 1 DAGs
[2024-01-31T22:04:13.388+0000] {logging_mixin.py:188} INFO - [2024-01-31T22:04:13.387+0000] {dag.py:3823} INFO - Setting next_dagrun for welcome_dag to 2024-01-30 23:00:00+00:00, run_after=2024-01-31 23:00:00+00:00
[2024-01-31T22:04:13.475+0000] {processor.py:183} INFO - Processing /opt/airflow/dags/Batch.py took 0.197 seconds
[2024-01-31T22:04:43.655+0000] {processor.py:161} INFO - Started process (PID=92) to work on /opt/airflow/dags/Batch.py
[2024-01-31T22:04:43.656+0000] {processor.py:830} INFO - Processing file /opt/airflow/dags/Batch.py for tasks to queue
[2024-01-31T22:04:43.658+0000] {logging_mixin.py:188} INFO - [2024-01-31T22:04:43.657+0000] {dagbag.py:538} INFO - Filling up the DagBag from /opt/airflow/dags/Batch.py
[2024-01-31T22:04:43.717+0000] {processor.py:840} INFO - DAG(s) 'welcome_dag' retrieved from /opt/airflow/dags/Batch.py
[2024-01-31T22:04:43.760+0000] {logging_mixin.py:188} INFO - [2024-01-31T22:04:43.760+0000] {dag.py:3036} INFO - Sync 1 DAGs
[2024-01-31T22:04:43.815+0000] {logging_mixin.py:188} INFO - [2024-01-31T22:04:43.815+0000] {dag.py:3823} INFO - Setting next_dagrun for welcome_dag to 2024-01-30 23:00:00+00:00, run_after=2024-01-31 23:00:00+00:00
[2024-01-31T22:04:43.939+0000] {processor.py:183} INFO - Processing /opt/airflow/dags/Batch.py took 0.287 seconds
[2024-01-31T22:05:14.449+0000] {processor.py:161} INFO - Started process (PID=93) to work on /opt/airflow/dags/Batch.py
[2024-01-31T22:05:14.450+0000] {processor.py:830} INFO - Processing file /opt/airflow/dags/Batch.py for tasks to queue
[2024-01-31T22:05:14.452+0000] {logging_mixin.py:188} INFO - [2024-01-31T22:05:14.451+0000] {dagbag.py:538} INFO - Filling up the DagBag from /opt/airflow/dags/Batch.py
[2024-01-31T22:05:14.487+0000] {processor.py:840} INFO - DAG(s) 'welcome_dag' retrieved from /opt/airflow/dags/Batch.py
[2024-01-31T22:05:14.526+0000] {logging_mixin.py:188} INFO - [2024-01-31T22:05:14.526+0000] {dag.py:3036} INFO - Sync 1 DAGs
[2024-01-31T22:05:14.567+0000] {logging_mixin.py:188} INFO - [2024-01-31T22:05:14.566+0000] {dag.py:3823} INFO - Setting next_dagrun for welcome_dag to 2024-01-30 23:00:00+00:00, run_after=2024-01-31 23:00:00+00:00
[2024-01-31T22:05:14.646+0000] {processor.py:183} INFO - Processing /opt/airflow/dags/Batch.py took 0.200 seconds
[2024-01-31T22:05:45.113+0000] {processor.py:161} INFO - Started process (PID=94) to work on /opt/airflow/dags/Batch.py
[2024-01-31T22:05:45.114+0000] {processor.py:830} INFO - Processing file /opt/airflow/dags/Batch.py for tasks to queue
[2024-01-31T22:05:45.116+0000] {logging_mixin.py:188} INFO - [2024-01-31T22:05:45.116+0000] {dagbag.py:538} INFO - Filling up the DagBag from /opt/airflow/dags/Batch.py
[2024-01-31T22:05:45.151+0000] {processor.py:840} INFO - DAG(s) 'welcome_dag' retrieved from /opt/airflow/dags/Batch.py
[2024-01-31T22:05:45.185+0000] {logging_mixin.py:188} INFO - [2024-01-31T22:05:45.185+0000] {dag.py:3036} INFO - Sync 1 DAGs
[2024-01-31T22:05:45.217+0000] {logging_mixin.py:188} INFO - [2024-01-31T22:05:45.216+0000] {dag.py:3823} INFO - Setting next_dagrun for welcome_dag to 2024-01-30 23:00:00+00:00, run_after=2024-01-31 23:00:00+00:00
[2024-01-31T22:05:45.314+0000] {processor.py:183} INFO - Processing /opt/airflow/dags/Batch.py took 0.203 seconds
[2024-01-31T22:06:15.645+0000] {processor.py:161} INFO - Started process (PID=95) to work on /opt/airflow/dags/Batch.py
[2024-01-31T22:06:15.646+0000] {processor.py:830} INFO - Processing file /opt/airflow/dags/Batch.py for tasks to queue
[2024-01-31T22:06:15.647+0000] {logging_mixin.py:188} INFO - [2024-01-31T22:06:15.647+0000] {dagbag.py:538} INFO - Filling up the DagBag from /opt/airflow/dags/Batch.py
[2024-01-31T22:06:15.682+0000] {processor.py:840} INFO - DAG(s) 'welcome_dag' retrieved from /opt/airflow/dags/Batch.py
[2024-01-31T22:06:15.722+0000] {logging_mixin.py:188} INFO - [2024-01-31T22:06:15.722+0000] {dag.py:3036} INFO - Sync 1 DAGs
[2024-01-31T22:06:15.758+0000] {logging_mixin.py:188} INFO - [2024-01-31T22:06:15.757+0000] {dag.py:3823} INFO - Setting next_dagrun for welcome_dag to 2024-01-30 23:00:00+00:00, run_after=2024-01-31 23:00:00+00:00
[2024-01-31T22:06:15.843+0000] {processor.py:183} INFO - Processing /opt/airflow/dags/Batch.py took 0.201 seconds
[2024-01-31T22:06:46.318+0000] {processor.py:161} INFO - Started process (PID=96) to work on /opt/airflow/dags/Batch.py
[2024-01-31T22:06:46.320+0000] {processor.py:830} INFO - Processing file /opt/airflow/dags/Batch.py for tasks to queue
[2024-01-31T22:06:46.321+0000] {logging_mixin.py:188} INFO - [2024-01-31T22:06:46.321+0000] {dagbag.py:538} INFO - Filling up the DagBag from /opt/airflow/dags/Batch.py
[2024-01-31T22:06:46.367+0000] {processor.py:840} INFO - DAG(s) 'welcome_dag' retrieved from /opt/airflow/dags/Batch.py
[2024-01-31T22:06:46.412+0000] {logging_mixin.py:188} INFO - [2024-01-31T22:06:46.412+0000] {dag.py:3036} INFO - Sync 1 DAGs
[2024-01-31T22:06:46.444+0000] {logging_mixin.py:188} INFO - [2024-01-31T22:06:46.444+0000] {dag.py:3823} INFO - Setting next_dagrun for welcome_dag to 2024-01-30 23:00:00+00:00, run_after=2024-01-31 23:00:00+00:00
[2024-01-31T22:06:46.527+0000] {processor.py:183} INFO - Processing /opt/airflow/dags/Batch.py took 0.217 seconds
[2024-01-31T22:07:16.844+0000] {processor.py:161} INFO - Started process (PID=97) to work on /opt/airflow/dags/Batch.py
[2024-01-31T22:07:16.846+0000] {processor.py:830} INFO - Processing file /opt/airflow/dags/Batch.py for tasks to queue
[2024-01-31T22:07:16.847+0000] {logging_mixin.py:188} INFO - [2024-01-31T22:07:16.847+0000] {dagbag.py:538} INFO - Filling up the DagBag from /opt/airflow/dags/Batch.py
[2024-01-31T22:07:16.881+0000] {processor.py:840} INFO - DAG(s) 'welcome_dag' retrieved from /opt/airflow/dags/Batch.py
[2024-01-31T22:07:16.916+0000] {logging_mixin.py:188} INFO - [2024-01-31T22:07:16.915+0000] {dag.py:3036} INFO - Sync 1 DAGs
[2024-01-31T22:07:16.949+0000] {logging_mixin.py:188} INFO - [2024-01-31T22:07:16.949+0000] {dag.py:3823} INFO - Setting next_dagrun for welcome_dag to 2024-01-30 23:00:00+00:00, run_after=2024-01-31 23:00:00+00:00
[2024-01-31T22:07:17.028+0000] {processor.py:183} INFO - Processing /opt/airflow/dags/Batch.py took 0.188 seconds
[2024-01-31T22:07:47.480+0000] {processor.py:161} INFO - Started process (PID=98) to work on /opt/airflow/dags/Batch.py
[2024-01-31T22:07:47.483+0000] {processor.py:830} INFO - Processing file /opt/airflow/dags/Batch.py for tasks to queue
[2024-01-31T22:07:47.485+0000] {logging_mixin.py:188} INFO - [2024-01-31T22:07:47.484+0000] {dagbag.py:538} INFO - Filling up the DagBag from /opt/airflow/dags/Batch.py
[2024-01-31T22:07:47.514+0000] {processor.py:840} INFO - DAG(s) 'welcome_dag' retrieved from /opt/airflow/dags/Batch.py
[2024-01-31T22:07:47.549+0000] {logging_mixin.py:188} INFO - [2024-01-31T22:07:47.549+0000] {dag.py:3036} INFO - Sync 1 DAGs
[2024-01-31T22:07:47.580+0000] {logging_mixin.py:188} INFO - [2024-01-31T22:07:47.580+0000] {dag.py:3823} INFO - Setting next_dagrun for welcome_dag to 2024-01-30 23:00:00+00:00, run_after=2024-01-31 23:00:00+00:00
[2024-01-31T22:07:47.658+0000] {processor.py:183} INFO - Processing /opt/airflow/dags/Batch.py took 0.182 seconds
[2024-01-31T22:08:18.069+0000] {processor.py:161} INFO - Started process (PID=99) to work on /opt/airflow/dags/Batch.py
[2024-01-31T22:08:18.071+0000] {processor.py:830} INFO - Processing file /opt/airflow/dags/Batch.py for tasks to queue
[2024-01-31T22:08:18.072+0000] {logging_mixin.py:188} INFO - [2024-01-31T22:08:18.071+0000] {dagbag.py:538} INFO - Filling up the DagBag from /opt/airflow/dags/Batch.py
[2024-01-31T22:08:18.106+0000] {processor.py:840} INFO - DAG(s) 'welcome_dag' retrieved from /opt/airflow/dags/Batch.py
[2024-01-31T22:08:18.141+0000] {logging_mixin.py:188} INFO - [2024-01-31T22:08:18.141+0000] {dag.py:3036} INFO - Sync 1 DAGs
[2024-01-31T22:08:18.175+0000] {logging_mixin.py:188} INFO - [2024-01-31T22:08:18.174+0000] {dag.py:3823} INFO - Setting next_dagrun for welcome_dag to 2024-01-30 23:00:00+00:00, run_after=2024-01-31 23:00:00+00:00
[2024-01-31T22:08:18.255+0000] {processor.py:183} INFO - Processing /opt/airflow/dags/Batch.py took 0.188 seconds
[2024-01-31T22:08:48.726+0000] {processor.py:161} INFO - Started process (PID=100) to work on /opt/airflow/dags/Batch.py
[2024-01-31T22:08:48.727+0000] {processor.py:830} INFO - Processing file /opt/airflow/dags/Batch.py for tasks to queue
[2024-01-31T22:08:48.729+0000] {logging_mixin.py:188} INFO - [2024-01-31T22:08:48.728+0000] {dagbag.py:538} INFO - Filling up the DagBag from /opt/airflow/dags/Batch.py
[2024-01-31T22:08:48.768+0000] {processor.py:840} INFO - DAG(s) 'welcome_dag' retrieved from /opt/airflow/dags/Batch.py
[2024-01-31T22:08:48.805+0000] {logging_mixin.py:188} INFO - [2024-01-31T22:08:48.805+0000] {dag.py:3036} INFO - Sync 1 DAGs
[2024-01-31T22:08:48.836+0000] {logging_mixin.py:188} INFO - [2024-01-31T22:08:48.836+0000] {dag.py:3823} INFO - Setting next_dagrun for welcome_dag to 2024-01-30 23:00:00+00:00, run_after=2024-01-31 23:00:00+00:00
[2024-01-31T22:08:48.921+0000] {processor.py:183} INFO - Processing /opt/airflow/dags/Batch.py took 0.198 seconds
[2024-01-31T22:09:19.093+0000] {processor.py:161} INFO - Started process (PID=101) to work on /opt/airflow/dags/Batch.py
[2024-01-31T22:09:19.094+0000] {processor.py:830} INFO - Processing file /opt/airflow/dags/Batch.py for tasks to queue
[2024-01-31T22:09:19.096+0000] {logging_mixin.py:188} INFO - [2024-01-31T22:09:19.096+0000] {dagbag.py:538} INFO - Filling up the DagBag from /opt/airflow/dags/Batch.py
[2024-01-31T22:09:19.127+0000] {processor.py:840} INFO - DAG(s) 'welcome_dag' retrieved from /opt/airflow/dags/Batch.py
[2024-01-31T22:09:19.164+0000] {logging_mixin.py:188} INFO - [2024-01-31T22:09:19.164+0000] {dag.py:3036} INFO - Sync 1 DAGs
[2024-01-31T22:09:19.195+0000] {logging_mixin.py:188} INFO - [2024-01-31T22:09:19.195+0000] {dag.py:3823} INFO - Setting next_dagrun for welcome_dag to 2024-01-30 23:00:00+00:00, run_after=2024-01-31 23:00:00+00:00
[2024-01-31T22:09:19.264+0000] {processor.py:183} INFO - Processing /opt/airflow/dags/Batch.py took 0.174 seconds
[2024-01-31T22:09:49.807+0000] {processor.py:161} INFO - Started process (PID=102) to work on /opt/airflow/dags/Batch.py
[2024-01-31T22:09:49.811+0000] {processor.py:830} INFO - Processing file /opt/airflow/dags/Batch.py for tasks to queue
[2024-01-31T22:09:49.817+0000] {logging_mixin.py:188} INFO - [2024-01-31T22:09:49.815+0000] {dagbag.py:538} INFO - Filling up the DagBag from /opt/airflow/dags/Batch.py
[2024-01-31T22:09:49.892+0000] {processor.py:840} INFO - DAG(s) 'welcome_dag' retrieved from /opt/airflow/dags/Batch.py
[2024-01-31T22:09:49.943+0000] {logging_mixin.py:188} INFO - [2024-01-31T22:09:49.943+0000] {dag.py:3036} INFO - Sync 1 DAGs
[2024-01-31T22:09:49.990+0000] {logging_mixin.py:188} INFO - [2024-01-31T22:09:49.990+0000] {dag.py:3823} INFO - Setting next_dagrun for welcome_dag to 2024-01-30 23:00:00+00:00, run_after=2024-01-31 23:00:00+00:00
[2024-01-31T22:09:50.104+0000] {processor.py:183} INFO - Processing /opt/airflow/dags/Batch.py took 0.308 seconds
[2024-01-31T22:10:20.621+0000] {processor.py:161} INFO - Started process (PID=103) to work on /opt/airflow/dags/Batch.py
[2024-01-31T22:10:20.623+0000] {processor.py:830} INFO - Processing file /opt/airflow/dags/Batch.py for tasks to queue
[2024-01-31T22:10:20.625+0000] {logging_mixin.py:188} INFO - [2024-01-31T22:10:20.625+0000] {dagbag.py:538} INFO - Filling up the DagBag from /opt/airflow/dags/Batch.py
[2024-01-31T22:10:20.721+0000] {processor.py:840} INFO - DAG(s) 'welcome_dag' retrieved from /opt/airflow/dags/Batch.py
[2024-01-31T22:10:20.784+0000] {logging_mixin.py:188} INFO - [2024-01-31T22:10:20.783+0000] {dag.py:3036} INFO - Sync 1 DAGs
[2024-01-31T22:10:20.849+0000] {logging_mixin.py:188} INFO - [2024-01-31T22:10:20.841+0000] {dag.py:3823} INFO - Setting next_dagrun for welcome_dag to 2024-01-30 23:00:00+00:00, run_after=2024-01-31 23:00:00+00:00
[2024-01-31T22:10:21.040+0000] {processor.py:183} INFO - Processing /opt/airflow/dags/Batch.py took 0.425 seconds
[2024-01-31T22:10:51.433+0000] {processor.py:161} INFO - Started process (PID=104) to work on /opt/airflow/dags/Batch.py
[2024-01-31T22:10:51.435+0000] {processor.py:830} INFO - Processing file /opt/airflow/dags/Batch.py for tasks to queue
[2024-01-31T22:10:51.437+0000] {logging_mixin.py:188} INFO - [2024-01-31T22:10:51.436+0000] {dagbag.py:538} INFO - Filling up the DagBag from /opt/airflow/dags/Batch.py
[2024-01-31T22:10:51.495+0000] {processor.py:840} INFO - DAG(s) 'welcome_dag' retrieved from /opt/airflow/dags/Batch.py
[2024-01-31T22:10:51.535+0000] {logging_mixin.py:188} INFO - [2024-01-31T22:10:51.535+0000] {dag.py:3036} INFO - Sync 1 DAGs
[2024-01-31T22:10:51.565+0000] {logging_mixin.py:188} INFO - [2024-01-31T22:10:51.565+0000] {dag.py:3823} INFO - Setting next_dagrun for welcome_dag to 2024-01-30 23:00:00+00:00, run_after=2024-01-31 23:00:00+00:00
[2024-01-31T22:10:51.635+0000] {processor.py:183} INFO - Processing /opt/airflow/dags/Batch.py took 0.204 seconds
[2024-01-31T22:11:22.011+0000] {processor.py:161} INFO - Started process (PID=105) to work on /opt/airflow/dags/Batch.py
[2024-01-31T22:11:22.013+0000] {processor.py:830} INFO - Processing file /opt/airflow/dags/Batch.py for tasks to queue
[2024-01-31T22:11:22.015+0000] {logging_mixin.py:188} INFO - [2024-01-31T22:11:22.015+0000] {dagbag.py:538} INFO - Filling up the DagBag from /opt/airflow/dags/Batch.py
[2024-01-31T22:11:22.065+0000] {processor.py:840} INFO - DAG(s) 'welcome_dag' retrieved from /opt/airflow/dags/Batch.py
[2024-01-31T22:11:22.115+0000] {logging_mixin.py:188} INFO - [2024-01-31T22:11:22.114+0000] {dag.py:3036} INFO - Sync 1 DAGs
[2024-01-31T22:11:22.219+0000] {logging_mixin.py:188} INFO - [2024-01-31T22:11:22.219+0000] {dag.py:3823} INFO - Setting next_dagrun for welcome_dag to 2024-01-30 23:00:00+00:00, run_after=2024-01-31 23:00:00+00:00
[2024-01-31T22:11:22.460+0000] {processor.py:183} INFO - Processing /opt/airflow/dags/Batch.py took 0.454 seconds
[2024-01-31T22:11:52.819+0000] {processor.py:161} INFO - Started process (PID=106) to work on /opt/airflow/dags/Batch.py
[2024-01-31T22:11:52.821+0000] {processor.py:830} INFO - Processing file /opt/airflow/dags/Batch.py for tasks to queue
[2024-01-31T22:11:52.822+0000] {logging_mixin.py:188} INFO - [2024-01-31T22:11:52.822+0000] {dagbag.py:538} INFO - Filling up the DagBag from /opt/airflow/dags/Batch.py
[2024-01-31T22:11:52.862+0000] {processor.py:840} INFO - DAG(s) 'welcome_dag' retrieved from /opt/airflow/dags/Batch.py
[2024-01-31T22:11:52.900+0000] {logging_mixin.py:188} INFO - [2024-01-31T22:11:52.899+0000] {dag.py:3036} INFO - Sync 1 DAGs
[2024-01-31T22:11:52.932+0000] {logging_mixin.py:188} INFO - [2024-01-31T22:11:52.932+0000] {dag.py:3823} INFO - Setting next_dagrun for welcome_dag to 2024-01-30 23:00:00+00:00, run_after=2024-01-31 23:00:00+00:00
[2024-01-31T22:11:53.009+0000] {processor.py:183} INFO - Processing /opt/airflow/dags/Batch.py took 0.193 seconds
[2024-01-31T22:12:23.393+0000] {processor.py:161} INFO - Started process (PID=107) to work on /opt/airflow/dags/Batch.py
[2024-01-31T22:12:23.395+0000] {processor.py:830} INFO - Processing file /opt/airflow/dags/Batch.py for tasks to queue
[2024-01-31T22:12:23.397+0000] {logging_mixin.py:188} INFO - [2024-01-31T22:12:23.396+0000] {dagbag.py:538} INFO - Filling up the DagBag from /opt/airflow/dags/Batch.py
[2024-01-31T22:12:23.432+0000] {processor.py:840} INFO - DAG(s) 'welcome_dag' retrieved from /opt/airflow/dags/Batch.py
[2024-01-31T22:12:23.467+0000] {logging_mixin.py:188} INFO - [2024-01-31T22:12:23.467+0000] {dag.py:3036} INFO - Sync 1 DAGs
[2024-01-31T22:12:23.496+0000] {logging_mixin.py:188} INFO - [2024-01-31T22:12:23.496+0000] {dag.py:3823} INFO - Setting next_dagrun for welcome_dag to 2024-01-30 23:00:00+00:00, run_after=2024-01-31 23:00:00+00:00
[2024-01-31T22:12:23.561+0000] {processor.py:183} INFO - Processing /opt/airflow/dags/Batch.py took 0.172 seconds
[2024-01-31T22:12:53.941+0000] {processor.py:161} INFO - Started process (PID=108) to work on /opt/airflow/dags/Batch.py
[2024-01-31T22:12:53.943+0000] {processor.py:830} INFO - Processing file /opt/airflow/dags/Batch.py for tasks to queue
[2024-01-31T22:12:53.944+0000] {logging_mixin.py:188} INFO - [2024-01-31T22:12:53.944+0000] {dagbag.py:538} INFO - Filling up the DagBag from /opt/airflow/dags/Batch.py
[2024-01-31T22:12:53.985+0000] {processor.py:840} INFO - DAG(s) 'welcome_dag' retrieved from /opt/airflow/dags/Batch.py
[2024-01-31T22:12:54.020+0000] {logging_mixin.py:188} INFO - [2024-01-31T22:12:54.019+0000] {dag.py:3036} INFO - Sync 1 DAGs
[2024-01-31T22:12:54.056+0000] {logging_mixin.py:188} INFO - [2024-01-31T22:12:54.056+0000] {dag.py:3823} INFO - Setting next_dagrun for welcome_dag to 2024-01-30 23:00:00+00:00, run_after=2024-01-31 23:00:00+00:00
[2024-01-31T22:12:54.128+0000] {processor.py:183} INFO - Processing /opt/airflow/dags/Batch.py took 0.189 seconds
[2024-01-31T22:13:24.484+0000] {processor.py:161} INFO - Started process (PID=109) to work on /opt/airflow/dags/Batch.py
[2024-01-31T22:13:24.485+0000] {processor.py:830} INFO - Processing file /opt/airflow/dags/Batch.py for tasks to queue
[2024-01-31T22:13:24.486+0000] {logging_mixin.py:188} INFO - [2024-01-31T22:13:24.486+0000] {dagbag.py:538} INFO - Filling up the DagBag from /opt/airflow/dags/Batch.py
[2024-01-31T22:13:24.513+0000] {processor.py:840} INFO - DAG(s) 'welcome_dag' retrieved from /opt/airflow/dags/Batch.py
[2024-01-31T22:13:24.539+0000] {logging_mixin.py:188} INFO - [2024-01-31T22:13:24.539+0000] {dag.py:3036} INFO - Sync 1 DAGs
[2024-01-31T22:13:24.572+0000] {logging_mixin.py:188} INFO - [2024-01-31T22:13:24.571+0000] {dag.py:3823} INFO - Setting next_dagrun for welcome_dag to 2024-01-30 23:00:00+00:00, run_after=2024-01-31 23:00:00+00:00
[2024-01-31T22:13:24.650+0000] {processor.py:183} INFO - Processing /opt/airflow/dags/Batch.py took 0.169 seconds
[2024-01-31T22:13:54.803+0000] {processor.py:161} INFO - Started process (PID=110) to work on /opt/airflow/dags/Batch.py
[2024-01-31T22:13:54.804+0000] {processor.py:830} INFO - Processing file /opt/airflow/dags/Batch.py for tasks to queue
[2024-01-31T22:13:54.805+0000] {logging_mixin.py:188} INFO - [2024-01-31T22:13:54.805+0000] {dagbag.py:538} INFO - Filling up the DagBag from /opt/airflow/dags/Batch.py
[2024-01-31T22:13:54.844+0000] {processor.py:840} INFO - DAG(s) 'welcome_dag' retrieved from /opt/airflow/dags/Batch.py
[2024-01-31T22:13:54.883+0000] {logging_mixin.py:188} INFO - [2024-01-31T22:13:54.883+0000] {dag.py:3036} INFO - Sync 1 DAGs
[2024-01-31T22:13:54.911+0000] {logging_mixin.py:188} INFO - [2024-01-31T22:13:54.911+0000] {dag.py:3823} INFO - Setting next_dagrun for welcome_dag to 2024-01-30 23:00:00+00:00, run_after=2024-01-31 23:00:00+00:00
[2024-01-31T22:13:54.983+0000] {processor.py:183} INFO - Processing /opt/airflow/dags/Batch.py took 0.183 seconds
[2024-01-31T22:14:25.297+0000] {processor.py:161} INFO - Started process (PID=111) to work on /opt/airflow/dags/Batch.py
[2024-01-31T22:14:25.299+0000] {processor.py:830} INFO - Processing file /opt/airflow/dags/Batch.py for tasks to queue
[2024-01-31T22:14:25.300+0000] {logging_mixin.py:188} INFO - [2024-01-31T22:14:25.299+0000] {dagbag.py:538} INFO - Filling up the DagBag from /opt/airflow/dags/Batch.py
[2024-01-31T22:14:25.334+0000] {processor.py:840} INFO - DAG(s) 'welcome_dag' retrieved from /opt/airflow/dags/Batch.py
[2024-01-31T22:14:25.375+0000] {logging_mixin.py:188} INFO - [2024-01-31T22:14:25.374+0000] {dag.py:3036} INFO - Sync 1 DAGs
[2024-01-31T22:14:25.411+0000] {logging_mixin.py:188} INFO - [2024-01-31T22:14:25.411+0000] {dag.py:3823} INFO - Setting next_dagrun for welcome_dag to 2024-01-30 23:00:00+00:00, run_after=2024-01-31 23:00:00+00:00
[2024-01-31T22:14:25.533+0000] {processor.py:183} INFO - Processing /opt/airflow/dags/Batch.py took 0.239 seconds
[2024-01-31T22:14:55.622+0000] {processor.py:161} INFO - Started process (PID=112) to work on /opt/airflow/dags/Batch.py
[2024-01-31T22:14:55.624+0000] {processor.py:830} INFO - Processing file /opt/airflow/dags/Batch.py for tasks to queue
[2024-01-31T22:14:55.625+0000] {logging_mixin.py:188} INFO - [2024-01-31T22:14:55.625+0000] {dagbag.py:538} INFO - Filling up the DagBag from /opt/airflow/dags/Batch.py
[2024-01-31T22:14:55.665+0000] {processor.py:840} INFO - DAG(s) 'welcome_dag' retrieved from /opt/airflow/dags/Batch.py
[2024-01-31T22:14:55.708+0000] {logging_mixin.py:188} INFO - [2024-01-31T22:14:55.707+0000] {dag.py:3036} INFO - Sync 1 DAGs
[2024-01-31T22:14:55.745+0000] {logging_mixin.py:188} INFO - [2024-01-31T22:14:55.745+0000] {dag.py:3823} INFO - Setting next_dagrun for welcome_dag to 2024-01-30 23:00:00+00:00, run_after=2024-01-31 23:00:00+00:00
[2024-01-31T22:14:55.889+0000] {processor.py:183} INFO - Processing /opt/airflow/dags/Batch.py took 0.273 seconds
[2024-01-31T22:15:26.055+0000] {processor.py:161} INFO - Started process (PID=113) to work on /opt/airflow/dags/Batch.py
[2024-01-31T22:15:26.057+0000] {processor.py:830} INFO - Processing file /opt/airflow/dags/Batch.py for tasks to queue
[2024-01-31T22:15:26.059+0000] {logging_mixin.py:188} INFO - [2024-01-31T22:15:26.058+0000] {dagbag.py:538} INFO - Filling up the DagBag from /opt/airflow/dags/Batch.py
[2024-01-31T22:15:26.104+0000] {processor.py:840} INFO - DAG(s) 'welcome_dag' retrieved from /opt/airflow/dags/Batch.py
[2024-01-31T22:15:26.141+0000] {logging_mixin.py:188} INFO - [2024-01-31T22:15:26.141+0000] {dag.py:3036} INFO - Sync 1 DAGs
[2024-01-31T22:15:26.171+0000] {logging_mixin.py:188} INFO - [2024-01-31T22:15:26.171+0000] {dag.py:3823} INFO - Setting next_dagrun for welcome_dag to 2024-01-30 23:00:00+00:00, run_after=2024-01-31 23:00:00+00:00
[2024-01-31T22:15:26.244+0000] {processor.py:183} INFO - Processing /opt/airflow/dags/Batch.py took 0.191 seconds
[2024-01-31T22:15:56.600+0000] {processor.py:161} INFO - Started process (PID=114) to work on /opt/airflow/dags/Batch.py
[2024-01-31T22:15:56.603+0000] {processor.py:830} INFO - Processing file /opt/airflow/dags/Batch.py for tasks to queue
[2024-01-31T22:15:56.606+0000] {logging_mixin.py:188} INFO - [2024-01-31T22:15:56.605+0000] {dagbag.py:538} INFO - Filling up the DagBag from /opt/airflow/dags/Batch.py
[2024-01-31T22:15:56.649+0000] {processor.py:840} INFO - DAG(s) 'welcome_dag' retrieved from /opt/airflow/dags/Batch.py
[2024-01-31T22:15:56.683+0000] {logging_mixin.py:188} INFO - [2024-01-31T22:15:56.683+0000] {dag.py:3036} INFO - Sync 1 DAGs
[2024-01-31T22:15:56.710+0000] {logging_mixin.py:188} INFO - [2024-01-31T22:15:56.710+0000] {dag.py:3823} INFO - Setting next_dagrun for welcome_dag to 2024-01-30 23:00:00+00:00, run_after=2024-01-31 23:00:00+00:00
[2024-01-31T22:15:56.769+0000] {processor.py:183} INFO - Processing /opt/airflow/dags/Batch.py took 0.180 seconds
[2024-01-31T22:16:27.092+0000] {processor.py:161} INFO - Started process (PID=115) to work on /opt/airflow/dags/Batch.py
[2024-01-31T22:16:27.093+0000] {processor.py:830} INFO - Processing file /opt/airflow/dags/Batch.py for tasks to queue
[2024-01-31T22:16:27.095+0000] {logging_mixin.py:188} INFO - [2024-01-31T22:16:27.094+0000] {dagbag.py:538} INFO - Filling up the DagBag from /opt/airflow/dags/Batch.py
[2024-01-31T22:16:27.126+0000] {processor.py:840} INFO - DAG(s) 'welcome_dag' retrieved from /opt/airflow/dags/Batch.py
[2024-01-31T22:16:27.162+0000] {logging_mixin.py:188} INFO - [2024-01-31T22:16:27.162+0000] {dag.py:3036} INFO - Sync 1 DAGs
[2024-01-31T22:16:27.196+0000] {logging_mixin.py:188} INFO - [2024-01-31T22:16:27.195+0000] {dag.py:3823} INFO - Setting next_dagrun for welcome_dag to 2024-01-30 23:00:00+00:00, run_after=2024-01-31 23:00:00+00:00
[2024-01-31T22:16:27.290+0000] {processor.py:183} INFO - Processing /opt/airflow/dags/Batch.py took 0.201 seconds
[2024-01-31T22:16:57.618+0000] {processor.py:161} INFO - Started process (PID=116) to work on /opt/airflow/dags/Batch.py
[2024-01-31T22:16:57.619+0000] {processor.py:830} INFO - Processing file /opt/airflow/dags/Batch.py for tasks to queue
[2024-01-31T22:16:57.620+0000] {logging_mixin.py:188} INFO - [2024-01-31T22:16:57.620+0000] {dagbag.py:538} INFO - Filling up the DagBag from /opt/airflow/dags/Batch.py
[2024-01-31T22:16:57.645+0000] {processor.py:840} INFO - DAG(s) 'welcome_dag' retrieved from /opt/airflow/dags/Batch.py
[2024-01-31T22:16:57.679+0000] {logging_mixin.py:188} INFO - [2024-01-31T22:16:57.679+0000] {dag.py:3036} INFO - Sync 1 DAGs
[2024-01-31T22:16:57.708+0000] {logging_mixin.py:188} INFO - [2024-01-31T22:16:57.708+0000] {dag.py:3823} INFO - Setting next_dagrun for welcome_dag to 2024-01-30 23:00:00+00:00, run_after=2024-01-31 23:00:00+00:00
[2024-01-31T22:16:57.781+0000] {processor.py:183} INFO - Processing /opt/airflow/dags/Batch.py took 0.166 seconds
[2024-01-31T22:17:28.089+0000] {processor.py:161} INFO - Started process (PID=117) to work on /opt/airflow/dags/Batch.py
[2024-01-31T22:17:28.093+0000] {processor.py:830} INFO - Processing file /opt/airflow/dags/Batch.py for tasks to queue
[2024-01-31T22:17:28.096+0000] {logging_mixin.py:188} INFO - [2024-01-31T22:17:28.095+0000] {dagbag.py:538} INFO - Filling up the DagBag from /opt/airflow/dags/Batch.py
[2024-01-31T22:17:28.140+0000] {processor.py:840} INFO - DAG(s) 'welcome_dag' retrieved from /opt/airflow/dags/Batch.py
[2024-01-31T22:17:28.180+0000] {logging_mixin.py:188} INFO - [2024-01-31T22:17:28.180+0000] {dag.py:3036} INFO - Sync 1 DAGs
[2024-01-31T22:17:28.209+0000] {logging_mixin.py:188} INFO - [2024-01-31T22:17:28.209+0000] {dag.py:3823} INFO - Setting next_dagrun for welcome_dag to 2024-01-30 23:00:00+00:00, run_after=2024-01-31 23:00:00+00:00
[2024-01-31T22:17:28.296+0000] {processor.py:183} INFO - Processing /opt/airflow/dags/Batch.py took 0.211 seconds
[2024-01-31T22:17:58.647+0000] {processor.py:161} INFO - Started process (PID=118) to work on /opt/airflow/dags/Batch.py
[2024-01-31T22:17:58.648+0000] {processor.py:830} INFO - Processing file /opt/airflow/dags/Batch.py for tasks to queue
[2024-01-31T22:17:58.649+0000] {logging_mixin.py:188} INFO - [2024-01-31T22:17:58.649+0000] {dagbag.py:538} INFO - Filling up the DagBag from /opt/airflow/dags/Batch.py
[2024-01-31T22:17:58.689+0000] {processor.py:840} INFO - DAG(s) 'welcome_dag' retrieved from /opt/airflow/dags/Batch.py
[2024-01-31T22:17:58.735+0000] {logging_mixin.py:188} INFO - [2024-01-31T22:17:58.735+0000] {dag.py:3036} INFO - Sync 1 DAGs
[2024-01-31T22:17:58.766+0000] {logging_mixin.py:188} INFO - [2024-01-31T22:17:58.765+0000] {dag.py:3823} INFO - Setting next_dagrun for welcome_dag to 2024-01-30 23:00:00+00:00, run_after=2024-01-31 23:00:00+00:00
[2024-01-31T22:17:58.851+0000] {processor.py:183} INFO - Processing /opt/airflow/dags/Batch.py took 0.207 seconds
[2024-01-31T22:18:29.196+0000] {processor.py:161} INFO - Started process (PID=119) to work on /opt/airflow/dags/Batch.py
[2024-01-31T22:18:29.197+0000] {processor.py:830} INFO - Processing file /opt/airflow/dags/Batch.py for tasks to queue
[2024-01-31T22:18:29.199+0000] {logging_mixin.py:188} INFO - [2024-01-31T22:18:29.198+0000] {dagbag.py:538} INFO - Filling up the DagBag from /opt/airflow/dags/Batch.py
[2024-01-31T22:18:29.229+0000] {processor.py:840} INFO - DAG(s) 'welcome_dag' retrieved from /opt/airflow/dags/Batch.py
[2024-01-31T22:18:29.267+0000] {logging_mixin.py:188} INFO - [2024-01-31T22:18:29.267+0000] {dag.py:3036} INFO - Sync 1 DAGs
[2024-01-31T22:18:29.297+0000] {logging_mixin.py:188} INFO - [2024-01-31T22:18:29.297+0000] {dag.py:3823} INFO - Setting next_dagrun for welcome_dag to 2024-01-30 23:00:00+00:00, run_after=2024-01-31 23:00:00+00:00
[2024-01-31T22:18:29.371+0000] {processor.py:183} INFO - Processing /opt/airflow/dags/Batch.py took 0.178 seconds
[2024-01-31T22:18:59.648+0000] {processor.py:161} INFO - Started process (PID=120) to work on /opt/airflow/dags/Batch.py
[2024-01-31T22:18:59.649+0000] {processor.py:830} INFO - Processing file /opt/airflow/dags/Batch.py for tasks to queue
[2024-01-31T22:18:59.651+0000] {logging_mixin.py:188} INFO - [2024-01-31T22:18:59.650+0000] {dagbag.py:538} INFO - Filling up the DagBag from /opt/airflow/dags/Batch.py
[2024-01-31T22:18:59.696+0000] {processor.py:840} INFO - DAG(s) 'welcome_dag' retrieved from /opt/airflow/dags/Batch.py
[2024-01-31T22:18:59.832+0000] {logging_mixin.py:188} INFO - [2024-01-31T22:18:59.831+0000] {dag.py:3036} INFO - Sync 1 DAGs
[2024-01-31T22:18:59.867+0000] {logging_mixin.py:188} INFO - [2024-01-31T22:18:59.867+0000] {dag.py:3823} INFO - Setting next_dagrun for welcome_dag to 2024-01-30 23:00:00+00:00, run_after=2024-01-31 23:00:00+00:00
[2024-01-31T22:18:59.992+0000] {processor.py:183} INFO - Processing /opt/airflow/dags/Batch.py took 0.347 seconds
[2024-01-31T22:19:30.441+0000] {processor.py:161} INFO - Started process (PID=121) to work on /opt/airflow/dags/Batch.py
[2024-01-31T22:19:30.444+0000] {processor.py:830} INFO - Processing file /opt/airflow/dags/Batch.py for tasks to queue
[2024-01-31T22:19:30.447+0000] {logging_mixin.py:188} INFO - [2024-01-31T22:19:30.446+0000] {dagbag.py:538} INFO - Filling up the DagBag from /opt/airflow/dags/Batch.py
[2024-01-31T22:19:30.494+0000] {processor.py:840} INFO - DAG(s) 'welcome_dag' retrieved from /opt/airflow/dags/Batch.py
[2024-01-31T22:19:30.555+0000] {logging_mixin.py:188} INFO - [2024-01-31T22:19:30.555+0000] {dag.py:3036} INFO - Sync 1 DAGs
[2024-01-31T22:19:30.613+0000] {logging_mixin.py:188} INFO - [2024-01-31T22:19:30.611+0000] {dag.py:3823} INFO - Setting next_dagrun for welcome_dag to 2024-01-30 23:00:00+00:00, run_after=2024-01-31 23:00:00+00:00
[2024-01-31T22:19:30.700+0000] {processor.py:183} INFO - Processing /opt/airflow/dags/Batch.py took 0.271 seconds
[2024-01-31T22:20:01.104+0000] {processor.py:161} INFO - Started process (PID=122) to work on /opt/airflow/dags/Batch.py
[2024-01-31T22:20:01.108+0000] {processor.py:830} INFO - Processing file /opt/airflow/dags/Batch.py for tasks to queue
[2024-01-31T22:20:01.110+0000] {logging_mixin.py:188} INFO - [2024-01-31T22:20:01.109+0000] {dagbag.py:538} INFO - Filling up the DagBag from /opt/airflow/dags/Batch.py
[2024-01-31T22:20:01.189+0000] {processor.py:840} INFO - DAG(s) 'welcome_dag' retrieved from /opt/airflow/dags/Batch.py
[2024-01-31T22:20:01.281+0000] {logging_mixin.py:188} INFO - [2024-01-31T22:20:01.280+0000] {dag.py:3036} INFO - Sync 1 DAGs
[2024-01-31T22:20:01.377+0000] {logging_mixin.py:188} INFO - [2024-01-31T22:20:01.377+0000] {dag.py:3823} INFO - Setting next_dagrun for welcome_dag to 2024-01-30 23:00:00+00:00, run_after=2024-01-31 23:00:00+00:00
[2024-01-31T22:20:01.524+0000] {processor.py:183} INFO - Processing /opt/airflow/dags/Batch.py took 0.429 seconds
[2024-01-31T22:20:31.959+0000] {processor.py:161} INFO - Started process (PID=123) to work on /opt/airflow/dags/Batch.py
[2024-01-31T22:20:31.961+0000] {processor.py:830} INFO - Processing file /opt/airflow/dags/Batch.py for tasks to queue
[2024-01-31T22:20:31.962+0000] {logging_mixin.py:188} INFO - [2024-01-31T22:20:31.962+0000] {dagbag.py:538} INFO - Filling up the DagBag from /opt/airflow/dags/Batch.py
[2024-01-31T22:20:32.012+0000] {processor.py:840} INFO - DAG(s) 'welcome_dag' retrieved from /opt/airflow/dags/Batch.py
[2024-01-31T22:20:32.059+0000] {logging_mixin.py:188} INFO - [2024-01-31T22:20:32.059+0000] {dag.py:3036} INFO - Sync 1 DAGs
[2024-01-31T22:20:32.099+0000] {logging_mixin.py:188} INFO - [2024-01-31T22:20:32.098+0000] {dag.py:3823} INFO - Setting next_dagrun for welcome_dag to 2024-01-30 23:00:00+00:00, run_after=2024-01-31 23:00:00+00:00
[2024-01-31T22:20:32.217+0000] {processor.py:183} INFO - Processing /opt/airflow/dags/Batch.py took 0.266 seconds
[2024-01-31T22:21:02.639+0000] {processor.py:161} INFO - Started process (PID=124) to work on /opt/airflow/dags/Batch.py
[2024-01-31T22:21:02.647+0000] {processor.py:830} INFO - Processing file /opt/airflow/dags/Batch.py for tasks to queue
[2024-01-31T22:21:02.651+0000] {logging_mixin.py:188} INFO - [2024-01-31T22:21:02.650+0000] {dagbag.py:538} INFO - Filling up the DagBag from /opt/airflow/dags/Batch.py
[2024-01-31T22:21:02.744+0000] {processor.py:840} INFO - DAG(s) 'welcome_dag' retrieved from /opt/airflow/dags/Batch.py
[2024-01-31T22:21:02.848+0000] {logging_mixin.py:188} INFO - [2024-01-31T22:21:02.847+0000] {dag.py:3036} INFO - Sync 1 DAGs
[2024-01-31T22:21:02.947+0000] {logging_mixin.py:188} INFO - [2024-01-31T22:21:02.947+0000] {dag.py:3823} INFO - Setting next_dagrun for welcome_dag to 2024-01-30 23:00:00+00:00, run_after=2024-01-31 23:00:00+00:00
[2024-01-31T22:21:03.094+0000] {processor.py:183} INFO - Processing /opt/airflow/dags/Batch.py took 0.475 seconds
[2024-01-31T22:21:33.386+0000] {processor.py:161} INFO - Started process (PID=125) to work on /opt/airflow/dags/Batch.py
[2024-01-31T22:21:33.390+0000] {processor.py:830} INFO - Processing file /opt/airflow/dags/Batch.py for tasks to queue
[2024-01-31T22:21:33.391+0000] {logging_mixin.py:188} INFO - [2024-01-31T22:21:33.391+0000] {dagbag.py:538} INFO - Filling up the DagBag from /opt/airflow/dags/Batch.py
[2024-01-31T22:21:33.432+0000] {processor.py:840} INFO - DAG(s) 'welcome_dag' retrieved from /opt/airflow/dags/Batch.py
[2024-01-31T22:21:33.472+0000] {logging_mixin.py:188} INFO - [2024-01-31T22:21:33.472+0000] {dag.py:3036} INFO - Sync 1 DAGs
[2024-01-31T22:21:33.504+0000] {logging_mixin.py:188} INFO - [2024-01-31T22:21:33.503+0000] {dag.py:3823} INFO - Setting next_dagrun for welcome_dag to 2024-01-30 23:00:00+00:00, run_after=2024-01-31 23:00:00+00:00
[2024-01-31T22:21:33.585+0000] {processor.py:183} INFO - Processing /opt/airflow/dags/Batch.py took 0.208 seconds
