[2024-01-31T19:57:54.901+0000] {processor.py:161} INFO - Started process (PID=57) to work on /opt/airflow/dags/Welcome_dag.py
[2024-01-31T19:57:54.905+0000] {processor.py:830} INFO - Processing file /opt/airflow/dags/Welcome_dag.py for tasks to queue
[2024-01-31T19:57:54.906+0000] {logging_mixin.py:188} INFO - [2024-01-31T19:57:54.906+0000] {dagbag.py:538} INFO - Filling up the DagBag from /opt/airflow/dags/Welcome_dag.py
[2024-01-31T19:57:54.941+0000] {processor.py:840} INFO - DAG(s) 'welcome_dag' retrieved from /opt/airflow/dags/Welcome_dag.py
[2024-01-31T19:57:54.958+0000] {logging_mixin.py:188} INFO - [2024-01-31T19:57:54.957+0000] {dag.py:3036} INFO - Sync 1 DAGs
[2024-01-31T19:57:54.989+0000] {logging_mixin.py:188} INFO - [2024-01-31T19:57:54.989+0000] {dag.py:3823} INFO - Setting next_dagrun for welcome_dag to 2024-01-30 23:00:00+00:00, run_after=2024-01-31 23:00:00+00:00
[2024-01-31T19:57:55.069+0000] {processor.py:183} INFO - Processing /opt/airflow/dags/Welcome_dag.py took 0.171 seconds
[2024-01-31T19:58:26.413+0000] {processor.py:161} INFO - Started process (PID=71) to work on /opt/airflow/dags/Welcome_dag.py
[2024-01-31T19:58:26.418+0000] {processor.py:830} INFO - Processing file /opt/airflow/dags/Welcome_dag.py for tasks to queue
[2024-01-31T19:58:26.421+0000] {logging_mixin.py:188} INFO - [2024-01-31T19:58:26.420+0000] {dagbag.py:538} INFO - Filling up the DagBag from /opt/airflow/dags/Welcome_dag.py
[2024-01-31T19:58:26.502+0000] {processor.py:840} INFO - DAG(s) 'welcome_dag' retrieved from /opt/airflow/dags/Welcome_dag.py
[2024-01-31T19:58:26.942+0000] {logging_mixin.py:188} INFO - [2024-01-31T19:58:26.942+0000] {dag.py:3036} INFO - Sync 1 DAGs
[2024-01-31T19:58:26.997+0000] {logging_mixin.py:188} INFO - [2024-01-31T19:58:26.996+0000] {dag.py:3823} INFO - Setting next_dagrun for welcome_dag to 2024-01-30 23:00:00+00:00, run_after=2024-01-31 23:00:00+00:00
[2024-01-31T19:58:27.086+0000] {processor.py:183} INFO - Processing /opt/airflow/dags/Welcome_dag.py took 0.695 seconds
[2024-01-31T19:58:57.537+0000] {processor.py:161} INFO - Started process (PID=72) to work on /opt/airflow/dags/Welcome_dag.py
[2024-01-31T19:58:57.549+0000] {processor.py:830} INFO - Processing file /opt/airflow/dags/Welcome_dag.py for tasks to queue
[2024-01-31T19:58:57.555+0000] {logging_mixin.py:188} INFO - [2024-01-31T19:58:57.553+0000] {dagbag.py:538} INFO - Filling up the DagBag from /opt/airflow/dags/Welcome_dag.py
[2024-01-31T19:58:57.671+0000] {processor.py:840} INFO - DAG(s) 'welcome_dag' retrieved from /opt/airflow/dags/Welcome_dag.py
[2024-01-31T19:58:57.762+0000] {logging_mixin.py:188} INFO - [2024-01-31T19:58:57.761+0000] {dag.py:3036} INFO - Sync 1 DAGs
[2024-01-31T19:58:57.838+0000] {logging_mixin.py:188} INFO - [2024-01-31T19:58:57.838+0000] {dag.py:3823} INFO - Setting next_dagrun for welcome_dag to 2024-01-30 23:00:00+00:00, run_after=2024-01-31 23:00:00+00:00
[2024-01-31T19:58:57.935+0000] {processor.py:183} INFO - Processing /opt/airflow/dags/Welcome_dag.py took 0.401 seconds
[2024-01-31T19:59:15.016+0000] {processor.py:161} INFO - Started process (PID=73) to work on /opt/airflow/dags/Welcome_dag.py
[2024-01-31T19:59:15.017+0000] {processor.py:830} INFO - Processing file /opt/airflow/dags/Welcome_dag.py for tasks to queue
[2024-01-31T19:59:15.019+0000] {logging_mixin.py:188} INFO - [2024-01-31T19:59:15.018+0000] {dagbag.py:538} INFO - Filling up the DagBag from /opt/airflow/dags/Welcome_dag.py
[2024-01-31T19:59:15.069+0000] {processor.py:840} INFO - DAG(s) 'welcome_dag' retrieved from /opt/airflow/dags/Welcome_dag.py
[2024-01-31T19:59:15.409+0000] {logging_mixin.py:188} INFO - [2024-01-31T19:59:15.408+0000] {dag.py:3036} INFO - Sync 1 DAGs
[2024-01-31T19:59:15.475+0000] {logging_mixin.py:188} INFO - [2024-01-31T19:59:15.475+0000] {dag.py:3823} INFO - Setting next_dagrun for welcome_dag to 2024-01-30 23:00:00+00:00, run_after=2024-01-31 23:00:00+00:00
[2024-01-31T19:59:15.594+0000] {processor.py:183} INFO - Processing /opt/airflow/dags/Welcome_dag.py took 0.580 seconds
[2024-01-31T19:59:18.038+0000] {processor.py:161} INFO - Started process (PID=74) to work on /opt/airflow/dags/Welcome_dag.py
[2024-01-31T19:59:18.040+0000] {processor.py:830} INFO - Processing file /opt/airflow/dags/Welcome_dag.py for tasks to queue
[2024-01-31T19:59:18.041+0000] {logging_mixin.py:188} INFO - [2024-01-31T19:59:18.041+0000] {dagbag.py:538} INFO - Filling up the DagBag from /opt/airflow/dags/Welcome_dag.py
[2024-01-31T19:59:18.104+0000] {logging_mixin.py:188} INFO - [2024-01-31T19:59:18.095+0000] {dagbag.py:348} ERROR - Failed to import: /opt/airflow/dags/Welcome_dag.py
Traceback (most recent call last):
  File "/home/airflow/.local/lib/python3.8/site-packages/airflow/models/dagbag.py", line 344, in parse
    loader.exec_module(new_module)
  File "<frozen importlib._bootstrap_external>", line 843, in exec_module
  File "<frozen importlib._bootstrap>", line 219, in _call_with_frames_removed
  File "/opt/airflow/dags/Welcome_dag.py", line 87, in <module>
    print_welcome_task >> print_date_task >> print_random_quote
NameError: name 'print_welcome_task' is not defined
[2024-01-31T19:59:18.107+0000] {processor.py:842} WARNING - No viable dags retrieved from /opt/airflow/dags/Welcome_dag.py
[2024-01-31T19:59:18.160+0000] {processor.py:183} INFO - Processing /opt/airflow/dags/Welcome_dag.py took 0.131 seconds
[2024-01-31T19:59:23.218+0000] {processor.py:161} INFO - Started process (PID=75) to work on /opt/airflow/dags/Welcome_dag.py
[2024-01-31T19:59:23.219+0000] {processor.py:830} INFO - Processing file /opt/airflow/dags/Welcome_dag.py for tasks to queue
[2024-01-31T19:59:23.221+0000] {logging_mixin.py:188} INFO - [2024-01-31T19:59:23.220+0000] {dagbag.py:538} INFO - Filling up the DagBag from /opt/airflow/dags/Welcome_dag.py
[2024-01-31T19:59:23.285+0000] {processor.py:840} INFO - DAG(s) 'welcome_dag' retrieved from /opt/airflow/dags/Welcome_dag.py
[2024-01-31T19:59:23.313+0000] {logging_mixin.py:188} INFO - [2024-01-31T19:59:23.312+0000] {dag.py:3036} INFO - Sync 1 DAGs
[2024-01-31T19:59:23.348+0000] {logging_mixin.py:188} INFO - [2024-01-31T19:59:23.348+0000] {dag.py:3823} INFO - Setting next_dagrun for welcome_dag to 2024-01-30 23:00:00+00:00, run_after=2024-01-31 23:00:00+00:00
[2024-01-31T19:59:23.500+0000] {processor.py:183} INFO - Processing /opt/airflow/dags/Welcome_dag.py took 0.284 seconds
[2024-01-31T19:59:32.433+0000] {processor.py:161} INFO - Started process (PID=76) to work on /opt/airflow/dags/Welcome_dag.py
[2024-01-31T19:59:32.435+0000] {processor.py:830} INFO - Processing file /opt/airflow/dags/Welcome_dag.py for tasks to queue
[2024-01-31T19:59:32.440+0000] {logging_mixin.py:188} INFO - [2024-01-31T19:59:32.437+0000] {dagbag.py:538} INFO - Filling up the DagBag from /opt/airflow/dags/Welcome_dag.py
[2024-01-31T19:59:32.541+0000] {logging_mixin.py:188} INFO - [2024-01-31T19:59:32.527+0000] {dagbag.py:348} ERROR - Failed to import: /opt/airflow/dags/Welcome_dag.py
Traceback (most recent call last):
  File "/home/airflow/.local/lib/python3.8/site-packages/airflow/models/dagbag.py", line 344, in parse
    loader.exec_module(new_module)
  File "<frozen importlib._bootstrap_external>", line 843, in exec_module
  File "<frozen importlib._bootstrap>", line 219, in _call_with_frames_removed
  File "/opt/airflow/dags/Welcome_dag.py", line 87, in <module>
    data_ingestion >> data_retrieval >> print_random_quote
NameError: name 'data_retrieval' is not defined
[2024-01-31T19:59:32.544+0000] {processor.py:842} WARNING - No viable dags retrieved from /opt/airflow/dags/Welcome_dag.py
[2024-01-31T19:59:32.598+0000] {processor.py:183} INFO - Processing /opt/airflow/dags/Welcome_dag.py took 0.169 seconds
[2024-01-31T19:59:36.090+0000] {processor.py:161} INFO - Started process (PID=77) to work on /opt/airflow/dags/Welcome_dag.py
[2024-01-31T19:59:36.091+0000] {processor.py:830} INFO - Processing file /opt/airflow/dags/Welcome_dag.py for tasks to queue
[2024-01-31T19:59:36.093+0000] {logging_mixin.py:188} INFO - [2024-01-31T19:59:36.092+0000] {dagbag.py:538} INFO - Filling up the DagBag from /opt/airflow/dags/Welcome_dag.py
[2024-01-31T19:59:36.148+0000] {processor.py:840} INFO - DAG(s) 'welcome_dag' retrieved from /opt/airflow/dags/Welcome_dag.py
[2024-01-31T19:59:36.164+0000] {logging_mixin.py:188} INFO - [2024-01-31T19:59:36.164+0000] {dag.py:3036} INFO - Sync 1 DAGs
[2024-01-31T19:59:36.191+0000] {logging_mixin.py:188} INFO - [2024-01-31T19:59:36.191+0000] {dag.py:3823} INFO - Setting next_dagrun for welcome_dag to 2024-01-30 23:00:00+00:00, run_after=2024-01-31 23:00:00+00:00
[2024-01-31T19:59:36.291+0000] {processor.py:183} INFO - Processing /opt/airflow/dags/Welcome_dag.py took 0.204 seconds
[2024-01-31T19:59:37.563+0000] {processor.py:161} INFO - Started process (PID=78) to work on /opt/airflow/dags/Welcome_dag.py
[2024-01-31T19:59:37.566+0000] {processor.py:830} INFO - Processing file /opt/airflow/dags/Welcome_dag.py for tasks to queue
[2024-01-31T19:59:37.567+0000] {logging_mixin.py:188} INFO - [2024-01-31T19:59:37.567+0000] {dagbag.py:538} INFO - Filling up the DagBag from /opt/airflow/dags/Welcome_dag.py
[2024-01-31T19:59:37.722+0000] {processor.py:840} INFO - DAG(s) 'welcome_dag' retrieved from /opt/airflow/dags/Welcome_dag.py
[2024-01-31T19:59:37.742+0000] {logging_mixin.py:188} INFO - [2024-01-31T19:59:37.741+0000] {dag.py:3036} INFO - Sync 1 DAGs
[2024-01-31T19:59:37.772+0000] {logging_mixin.py:188} INFO - [2024-01-31T19:59:37.771+0000] {dag.py:3823} INFO - Setting next_dagrun for welcome_dag to 2024-01-30 23:00:00+00:00, run_after=2024-01-31 23:00:00+00:00
[2024-01-31T19:59:37.864+0000] {processor.py:183} INFO - Processing /opt/airflow/dags/Welcome_dag.py took 0.311 seconds
[2024-01-31T19:59:45.361+0000] {processor.py:161} INFO - Started process (PID=79) to work on /opt/airflow/dags/Welcome_dag.py
[2024-01-31T19:59:45.362+0000] {processor.py:830} INFO - Processing file /opt/airflow/dags/Welcome_dag.py for tasks to queue
[2024-01-31T19:59:45.364+0000] {logging_mixin.py:188} INFO - [2024-01-31T19:59:45.364+0000] {dagbag.py:538} INFO - Filling up the DagBag from /opt/airflow/dags/Welcome_dag.py
[2024-01-31T19:59:45.434+0000] {logging_mixin.py:188} INFO - [2024-01-31T19:59:45.427+0000] {dagbag.py:348} ERROR - Failed to import: /opt/airflow/dags/Welcome_dag.py
Traceback (most recent call last):
  File "/home/airflow/.local/lib/python3.8/site-packages/airflow/models/dagbag.py", line 344, in parse
    loader.exec_module(new_module)
  File "<frozen importlib._bootstrap_external>", line 843, in exec_module
  File "<frozen importlib._bootstrap>", line 219, in _call_with_frames_removed
  File "/opt/airflow/dags/Welcome_dag.py", line 87, in <module>
    data_ingestion >> data_retrieval >> data_warehouse
NameError: name 'data_warehouse' is not defined
[2024-01-31T19:59:45.438+0000] {processor.py:842} WARNING - No viable dags retrieved from /opt/airflow/dags/Welcome_dag.py
[2024-01-31T19:59:45.491+0000] {processor.py:183} INFO - Processing /opt/airflow/dags/Welcome_dag.py took 0.134 seconds
[2024-01-31T19:59:51.680+0000] {processor.py:161} INFO - Started process (PID=80) to work on /opt/airflow/dags/Welcome_dag.py
[2024-01-31T19:59:51.682+0000] {processor.py:830} INFO - Processing file /opt/airflow/dags/Welcome_dag.py for tasks to queue
[2024-01-31T19:59:51.684+0000] {logging_mixin.py:188} INFO - [2024-01-31T19:59:51.683+0000] {dagbag.py:538} INFO - Filling up the DagBag from /opt/airflow/dags/Welcome_dag.py
[2024-01-31T19:59:51.728+0000] {logging_mixin.py:188} INFO - [2024-01-31T19:59:51.720+0000] {dagbag.py:348} ERROR - Failed to import: /opt/airflow/dags/Welcome_dag.py
Traceback (most recent call last):
  File "/home/airflow/.local/lib/python3.8/site-packages/airflow/models/dagbag.py", line 344, in parse
    loader.exec_module(new_module)
  File "<frozen importlib._bootstrap_external>", line 843, in exec_module
  File "<frozen importlib._bootstrap>", line 219, in _call_with_frames_removed
  File "/opt/airflow/dags/Welcome_dag.py", line 87, in <module>
    data_ingestion >> data_retrieval >> data_warehouse
NameError: name 'data_warehouse' is not defined
[2024-01-31T19:59:51.731+0000] {processor.py:842} WARNING - No viable dags retrieved from /opt/airflow/dags/Welcome_dag.py
[2024-01-31T19:59:51.766+0000] {processor.py:183} INFO - Processing /opt/airflow/dags/Welcome_dag.py took 0.090 seconds
[2024-01-31T19:59:53.036+0000] {processor.py:161} INFO - Started process (PID=81) to work on /opt/airflow/dags/Welcome_dag.py
[2024-01-31T19:59:53.037+0000] {processor.py:830} INFO - Processing file /opt/airflow/dags/Welcome_dag.py for tasks to queue
[2024-01-31T19:59:53.039+0000] {logging_mixin.py:188} INFO - [2024-01-31T19:59:53.038+0000] {dagbag.py:538} INFO - Filling up the DagBag from /opt/airflow/dags/Welcome_dag.py
[2024-01-31T19:59:53.105+0000] {processor.py:840} INFO - DAG(s) 'welcome_dag' retrieved from /opt/airflow/dags/Welcome_dag.py
[2024-01-31T19:59:53.298+0000] {logging_mixin.py:188} INFO - [2024-01-31T19:59:53.298+0000] {dag.py:3036} INFO - Sync 1 DAGs
[2024-01-31T19:59:53.351+0000] {logging_mixin.py:188} INFO - [2024-01-31T19:59:53.349+0000] {dag.py:3823} INFO - Setting next_dagrun for welcome_dag to 2024-01-30 23:00:00+00:00, run_after=2024-01-31 23:00:00+00:00
[2024-01-31T19:59:53.528+0000] {processor.py:183} INFO - Processing /opt/airflow/dags/Welcome_dag.py took 0.495 seconds
[2024-01-31T19:59:57.740+0000] {processor.py:161} INFO - Started process (PID=82) to work on /opt/airflow/dags/Welcome_dag.py
[2024-01-31T19:59:57.741+0000] {processor.py:830} INFO - Processing file /opt/airflow/dags/Welcome_dag.py for tasks to queue
[2024-01-31T19:59:57.743+0000] {logging_mixin.py:188} INFO - [2024-01-31T19:59:57.742+0000] {dagbag.py:538} INFO - Filling up the DagBag from /opt/airflow/dags/Welcome_dag.py
[2024-01-31T19:59:57.803+0000] {processor.py:840} INFO - DAG(s) 'welcome_dag' retrieved from /opt/airflow/dags/Welcome_dag.py
[2024-01-31T19:59:57.827+0000] {logging_mixin.py:188} INFO - [2024-01-31T19:59:57.827+0000] {dag.py:3036} INFO - Sync 1 DAGs
[2024-01-31T19:59:57.858+0000] {logging_mixin.py:188} INFO - [2024-01-31T19:59:57.857+0000] {dag.py:3823} INFO - Setting next_dagrun for welcome_dag to 2024-01-30 23:00:00+00:00, run_after=2024-01-31 23:00:00+00:00
[2024-01-31T19:59:57.981+0000] {processor.py:183} INFO - Processing /opt/airflow/dags/Welcome_dag.py took 0.243 seconds
[2024-01-31T20:00:28.132+0000] {processor.py:161} INFO - Started process (PID=83) to work on /opt/airflow/dags/Welcome_dag.py
[2024-01-31T20:00:28.134+0000] {processor.py:830} INFO - Processing file /opt/airflow/dags/Welcome_dag.py for tasks to queue
[2024-01-31T20:00:28.135+0000] {logging_mixin.py:188} INFO - [2024-01-31T20:00:28.135+0000] {dagbag.py:538} INFO - Filling up the DagBag from /opt/airflow/dags/Welcome_dag.py
[2024-01-31T20:00:28.209+0000] {processor.py:840} INFO - DAG(s) 'welcome_dag' retrieved from /opt/airflow/dags/Welcome_dag.py
[2024-01-31T20:00:28.306+0000] {logging_mixin.py:188} INFO - [2024-01-31T20:00:28.306+0000] {dag.py:3036} INFO - Sync 1 DAGs
[2024-01-31T20:00:28.346+0000] {logging_mixin.py:188} INFO - [2024-01-31T20:00:28.346+0000] {dag.py:3823} INFO - Setting next_dagrun for welcome_dag to 2024-01-30 23:00:00+00:00, run_after=2024-01-31 23:00:00+00:00
[2024-01-31T20:00:28.441+0000] {processor.py:183} INFO - Processing /opt/airflow/dags/Welcome_dag.py took 0.325 seconds
[2024-01-31T20:01:02.861+0000] {processor.py:161} INFO - Started process (PID=94) to work on /opt/airflow/dags/Welcome_dag.py
[2024-01-31T20:01:02.862+0000] {processor.py:830} INFO - Processing file /opt/airflow/dags/Welcome_dag.py for tasks to queue
[2024-01-31T20:01:02.864+0000] {logging_mixin.py:188} INFO - [2024-01-31T20:01:02.863+0000] {dagbag.py:538} INFO - Filling up the DagBag from /opt/airflow/dags/Welcome_dag.py
[2024-01-31T20:01:02.907+0000] {processor.py:840} INFO - DAG(s) 'welcome_dag' retrieved from /opt/airflow/dags/Welcome_dag.py
[2024-01-31T20:01:02.946+0000] {logging_mixin.py:188} INFO - [2024-01-31T20:01:02.946+0000] {dag.py:3036} INFO - Sync 1 DAGs
[2024-01-31T20:01:02.979+0000] {logging_mixin.py:188} INFO - [2024-01-31T20:01:02.978+0000] {dag.py:3823} INFO - Setting next_dagrun for welcome_dag to 2024-01-30 23:00:00+00:00, run_after=2024-01-31 23:00:00+00:00
[2024-01-31T20:01:03.073+0000] {processor.py:183} INFO - Processing /opt/airflow/dags/Welcome_dag.py took 0.215 seconds
[2024-01-31T20:01:34.273+0000] {processor.py:161} INFO - Started process (PID=115) to work on /opt/airflow/dags/Welcome_dag.py
[2024-01-31T20:01:34.274+0000] {processor.py:830} INFO - Processing file /opt/airflow/dags/Welcome_dag.py for tasks to queue
[2024-01-31T20:01:34.276+0000] {logging_mixin.py:188} INFO - [2024-01-31T20:01:34.275+0000] {dagbag.py:538} INFO - Filling up the DagBag from /opt/airflow/dags/Welcome_dag.py
[2024-01-31T20:01:34.303+0000] {processor.py:840} INFO - DAG(s) 'welcome_dag' retrieved from /opt/airflow/dags/Welcome_dag.py
[2024-01-31T20:01:34.342+0000] {logging_mixin.py:188} INFO - [2024-01-31T20:01:34.342+0000] {dag.py:3036} INFO - Sync 1 DAGs
[2024-01-31T20:01:34.372+0000] {logging_mixin.py:188} INFO - [2024-01-31T20:01:34.372+0000] {dag.py:3823} INFO - Setting next_dagrun for welcome_dag to 2024-01-30 23:00:00+00:00, run_after=2024-01-31 23:00:00+00:00
[2024-01-31T20:01:34.447+0000] {processor.py:183} INFO - Processing /opt/airflow/dags/Welcome_dag.py took 0.178 seconds
[2024-01-31T20:02:04.702+0000] {processor.py:161} INFO - Started process (PID=116) to work on /opt/airflow/dags/Welcome_dag.py
[2024-01-31T20:02:04.704+0000] {processor.py:830} INFO - Processing file /opt/airflow/dags/Welcome_dag.py for tasks to queue
[2024-01-31T20:02:04.706+0000] {logging_mixin.py:188} INFO - [2024-01-31T20:02:04.705+0000] {dagbag.py:538} INFO - Filling up the DagBag from /opt/airflow/dags/Welcome_dag.py
[2024-01-31T20:02:04.751+0000] {processor.py:840} INFO - DAG(s) 'welcome_dag' retrieved from /opt/airflow/dags/Welcome_dag.py
[2024-01-31T20:02:04.884+0000] {logging_mixin.py:188} INFO - [2024-01-31T20:02:04.884+0000] {dag.py:3036} INFO - Sync 1 DAGs
[2024-01-31T20:02:04.964+0000] {logging_mixin.py:188} INFO - [2024-01-31T20:02:04.964+0000] {dag.py:3823} INFO - Setting next_dagrun for welcome_dag to 2024-01-30 23:00:00+00:00, run_after=2024-01-31 23:00:00+00:00
[2024-01-31T20:02:05.141+0000] {processor.py:183} INFO - Processing /opt/airflow/dags/Welcome_dag.py took 0.442 seconds
[2024-01-31T20:02:35.552+0000] {processor.py:161} INFO - Started process (PID=117) to work on /opt/airflow/dags/Welcome_dag.py
[2024-01-31T20:02:35.554+0000] {processor.py:830} INFO - Processing file /opt/airflow/dags/Welcome_dag.py for tasks to queue
[2024-01-31T20:02:35.555+0000] {logging_mixin.py:188} INFO - [2024-01-31T20:02:35.555+0000] {dagbag.py:538} INFO - Filling up the DagBag from /opt/airflow/dags/Welcome_dag.py
[2024-01-31T20:02:35.587+0000] {processor.py:840} INFO - DAG(s) 'welcome_dag' retrieved from /opt/airflow/dags/Welcome_dag.py
[2024-01-31T20:02:35.709+0000] {logging_mixin.py:188} INFO - [2024-01-31T20:02:35.709+0000] {dag.py:3036} INFO - Sync 1 DAGs
[2024-01-31T20:02:35.798+0000] {logging_mixin.py:188} INFO - [2024-01-31T20:02:35.797+0000] {dag.py:3823} INFO - Setting next_dagrun for welcome_dag to 2024-01-30 23:00:00+00:00, run_after=2024-01-31 23:00:00+00:00
[2024-01-31T20:02:35.920+0000] {processor.py:183} INFO - Processing /opt/airflow/dags/Welcome_dag.py took 0.373 seconds
[2024-01-31T20:02:45.786+0000] {processor.py:161} INFO - Started process (PID=118) to work on /opt/airflow/dags/Welcome_dag.py
[2024-01-31T20:02:45.787+0000] {processor.py:830} INFO - Processing file /opt/airflow/dags/Welcome_dag.py for tasks to queue
[2024-01-31T20:02:45.789+0000] {logging_mixin.py:188} INFO - [2024-01-31T20:02:45.788+0000] {dagbag.py:538} INFO - Filling up the DagBag from /opt/airflow/dags/Welcome_dag.py
[2024-01-31T20:02:45.845+0000] {processor.py:840} INFO - DAG(s) 'welcome_dag' retrieved from /opt/airflow/dags/Welcome_dag.py
[2024-01-31T20:02:45.896+0000] {logging_mixin.py:188} INFO - [2024-01-31T20:02:45.896+0000] {dag.py:3036} INFO - Sync 1 DAGs
[2024-01-31T20:02:45.930+0000] {logging_mixin.py:188} INFO - [2024-01-31T20:02:45.929+0000] {dag.py:3823} INFO - Setting next_dagrun for welcome_dag to 2024-01-30 23:00:00+00:00, run_after=2024-01-31 23:00:00+00:00
[2024-01-31T20:02:46.038+0000] {processor.py:183} INFO - Processing /opt/airflow/dags/Welcome_dag.py took 0.257 seconds
