[2024-02-01T10:12:48.704+0000] {processor.py:161} INFO - Started process (PID=467) to work on /opt/airflow/dags/batch_processing.py
[2024-02-01T10:12:48.705+0000] {processor.py:830} INFO - Processing file /opt/airflow/dags/batch_processing.py for tasks to queue
[2024-02-01T10:12:48.706+0000] {logging_mixin.py:188} INFO - [2024-02-01T10:12:48.706+0000] {dagbag.py:538} INFO - Filling up the DagBag from /opt/airflow/dags/batch_processing.py
[2024-02-01T10:12:48.792+0000] {processor.py:840} INFO - DAG(s) 'football_data_processing_dag' retrieved from /opt/airflow/dags/batch_processing.py
[2024-02-01T10:12:48.902+0000] {processor.py:161} INFO - Started process (PID=468) to work on /opt/airflow/dags/batch_processing.py
[2024-02-01T10:12:48.903+0000] {processor.py:830} INFO - Processing file /opt/airflow/dags/batch_processing.py for tasks to queue
[2024-02-01T10:12:48.904+0000] {logging_mixin.py:188} INFO - [2024-02-01T10:12:48.904+0000] {dagbag.py:538} INFO - Filling up the DagBag from /opt/airflow/dags/batch_processing.py
[2024-02-01T10:12:48.989+0000] {processor.py:840} INFO - DAG(s) 'football_data_processing_dag' retrieved from /opt/airflow/dags/batch_processing.py
[2024-02-01T10:12:49.346+0000] {logging_mixin.py:188} INFO - [2024-02-01T10:12:49.344+0000] {override.py:1769} INFO - Created Permission View: can read on DAG:football_data_processing_dag
[2024-02-01T10:12:49.389+0000] {logging_mixin.py:188} INFO - [2024-02-01T10:12:49.388+0000] {override.py:1769} INFO - Created Permission View: can edit on DAG:football_data_processing_dag
[2024-02-01T10:12:49.429+0000] {logging_mixin.py:188} INFO - [2024-02-01T10:12:49.428+0000] {override.py:1769} INFO - Created Permission View: can delete on DAG:football_data_processing_dag
[2024-02-01T10:12:49.430+0000] {logging_mixin.py:188} INFO - [2024-02-01T10:12:49.430+0000] {dag.py:3036} INFO - Sync 1 DAGs
[2024-02-01T10:12:49.457+0000] {logging_mixin.py:188} INFO - [2024-02-01T10:12:49.457+0000] {dag.py:3058} INFO - Creating ORM DAG for football_data_processing_dag
[2024-02-01T10:12:49.494+0000] {logging_mixin.py:188} INFO - [2024-02-01T10:12:49.493+0000] {dag.py:3823} INFO - Setting next_dagrun for football_data_processing_dag to 2024-01-01 00:00:00+00:00, run_after=2024-01-02 00:00:00+00:00
[2024-02-01T10:12:49.538+0000] {logging_mixin.py:188} INFO - [2024-02-01T10:12:49.537+0000] {dag.py:3036} INFO - Sync 1 DAGs
[2024-02-01T10:12:49.567+0000] {processor.py:183} INFO - Processing /opt/airflow/dags/batch_processing.py took 0.867 seconds
[2024-02-01T10:12:49.576+0000] {logging_mixin.py:188} INFO - [2024-02-01T10:12:49.576+0000] {dag.py:3823} INFO - Setting next_dagrun for football_data_processing_dag to 2024-01-01 00:00:00+00:00, run_after=2024-01-02 00:00:00+00:00
[2024-02-01T10:12:50.120+0000] {logging_mixin.py:188} INFO - [2024-02-01T10:12:50.102+0000] {dagbag.py:647} ERROR - Failed to write serialized DAG: /opt/airflow/dags/batch_processing.py
Traceback (most recent call last):
  File "/home/airflow/.local/lib/python3.8/site-packages/airflow/models/dagbag.py", line 635, in _serialize_dag_capturing_errors
    dag_was_updated = SerializedDagModel.write_dag(
  File "/home/airflow/.local/lib/python3.8/site-packages/airflow/utils/session.py", line 76, in wrapper
    return func(*args, **kwargs)
  File "/home/airflow/.local/lib/python3.8/site-packages/airflow/models/serialized_dag.py", line 157, in write_dag
    if session.scalar(
  File "/home/airflow/.local/lib/python3.8/site-packages/sqlalchemy/orm/session.py", line 1747, in scalar
    return self.execute(
  File "/home/airflow/.local/lib/python3.8/site-packages/sqlalchemy/orm/session.py", line 1716, in execute
    conn = self._connection_for_bind(bind)
  File "/home/airflow/.local/lib/python3.8/site-packages/sqlalchemy/orm/session.py", line 1555, in _connection_for_bind
    return self._transaction._connection_for_bind(
  File "/home/airflow/.local/lib/python3.8/site-packages/sqlalchemy/orm/session.py", line 724, in _connection_for_bind
    self._assert_active()
  File "/home/airflow/.local/lib/python3.8/site-packages/sqlalchemy/orm/session.py", line 604, in _assert_active
    raise sa_exc.PendingRollbackError(
sqlalchemy.exc.PendingRollbackError: This Session's transaction has been rolled back due to a previous exception during flush. To begin a new transaction with this Session, first issue Session.rollback(). Original exception was: (sqlite3.IntegrityError) UNIQUE constraint failed: serialized_dag.dag_id
[SQL: INSERT INTO serialized_dag (dag_id, fileloc, fileloc_hash, data, data_compressed, last_updated, dag_hash, processor_subdir) VALUES (?, ?, ?, ?, ?, ?, ?, ?)]
[parameters: ('football_data_processing_dag', '/opt/airflow/dags/batch_processing.py', 34808686033657958, '{"__version": 1, "dag": {"dataset_triggers": [], "fileloc": "/opt/airflow/dags/batch_processing.py", "edge_info": {}, "_task_group": {"_group_id": nu ... (2857 characters truncated) ... _module": "airflow.operators.bash", "_is_empty": false, "bash_command": "python /path/to/data_warehouse.py"}], "dag_dependencies": [], "params": {}}}', None, '2024-02-01 10:12:49.067899', '9fddd65d4fecb2f84f87bb85099a3002', '/opt/airflow/dags')]
(Background on this error at: https://sqlalche.me/e/14/gkpj) (Background on this error at: https://sqlalche.me/e/14/7s2a)
[2024-02-01T10:12:50.121+0000] {logging_mixin.py:188} INFO - [2024-02-01T10:12:50.121+0000] {dag.py:3036} INFO - Sync 1 DAGs
[2024-02-01T10:12:50.125+0000] {processor.py:186} ERROR - Got an exception! Propagating...
Traceback (most recent call last):
  File "/home/airflow/.local/lib/python3.8/site-packages/airflow/dag_processing/processor.py", line 182, in _run_file_processor
    _handle_dag_file_processing()
  File "/home/airflow/.local/lib/python3.8/site-packages/airflow/dag_processing/processor.py", line 163, in _handle_dag_file_processing
    result: tuple[int, int] = dag_file_processor.process_file(
  File "/home/airflow/.local/lib/python3.8/site-packages/airflow/utils/session.py", line 79, in wrapper
    return func(*args, session=session, **kwargs)
  File "/home/airflow/.local/lib/python3.8/site-packages/airflow/dag_processing/processor.py", line 859, in process_file
    serialize_errors = DagFileProcessor.save_dag_to_db(
  File "/home/airflow/.local/lib/python3.8/site-packages/airflow/api_internal/internal_api_call.py", line 114, in wrapper
    return func(*args, **kwargs)
  File "/home/airflow/.local/lib/python3.8/site-packages/airflow/utils/session.py", line 79, in wrapper
    return func(*args, session=session, **kwargs)
  File "/home/airflow/.local/lib/python3.8/site-packages/airflow/dag_processing/processor.py", line 895, in save_dag_to_db
    import_errors = DagBag._sync_to_db(dags=dags, processor_subdir=dag_directory, session=session)
  File "/home/airflow/.local/lib/python3.8/site-packages/airflow/utils/session.py", line 76, in wrapper
    return func(*args, **kwargs)
  File "/home/airflow/.local/lib/python3.8/site-packages/airflow/models/dagbag.py", line 657, in _sync_to_db
    for attempt in run_with_db_retries(logger=log):
  File "/home/airflow/.local/lib/python3.8/site-packages/tenacity/__init__.py", line 347, in __iter__
    do = self.iter(retry_state=retry_state)
  File "/home/airflow/.local/lib/python3.8/site-packages/tenacity/__init__.py", line 314, in iter
    return fut.result()
  File "/usr/local/lib/python3.8/concurrent/futures/_base.py", line 437, in result
    return self.__get_result()
  File "/usr/local/lib/python3.8/concurrent/futures/_base.py", line 389, in __get_result
    raise self._exception
  File "/home/airflow/.local/lib/python3.8/site-packages/airflow/models/dagbag.py", line 673, in _sync_to_db
    DAG.bulk_write_to_db(dags.values(), processor_subdir=processor_subdir, session=session)
  File "/home/airflow/.local/lib/python3.8/site-packages/airflow/utils/session.py", line 76, in wrapper
    return func(*args, **kwargs)
  File "/home/airflow/.local/lib/python3.8/site-packages/airflow/models/dag.py", line 3048, in bulk_write_to_db
    orm_dags: list[DagModel] = session.scalars(query).unique().all()
  File "/home/airflow/.local/lib/python3.8/site-packages/sqlalchemy/orm/session.py", line 1778, in scalars
    return self.execute(
  File "/home/airflow/.local/lib/python3.8/site-packages/sqlalchemy/orm/session.py", line 1716, in execute
    conn = self._connection_for_bind(bind)
  File "/home/airflow/.local/lib/python3.8/site-packages/sqlalchemy/orm/session.py", line 1555, in _connection_for_bind
    return self._transaction._connection_for_bind(
  File "/home/airflow/.local/lib/python3.8/site-packages/sqlalchemy/orm/session.py", line 724, in _connection_for_bind
    self._assert_active()
  File "/home/airflow/.local/lib/python3.8/site-packages/sqlalchemy/orm/session.py", line 604, in _assert_active
    raise sa_exc.PendingRollbackError(
sqlalchemy.exc.PendingRollbackError: This Session's transaction has been rolled back due to a previous exception during flush. To begin a new transaction with this Session, first issue Session.rollback(). Original exception was: (sqlite3.IntegrityError) UNIQUE constraint failed: serialized_dag.dag_id
[SQL: INSERT INTO serialized_dag (dag_id, fileloc, fileloc_hash, data, data_compressed, last_updated, dag_hash, processor_subdir) VALUES (?, ?, ?, ?, ?, ?, ?, ?)]
[parameters: ('football_data_processing_dag', '/opt/airflow/dags/batch_processing.py', 34808686033657958, '{"__version": 1, "dag": {"dataset_triggers": [], "fileloc": "/opt/airflow/dags/batch_processing.py", "edge_info": {}, "_task_group": {"_group_id": nu ... (2857 characters truncated) ... _module": "airflow.operators.bash", "_is_empty": false, "bash_command": "python /path/to/data_warehouse.py"}], "dag_dependencies": [], "params": {}}}', None, '2024-02-01 10:12:49.067899', '9fddd65d4fecb2f84f87bb85099a3002', '/opt/airflow/dags')]
(Background on this error at: https://sqlalche.me/e/14/gkpj) (Background on this error at: https://sqlalche.me/e/14/7s2a)
[2024-02-01T10:13:02.089+0000] {processor.py:161} INFO - Started process (PID=471) to work on /opt/airflow/dags/batch_processing.py
[2024-02-01T10:13:02.090+0000] {processor.py:830} INFO - Processing file /opt/airflow/dags/batch_processing.py for tasks to queue
[2024-02-01T10:13:02.092+0000] {logging_mixin.py:188} INFO - [2024-02-01T10:13:02.091+0000] {dagbag.py:538} INFO - Filling up the DagBag from /opt/airflow/dags/batch_processing.py
[2024-02-01T10:13:02.133+0000] {processor.py:840} INFO - DAG(s) 'football_data_processing_dag' retrieved from /opt/airflow/dags/batch_processing.py
[2024-02-01T10:13:02.155+0000] {logging_mixin.py:188} INFO - [2024-02-01T10:13:02.154+0000] {dag.py:3036} INFO - Sync 1 DAGs
[2024-02-01T10:13:02.187+0000] {logging_mixin.py:188} INFO - [2024-02-01T10:13:02.186+0000] {dag.py:3823} INFO - Setting next_dagrun for football_data_processing_dag to 2024-01-01 00:00:00+00:00, run_after=2024-01-02 00:00:00+00:00
[2024-02-01T10:13:02.264+0000] {processor.py:183} INFO - Processing /opt/airflow/dags/batch_processing.py took 0.178 seconds
[2024-02-01T10:13:02.914+0000] {processor.py:161} INFO - Started process (PID=472) to work on /opt/airflow/dags/batch_processing.py
[2024-02-01T10:13:02.915+0000] {processor.py:830} INFO - Processing file /opt/airflow/dags/batch_processing.py for tasks to queue
[2024-02-01T10:13:02.916+0000] {logging_mixin.py:188} INFO - [2024-02-01T10:13:02.916+0000] {dagbag.py:538} INFO - Filling up the DagBag from /opt/airflow/dags/batch_processing.py
[2024-02-01T10:13:02.945+0000] {processor.py:840} INFO - DAG(s) 'football_data_processing_dag' retrieved from /opt/airflow/dags/batch_processing.py
[2024-02-01T10:13:02.971+0000] {logging_mixin.py:188} INFO - [2024-02-01T10:13:02.971+0000] {dag.py:3036} INFO - Sync 1 DAGs
[2024-02-01T10:13:03.003+0000] {logging_mixin.py:188} INFO - [2024-02-01T10:13:03.003+0000] {dag.py:3823} INFO - Setting next_dagrun for football_data_processing_dag to 2024-01-01 00:00:00+00:00, run_after=2024-01-02 00:00:00+00:00
[2024-02-01T10:13:03.097+0000] {processor.py:183} INFO - Processing /opt/airflow/dags/batch_processing.py took 0.187 seconds
[2024-02-01T10:13:05.512+0000] {processor.py:161} INFO - Started process (PID=473) to work on /opt/airflow/dags/batch_processing.py
[2024-02-01T10:13:05.514+0000] {processor.py:830} INFO - Processing file /opt/airflow/dags/batch_processing.py for tasks to queue
[2024-02-01T10:13:05.516+0000] {logging_mixin.py:188} INFO - [2024-02-01T10:13:05.515+0000] {dagbag.py:538} INFO - Filling up the DagBag from /opt/airflow/dags/batch_processing.py
[2024-02-01T10:13:05.578+0000] {processor.py:840} INFO - DAG(s) 'football_data_processing_dag' retrieved from /opt/airflow/dags/batch_processing.py
[2024-02-01T10:13:05.594+0000] {logging_mixin.py:188} INFO - [2024-02-01T10:13:05.594+0000] {dag.py:3036} INFO - Sync 1 DAGs
[2024-02-01T10:13:05.632+0000] {logging_mixin.py:188} INFO - [2024-02-01T10:13:05.632+0000] {dag.py:3823} INFO - Setting next_dagrun for football_data_processing_dag to 2024-01-01 00:00:00+00:00, run_after=2024-01-02 00:00:00+00:00
[2024-02-01T10:13:05.724+0000] {processor.py:183} INFO - Processing /opt/airflow/dags/batch_processing.py took 0.217 seconds
[2024-02-01T10:13:05.742+0000] {processor.py:161} INFO - Started process (PID=474) to work on /opt/airflow/dags/batch_processing.py
[2024-02-01T10:13:05.744+0000] {processor.py:830} INFO - Processing file /opt/airflow/dags/batch_processing.py for tasks to queue
[2024-02-01T10:13:05.745+0000] {logging_mixin.py:188} INFO - [2024-02-01T10:13:05.745+0000] {dagbag.py:538} INFO - Filling up the DagBag from /opt/airflow/dags/batch_processing.py
[2024-02-01T10:13:05.788+0000] {processor.py:840} INFO - DAG(s) 'football_data_processing_dag' retrieved from /opt/airflow/dags/batch_processing.py
[2024-02-01T10:13:05.823+0000] {logging_mixin.py:188} INFO - [2024-02-01T10:13:05.823+0000] {dag.py:3036} INFO - Sync 1 DAGs
[2024-02-01T10:13:05.852+0000] {logging_mixin.py:188} INFO - [2024-02-01T10:13:05.852+0000] {dag.py:3823} INFO - Setting next_dagrun for football_data_processing_dag to 2024-01-01 00:00:00+00:00, run_after=2024-01-02 00:00:00+00:00
[2024-02-01T10:13:05.938+0000] {processor.py:183} INFO - Processing /opt/airflow/dags/batch_processing.py took 0.200 seconds
[2024-02-01T10:13:08.453+0000] {processor.py:161} INFO - Started process (PID=475) to work on /opt/airflow/dags/batch_processing.py
[2024-02-01T10:13:08.457+0000] {processor.py:830} INFO - Processing file /opt/airflow/dags/batch_processing.py for tasks to queue
[2024-02-01T10:13:08.461+0000] {logging_mixin.py:188} INFO - [2024-02-01T10:13:08.459+0000] {dagbag.py:538} INFO - Filling up the DagBag from /opt/airflow/dags/batch_processing.py
[2024-02-01T10:13:08.517+0000] {processor.py:840} INFO - DAG(s) 'football_data_processing_dag' retrieved from /opt/airflow/dags/batch_processing.py
[2024-02-01T10:13:08.533+0000] {logging_mixin.py:188} INFO - [2024-02-01T10:13:08.533+0000] {dag.py:3036} INFO - Sync 1 DAGs
[2024-02-01T10:13:08.561+0000] {logging_mixin.py:188} INFO - [2024-02-01T10:13:08.561+0000] {dag.py:3823} INFO - Setting next_dagrun for football_data_processing_dag to 2024-01-01 00:00:00+00:00, run_after=2024-01-02 00:00:00+00:00
[2024-02-01T10:13:08.680+0000] {processor.py:183} INFO - Processing /opt/airflow/dags/batch_processing.py took 0.237 seconds
[2024-02-01T10:13:08.848+0000] {processor.py:161} INFO - Started process (PID=476) to work on /opt/airflow/dags/batch_processing.py
[2024-02-01T10:13:08.850+0000] {processor.py:830} INFO - Processing file /opt/airflow/dags/batch_processing.py for tasks to queue
[2024-02-01T10:13:08.851+0000] {logging_mixin.py:188} INFO - [2024-02-01T10:13:08.851+0000] {dagbag.py:538} INFO - Filling up the DagBag from /opt/airflow/dags/batch_processing.py
[2024-02-01T10:13:08.879+0000] {processor.py:840} INFO - DAG(s) 'football_data_processing_dag' retrieved from /opt/airflow/dags/batch_processing.py
[2024-02-01T10:13:08.901+0000] {logging_mixin.py:188} INFO - [2024-02-01T10:13:08.901+0000] {dag.py:3036} INFO - Sync 1 DAGs
[2024-02-01T10:13:08.936+0000] {logging_mixin.py:188} INFO - [2024-02-01T10:13:08.936+0000] {dag.py:3823} INFO - Setting next_dagrun for football_data_processing_dag to 2024-01-01 00:00:00+00:00, run_after=2024-01-02 00:00:00+00:00
[2024-02-01T10:13:09.004+0000] {processor.py:183} INFO - Processing /opt/airflow/dags/batch_processing.py took 0.158 seconds
[2024-02-01T10:13:15.013+0000] {processor.py:161} INFO - Started process (PID=477) to work on /opt/airflow/dags/batch_processing.py
[2024-02-01T10:13:15.015+0000] {processor.py:830} INFO - Processing file /opt/airflow/dags/batch_processing.py for tasks to queue
[2024-02-01T10:13:15.016+0000] {logging_mixin.py:188} INFO - [2024-02-01T10:13:15.016+0000] {dagbag.py:538} INFO - Filling up the DagBag from /opt/airflow/dags/batch_processing.py
[2024-02-01T10:13:15.068+0000] {processor.py:840} INFO - DAG(s) 'football_data_processing_dag' retrieved from /opt/airflow/dags/batch_processing.py
[2024-02-01T10:13:15.091+0000] {logging_mixin.py:188} INFO - [2024-02-01T10:13:15.090+0000] {dag.py:3036} INFO - Sync 1 DAGs
[2024-02-01T10:13:15.126+0000] {logging_mixin.py:188} INFO - [2024-02-01T10:13:15.125+0000] {dag.py:3823} INFO - Setting next_dagrun for football_data_processing_dag to 2024-01-01 00:00:00+00:00, run_after=2024-01-02 00:00:00+00:00
[2024-02-01T10:13:15.264+0000] {processor.py:183} INFO - Processing /opt/airflow/dags/batch_processing.py took 0.254 seconds
[2024-02-01T10:13:15.532+0000] {processor.py:161} INFO - Started process (PID=478) to work on /opt/airflow/dags/batch_processing.py
[2024-02-01T10:13:15.533+0000] {processor.py:830} INFO - Processing file /opt/airflow/dags/batch_processing.py for tasks to queue
[2024-02-01T10:13:15.534+0000] {logging_mixin.py:188} INFO - [2024-02-01T10:13:15.534+0000] {dagbag.py:538} INFO - Filling up the DagBag from /opt/airflow/dags/batch_processing.py
[2024-02-01T10:13:15.561+0000] {processor.py:840} INFO - DAG(s) 'football_data_processing_dag' retrieved from /opt/airflow/dags/batch_processing.py
[2024-02-01T10:13:15.589+0000] {logging_mixin.py:188} INFO - [2024-02-01T10:13:15.589+0000] {dag.py:3036} INFO - Sync 1 DAGs
[2024-02-01T10:13:15.623+0000] {logging_mixin.py:188} INFO - [2024-02-01T10:13:15.622+0000] {dag.py:3823} INFO - Setting next_dagrun for football_data_processing_dag to 2024-01-01 00:00:00+00:00, run_after=2024-01-02 00:00:00+00:00
[2024-02-01T10:13:15.723+0000] {processor.py:183} INFO - Processing /opt/airflow/dags/batch_processing.py took 0.193 seconds
[2024-02-01T10:13:17.818+0000] {processor.py:161} INFO - Started process (PID=479) to work on /opt/airflow/dags/batch_processing.py
[2024-02-01T10:13:17.819+0000] {processor.py:830} INFO - Processing file /opt/airflow/dags/batch_processing.py for tasks to queue
[2024-02-01T10:13:17.820+0000] {logging_mixin.py:188} INFO - [2024-02-01T10:13:17.820+0000] {dagbag.py:538} INFO - Filling up the DagBag from /opt/airflow/dags/batch_processing.py
[2024-02-01T10:13:17.864+0000] {processor.py:840} INFO - DAG(s) 'football_data_processing_dag' retrieved from /opt/airflow/dags/batch_processing.py
[2024-02-01T10:13:17.883+0000] {logging_mixin.py:188} INFO - [2024-02-01T10:13:17.883+0000] {dag.py:3036} INFO - Sync 1 DAGs
[2024-02-01T10:13:17.911+0000] {logging_mixin.py:188} INFO - [2024-02-01T10:13:17.911+0000] {dag.py:3823} INFO - Setting next_dagrun for football_data_processing_dag to 2024-01-01 00:00:00+00:00, run_after=2024-01-02 00:00:00+00:00
[2024-02-01T10:13:17.987+0000] {processor.py:183} INFO - Processing /opt/airflow/dags/batch_processing.py took 0.172 seconds
[2024-02-01T10:13:18.703+0000] {processor.py:161} INFO - Started process (PID=480) to work on /opt/airflow/dags/batch_processing.py
[2024-02-01T10:13:18.705+0000] {processor.py:830} INFO - Processing file /opt/airflow/dags/batch_processing.py for tasks to queue
[2024-02-01T10:13:18.706+0000] {logging_mixin.py:188} INFO - [2024-02-01T10:13:18.706+0000] {dagbag.py:538} INFO - Filling up the DagBag from /opt/airflow/dags/batch_processing.py
[2024-02-01T10:13:18.740+0000] {processor.py:840} INFO - DAG(s) 'football_data_processing_dag' retrieved from /opt/airflow/dags/batch_processing.py
[2024-02-01T10:13:18.762+0000] {logging_mixin.py:188} INFO - [2024-02-01T10:13:18.762+0000] {dag.py:3036} INFO - Sync 1 DAGs
[2024-02-01T10:13:18.794+0000] {logging_mixin.py:188} INFO - [2024-02-01T10:13:18.793+0000] {dag.py:3823} INFO - Setting next_dagrun for football_data_processing_dag to 2024-01-01 00:00:00+00:00, run_after=2024-01-02 00:00:00+00:00
[2024-02-01T10:13:18.875+0000] {processor.py:183} INFO - Processing /opt/airflow/dags/batch_processing.py took 0.174 seconds
[2024-02-01T10:13:22.504+0000] {processor.py:161} INFO - Started process (PID=481) to work on /opt/airflow/dags/batch_processing.py
[2024-02-01T10:13:22.505+0000] {processor.py:830} INFO - Processing file /opt/airflow/dags/batch_processing.py for tasks to queue
[2024-02-01T10:13:22.506+0000] {logging_mixin.py:188} INFO - [2024-02-01T10:13:22.506+0000] {dagbag.py:538} INFO - Filling up the DagBag from /opt/airflow/dags/batch_processing.py
[2024-02-01T10:13:22.559+0000] {processor.py:840} INFO - DAG(s) 'football_data_processing_dag' retrieved from /opt/airflow/dags/batch_processing.py
[2024-02-01T10:13:22.689+0000] {logging_mixin.py:188} INFO - [2024-02-01T10:13:22.689+0000] {dag.py:3036} INFO - Sync 1 DAGs
[2024-02-01T10:13:22.719+0000] {logging_mixin.py:188} INFO - [2024-02-01T10:13:22.719+0000] {dag.py:3823} INFO - Setting next_dagrun for football_data_processing_dag to 2024-01-01 00:00:00+00:00, run_after=2024-01-02 00:00:00+00:00
[2024-02-01T10:13:22.828+0000] {processor.py:161} INFO - Started process (PID=482) to work on /opt/airflow/dags/batch_processing.py
[2024-02-01T10:13:22.830+0000] {processor.py:830} INFO - Processing file /opt/airflow/dags/batch_processing.py for tasks to queue
[2024-02-01T10:13:22.831+0000] {logging_mixin.py:188} INFO - [2024-02-01T10:13:22.830+0000] {dagbag.py:538} INFO - Filling up the DagBag from /opt/airflow/dags/batch_processing.py
[2024-02-01T10:13:22.832+0000] {processor.py:183} INFO - Processing /opt/airflow/dags/batch_processing.py took 0.330 seconds
[2024-02-01T10:13:22.861+0000] {processor.py:840} INFO - DAG(s) 'football_data_processing_dag' retrieved from /opt/airflow/dags/batch_processing.py
[2024-02-01T10:13:22.882+0000] {logging_mixin.py:188} INFO - [2024-02-01T10:13:22.882+0000] {dag.py:3036} INFO - Sync 1 DAGs
[2024-02-01T10:13:22.934+0000] {logging_mixin.py:188} INFO - [2024-02-01T10:13:22.934+0000] {dag.py:3823} INFO - Setting next_dagrun for football_data_processing_dag to 2024-01-01 00:00:00+00:00, run_after=2024-01-02 00:00:00+00:00
[2024-02-01T10:13:23.052+0000] {processor.py:183} INFO - Processing /opt/airflow/dags/batch_processing.py took 0.227 seconds
[2024-02-01T10:13:25.245+0000] {processor.py:161} INFO - Started process (PID=483) to work on /opt/airflow/dags/batch_processing.py
[2024-02-01T10:13:25.247+0000] {processor.py:830} INFO - Processing file /opt/airflow/dags/batch_processing.py for tasks to queue
[2024-02-01T10:13:25.249+0000] {logging_mixin.py:188} INFO - [2024-02-01T10:13:25.248+0000] {dagbag.py:538} INFO - Filling up the DagBag from /opt/airflow/dags/batch_processing.py
[2024-02-01T10:13:25.328+0000] {processor.py:840} INFO - DAG(s) 'football_data_processing_dag' retrieved from /opt/airflow/dags/batch_processing.py
[2024-02-01T10:13:25.364+0000] {logging_mixin.py:188} INFO - [2024-02-01T10:13:25.363+0000] {dag.py:3036} INFO - Sync 1 DAGs
[2024-02-01T10:13:25.374+0000] {processor.py:161} INFO - Started process (PID=484) to work on /opt/airflow/dags/batch_processing.py
[2024-02-01T10:13:25.375+0000] {processor.py:830} INFO - Processing file /opt/airflow/dags/batch_processing.py for tasks to queue
[2024-02-01T10:13:25.377+0000] {logging_mixin.py:188} INFO - [2024-02-01T10:13:25.376+0000] {dagbag.py:538} INFO - Filling up the DagBag from /opt/airflow/dags/batch_processing.py
[2024-02-01T10:13:25.426+0000] {processor.py:840} INFO - DAG(s) 'football_data_processing_dag' retrieved from /opt/airflow/dags/batch_processing.py
[2024-02-01T10:13:25.427+0000] {logging_mixin.py:188} INFO - [2024-02-01T10:13:25.427+0000] {dag.py:3823} INFO - Setting next_dagrun for football_data_processing_dag to 2024-01-01 00:00:00+00:00, run_after=2024-01-02 00:00:00+00:00
[2024-02-01T10:13:25.449+0000] {logging_mixin.py:188} INFO - [2024-02-01T10:13:25.447+0000] {dag.py:3036} INFO - Sync 1 DAGs
[2024-02-01T10:13:25.519+0000] {logging_mixin.py:188} INFO - [2024-02-01T10:13:25.519+0000] {dag.py:3823} INFO - Setting next_dagrun for football_data_processing_dag to 2024-01-01 00:00:00+00:00, run_after=2024-01-02 00:00:00+00:00
[2024-02-01T10:13:25.536+0000] {processor.py:183} INFO - Processing /opt/airflow/dags/batch_processing.py took 0.294 seconds
[2024-02-01T10:13:25.595+0000] {processor.py:183} INFO - Processing /opt/airflow/dags/batch_processing.py took 0.228 seconds
[2024-02-01T10:13:27.220+0000] {processor.py:161} INFO - Started process (PID=486) to work on /opt/airflow/dags/batch_processing.py
[2024-02-01T10:13:27.221+0000] {processor.py:830} INFO - Processing file /opt/airflow/dags/batch_processing.py for tasks to queue
[2024-02-01T10:13:27.222+0000] {logging_mixin.py:188} INFO - [2024-02-01T10:13:27.222+0000] {dagbag.py:538} INFO - Filling up the DagBag from /opt/airflow/dags/batch_processing.py
[2024-02-01T10:13:27.281+0000] {processor.py:840} INFO - DAG(s) 'football_data_processing_dag' retrieved from /opt/airflow/dags/batch_processing.py
[2024-02-01T10:13:27.302+0000] {logging_mixin.py:188} INFO - [2024-02-01T10:13:27.302+0000] {dag.py:3036} INFO - Sync 1 DAGs
[2024-02-01T10:13:27.332+0000] {logging_mixin.py:188} INFO - [2024-02-01T10:13:27.332+0000] {dag.py:3823} INFO - Setting next_dagrun for football_data_processing_dag to 2024-01-01 00:00:00+00:00, run_after=2024-01-02 00:00:00+00:00
[2024-02-01T10:13:27.416+0000] {processor.py:183} INFO - Processing /opt/airflow/dags/batch_processing.py took 0.199 seconds
[2024-02-01T10:13:27.773+0000] {processor.py:161} INFO - Started process (PID=487) to work on /opt/airflow/dags/batch_processing.py
[2024-02-01T10:13:27.775+0000] {processor.py:830} INFO - Processing file /opt/airflow/dags/batch_processing.py for tasks to queue
[2024-02-01T10:13:27.776+0000] {logging_mixin.py:188} INFO - [2024-02-01T10:13:27.775+0000] {dagbag.py:538} INFO - Filling up the DagBag from /opt/airflow/dags/batch_processing.py
[2024-02-01T10:13:27.812+0000] {processor.py:840} INFO - DAG(s) 'football_data_processing_dag' retrieved from /opt/airflow/dags/batch_processing.py
[2024-02-01T10:13:27.832+0000] {logging_mixin.py:188} INFO - [2024-02-01T10:13:27.832+0000] {dag.py:3036} INFO - Sync 1 DAGs
[2024-02-01T10:13:27.866+0000] {logging_mixin.py:188} INFO - [2024-02-01T10:13:27.866+0000] {dag.py:3823} INFO - Setting next_dagrun for football_data_processing_dag to 2024-01-01 00:00:00+00:00, run_after=2024-01-02 00:00:00+00:00
[2024-02-01T10:13:27.989+0000] {processor.py:183} INFO - Processing /opt/airflow/dags/batch_processing.py took 0.219 seconds
[2024-02-01T10:13:33.343+0000] {processor.py:161} INFO - Started process (PID=489) to work on /opt/airflow/dags/batch_processing.py
[2024-02-01T10:13:33.344+0000] {processor.py:830} INFO - Processing file /opt/airflow/dags/batch_processing.py for tasks to queue
[2024-02-01T10:13:33.345+0000] {logging_mixin.py:188} INFO - [2024-02-01T10:13:33.345+0000] {dagbag.py:538} INFO - Filling up the DagBag from /opt/airflow/dags/batch_processing.py
[2024-02-01T10:13:33.390+0000] {processor.py:840} INFO - DAG(s) 'football_data_processing_dag' retrieved from /opt/airflow/dags/batch_processing.py
[2024-02-01T10:13:33.414+0000] {logging_mixin.py:188} INFO - [2024-02-01T10:13:33.414+0000] {dag.py:3036} INFO - Sync 1 DAGs
[2024-02-01T10:13:33.444+0000] {logging_mixin.py:188} INFO - [2024-02-01T10:13:33.444+0000] {dag.py:3823} INFO - Setting next_dagrun for football_data_processing_dag to 2024-01-01 00:00:00+00:00, run_after=2024-01-02 00:00:00+00:00
[2024-02-01T10:13:33.556+0000] {processor.py:183} INFO - Processing /opt/airflow/dags/batch_processing.py took 0.215 seconds
[2024-02-01T10:13:34.192+0000] {processor.py:161} INFO - Started process (PID=490) to work on /opt/airflow/dags/batch_processing.py
[2024-02-01T10:13:34.194+0000] {processor.py:830} INFO - Processing file /opt/airflow/dags/batch_processing.py for tasks to queue
[2024-02-01T10:13:34.195+0000] {logging_mixin.py:188} INFO - [2024-02-01T10:13:34.195+0000] {dagbag.py:538} INFO - Filling up the DagBag from /opt/airflow/dags/batch_processing.py
[2024-02-01T10:13:34.241+0000] {processor.py:840} INFO - DAG(s) 'football_data_processing_dag' retrieved from /opt/airflow/dags/batch_processing.py
[2024-02-01T10:13:34.265+0000] {logging_mixin.py:188} INFO - [2024-02-01T10:13:34.264+0000] {dag.py:3036} INFO - Sync 1 DAGs
[2024-02-01T10:13:34.301+0000] {logging_mixin.py:188} INFO - [2024-02-01T10:13:34.301+0000] {dag.py:3823} INFO - Setting next_dagrun for football_data_processing_dag to 2024-01-01 00:00:00+00:00, run_after=2024-01-02 00:00:00+00:00
[2024-02-01T10:13:34.411+0000] {processor.py:183} INFO - Processing /opt/airflow/dags/batch_processing.py took 0.221 seconds
[2024-02-01T10:13:35.676+0000] {processor.py:161} INFO - Started process (PID=491) to work on /opt/airflow/dags/batch_processing.py
[2024-02-01T10:13:35.677+0000] {processor.py:830} INFO - Processing file /opt/airflow/dags/batch_processing.py for tasks to queue
[2024-02-01T10:13:35.678+0000] {logging_mixin.py:188} INFO - [2024-02-01T10:13:35.678+0000] {dagbag.py:538} INFO - Filling up the DagBag from /opt/airflow/dags/batch_processing.py
[2024-02-01T10:13:35.742+0000] {processor.py:840} INFO - DAG(s) 'football_data_processing_dag' retrieved from /opt/airflow/dags/batch_processing.py
[2024-02-01T10:13:35.772+0000] {logging_mixin.py:188} INFO - [2024-02-01T10:13:35.771+0000] {dag.py:3036} INFO - Sync 1 DAGs
[2024-02-01T10:13:35.825+0000] {logging_mixin.py:188} INFO - [2024-02-01T10:13:35.824+0000] {dag.py:3823} INFO - Setting next_dagrun for football_data_processing_dag to 2024-01-01 00:00:00+00:00, run_after=2024-01-02 00:00:00+00:00
[2024-02-01T10:13:35.949+0000] {processor.py:183} INFO - Processing /opt/airflow/dags/batch_processing.py took 0.276 seconds
[2024-02-01T10:13:35.961+0000] {processor.py:161} INFO - Started process (PID=492) to work on /opt/airflow/dags/batch_processing.py
[2024-02-01T10:13:35.963+0000] {processor.py:830} INFO - Processing file /opt/airflow/dags/batch_processing.py for tasks to queue
[2024-02-01T10:13:35.965+0000] {logging_mixin.py:188} INFO - [2024-02-01T10:13:35.965+0000] {dagbag.py:538} INFO - Filling up the DagBag from /opt/airflow/dags/batch_processing.py
[2024-02-01T10:13:36.002+0000] {processor.py:840} INFO - DAG(s) 'football_data_processing_dag' retrieved from /opt/airflow/dags/batch_processing.py
[2024-02-01T10:13:36.021+0000] {logging_mixin.py:188} INFO - [2024-02-01T10:13:36.021+0000] {dag.py:3036} INFO - Sync 1 DAGs
[2024-02-01T10:13:36.070+0000] {logging_mixin.py:188} INFO - [2024-02-01T10:13:36.070+0000] {dag.py:3823} INFO - Setting next_dagrun for football_data_processing_dag to 2024-01-01 00:00:00+00:00, run_after=2024-01-02 00:00:00+00:00
[2024-02-01T10:13:36.204+0000] {processor.py:183} INFO - Processing /opt/airflow/dags/batch_processing.py took 0.246 seconds
[2024-02-01T10:14:06.174+0000] {processor.py:161} INFO - Started process (PID=495) to work on /opt/airflow/dags/batch_processing.py
[2024-02-01T10:14:06.176+0000] {processor.py:830} INFO - Processing file /opt/airflow/dags/batch_processing.py for tasks to queue
[2024-02-01T10:14:06.177+0000] {logging_mixin.py:188} INFO - [2024-02-01T10:14:06.177+0000] {dagbag.py:538} INFO - Filling up the DagBag from /opt/airflow/dags/batch_processing.py
[2024-02-01T10:14:06.214+0000] {processor.py:840} INFO - DAG(s) 'football_data_processing_dag' retrieved from /opt/airflow/dags/batch_processing.py
[2024-02-01T10:14:06.358+0000] {logging_mixin.py:188} INFO - [2024-02-01T10:14:06.358+0000] {dag.py:3036} INFO - Sync 1 DAGs
[2024-02-01T10:14:06.392+0000] {logging_mixin.py:188} INFO - [2024-02-01T10:14:06.392+0000] {dag.py:3823} INFO - Setting next_dagrun for football_data_processing_dag to 2024-01-01 00:00:00+00:00, run_after=2024-01-02 00:00:00+00:00
[2024-02-01T10:14:06.463+0000] {processor.py:183} INFO - Processing /opt/airflow/dags/batch_processing.py took 0.291 seconds
[2024-02-01T10:14:07.047+0000] {processor.py:161} INFO - Started process (PID=496) to work on /opt/airflow/dags/batch_processing.py
[2024-02-01T10:14:07.049+0000] {processor.py:830} INFO - Processing file /opt/airflow/dags/batch_processing.py for tasks to queue
[2024-02-01T10:14:07.050+0000] {logging_mixin.py:188} INFO - [2024-02-01T10:14:07.050+0000] {dagbag.py:538} INFO - Filling up the DagBag from /opt/airflow/dags/batch_processing.py
[2024-02-01T10:14:07.074+0000] {processor.py:840} INFO - DAG(s) 'football_data_processing_dag' retrieved from /opt/airflow/dags/batch_processing.py
[2024-02-01T10:14:07.097+0000] {logging_mixin.py:188} INFO - [2024-02-01T10:14:07.097+0000] {dag.py:3036} INFO - Sync 1 DAGs
[2024-02-01T10:14:07.130+0000] {logging_mixin.py:188} INFO - [2024-02-01T10:14:07.130+0000] {dag.py:3823} INFO - Setting next_dagrun for football_data_processing_dag to 2024-01-01 00:00:00+00:00, run_after=2024-01-02 00:00:00+00:00
[2024-02-01T10:14:07.244+0000] {processor.py:183} INFO - Processing /opt/airflow/dags/batch_processing.py took 0.199 seconds
[2024-02-01T10:14:37.129+0000] {processor.py:161} INFO - Started process (PID=499) to work on /opt/airflow/dags/batch_processing.py
[2024-02-01T10:14:37.130+0000] {processor.py:830} INFO - Processing file /opt/airflow/dags/batch_processing.py for tasks to queue
[2024-02-01T10:14:37.131+0000] {logging_mixin.py:188} INFO - [2024-02-01T10:14:37.131+0000] {dagbag.py:538} INFO - Filling up the DagBag from /opt/airflow/dags/batch_processing.py
[2024-02-01T10:14:37.158+0000] {processor.py:840} INFO - DAG(s) 'football_data_processing_dag' retrieved from /opt/airflow/dags/batch_processing.py
[2024-02-01T10:14:37.193+0000] {logging_mixin.py:188} INFO - [2024-02-01T10:14:37.193+0000] {dag.py:3036} INFO - Sync 1 DAGs
[2024-02-01T10:14:37.230+0000] {logging_mixin.py:188} INFO - [2024-02-01T10:14:37.230+0000] {dag.py:3823} INFO - Setting next_dagrun for football_data_processing_dag to 2024-01-01 00:00:00+00:00, run_after=2024-01-02 00:00:00+00:00
[2024-02-01T10:14:37.306+0000] {processor.py:183} INFO - Processing /opt/airflow/dags/batch_processing.py took 0.180 seconds
[2024-02-01T10:14:37.811+0000] {processor.py:161} INFO - Started process (PID=500) to work on /opt/airflow/dags/batch_processing.py
[2024-02-01T10:14:37.812+0000] {processor.py:830} INFO - Processing file /opt/airflow/dags/batch_processing.py for tasks to queue
[2024-02-01T10:14:37.813+0000] {logging_mixin.py:188} INFO - [2024-02-01T10:14:37.813+0000] {dagbag.py:538} INFO - Filling up the DagBag from /opt/airflow/dags/batch_processing.py
[2024-02-01T10:14:37.842+0000] {processor.py:840} INFO - DAG(s) 'football_data_processing_dag' retrieved from /opt/airflow/dags/batch_processing.py
[2024-02-01T10:14:37.883+0000] {logging_mixin.py:188} INFO - [2024-02-01T10:14:37.883+0000] {dag.py:3036} INFO - Sync 1 DAGs
[2024-02-01T10:14:37.913+0000] {logging_mixin.py:188} INFO - [2024-02-01T10:14:37.913+0000] {dag.py:3823} INFO - Setting next_dagrun for football_data_processing_dag to 2024-01-01 00:00:00+00:00, run_after=2024-01-02 00:00:00+00:00
[2024-02-01T10:14:37.975+0000] {processor.py:183} INFO - Processing /opt/airflow/dags/batch_processing.py took 0.167 seconds
[2024-02-01T10:15:08.417+0000] {processor.py:161} INFO - Started process (PID=503) to work on /opt/airflow/dags/batch_processing.py
[2024-02-01T10:15:08.419+0000] {processor.py:830} INFO - Processing file /opt/airflow/dags/batch_processing.py for tasks to queue
[2024-02-01T10:15:08.420+0000] {logging_mixin.py:188} INFO - [2024-02-01T10:15:08.420+0000] {dagbag.py:538} INFO - Filling up the DagBag from /opt/airflow/dags/batch_processing.py
[2024-02-01T10:15:08.456+0000] {processor.py:840} INFO - DAG(s) 'football_data_processing_dag' retrieved from /opt/airflow/dags/batch_processing.py
[2024-02-01T10:15:08.492+0000] {logging_mixin.py:188} INFO - [2024-02-01T10:15:08.491+0000] {dag.py:3036} INFO - Sync 1 DAGs
[2024-02-01T10:15:08.529+0000] {logging_mixin.py:188} INFO - [2024-02-01T10:15:08.529+0000] {dag.py:3823} INFO - Setting next_dagrun for football_data_processing_dag to 2024-01-01 00:00:00+00:00, run_after=2024-01-02 00:00:00+00:00
[2024-02-01T10:15:08.634+0000] {processor.py:183} INFO - Processing /opt/airflow/dags/batch_processing.py took 0.222 seconds
[2024-02-01T10:15:08.888+0000] {processor.py:161} INFO - Started process (PID=504) to work on /opt/airflow/dags/batch_processing.py
[2024-02-01T10:15:08.889+0000] {processor.py:830} INFO - Processing file /opt/airflow/dags/batch_processing.py for tasks to queue
[2024-02-01T10:15:08.891+0000] {logging_mixin.py:188} INFO - [2024-02-01T10:15:08.890+0000] {dagbag.py:538} INFO - Filling up the DagBag from /opt/airflow/dags/batch_processing.py
[2024-02-01T10:15:08.926+0000] {processor.py:840} INFO - DAG(s) 'football_data_processing_dag' retrieved from /opt/airflow/dags/batch_processing.py
[2024-02-01T10:15:08.958+0000] {logging_mixin.py:188} INFO - [2024-02-01T10:15:08.958+0000] {dag.py:3036} INFO - Sync 1 DAGs
[2024-02-01T10:15:08.989+0000] {logging_mixin.py:188} INFO - [2024-02-01T10:15:08.988+0000] {dag.py:3823} INFO - Setting next_dagrun for football_data_processing_dag to 2024-01-01 00:00:00+00:00, run_after=2024-01-02 00:00:00+00:00
[2024-02-01T10:15:09.069+0000] {processor.py:183} INFO - Processing /opt/airflow/dags/batch_processing.py took 0.185 seconds
[2024-02-01T10:15:38.928+0000] {processor.py:161} INFO - Started process (PID=507) to work on /opt/airflow/dags/batch_processing.py
[2024-02-01T10:15:38.929+0000] {processor.py:830} INFO - Processing file /opt/airflow/dags/batch_processing.py for tasks to queue
[2024-02-01T10:15:38.930+0000] {logging_mixin.py:188} INFO - [2024-02-01T10:15:38.930+0000] {dagbag.py:538} INFO - Filling up the DagBag from /opt/airflow/dags/batch_processing.py
[2024-02-01T10:15:38.955+0000] {processor.py:840} INFO - DAG(s) 'football_data_processing_dag' retrieved from /opt/airflow/dags/batch_processing.py
[2024-02-01T10:15:38.984+0000] {logging_mixin.py:188} INFO - [2024-02-01T10:15:38.984+0000] {dag.py:3036} INFO - Sync 1 DAGs
[2024-02-01T10:15:39.011+0000] {logging_mixin.py:188} INFO - [2024-02-01T10:15:39.010+0000] {dag.py:3823} INFO - Setting next_dagrun for football_data_processing_dag to 2024-01-01 00:00:00+00:00, run_after=2024-01-02 00:00:00+00:00
[2024-02-01T10:15:39.082+0000] {processor.py:183} INFO - Processing /opt/airflow/dags/batch_processing.py took 0.158 seconds
[2024-02-01T10:15:39.703+0000] {processor.py:161} INFO - Started process (PID=508) to work on /opt/airflow/dags/batch_processing.py
[2024-02-01T10:15:39.705+0000] {processor.py:830} INFO - Processing file /opt/airflow/dags/batch_processing.py for tasks to queue
[2024-02-01T10:15:39.706+0000] {logging_mixin.py:188} INFO - [2024-02-01T10:15:39.705+0000] {dagbag.py:538} INFO - Filling up the DagBag from /opt/airflow/dags/batch_processing.py
[2024-02-01T10:15:39.729+0000] {processor.py:840} INFO - DAG(s) 'football_data_processing_dag' retrieved from /opt/airflow/dags/batch_processing.py
[2024-02-01T10:15:39.764+0000] {logging_mixin.py:188} INFO - [2024-02-01T10:15:39.764+0000] {dag.py:3036} INFO - Sync 1 DAGs
[2024-02-01T10:15:39.794+0000] {logging_mixin.py:188} INFO - [2024-02-01T10:15:39.794+0000] {dag.py:3823} INFO - Setting next_dagrun for football_data_processing_dag to 2024-01-01 00:00:00+00:00, run_after=2024-01-02 00:00:00+00:00
[2024-02-01T10:15:39.880+0000] {processor.py:183} INFO - Processing /opt/airflow/dags/batch_processing.py took 0.179 seconds
[2024-02-01T10:16:10.103+0000] {processor.py:161} INFO - Started process (PID=511) to work on /opt/airflow/dags/batch_processing.py
[2024-02-01T10:16:10.106+0000] {processor.py:830} INFO - Processing file /opt/airflow/dags/batch_processing.py for tasks to queue
[2024-02-01T10:16:10.109+0000] {logging_mixin.py:188} INFO - [2024-02-01T10:16:10.108+0000] {dagbag.py:538} INFO - Filling up the DagBag from /opt/airflow/dags/batch_processing.py
[2024-02-01T10:16:10.147+0000] {processor.py:840} INFO - DAG(s) 'football_data_processing_dag' retrieved from /opt/airflow/dags/batch_processing.py
[2024-02-01T10:16:10.184+0000] {logging_mixin.py:188} INFO - [2024-02-01T10:16:10.184+0000] {dag.py:3036} INFO - Sync 1 DAGs
[2024-02-01T10:16:10.217+0000] {logging_mixin.py:188} INFO - [2024-02-01T10:16:10.217+0000] {dag.py:3823} INFO - Setting next_dagrun for football_data_processing_dag to 2024-01-01 00:00:00+00:00, run_after=2024-01-02 00:00:00+00:00
[2024-02-01T10:16:10.278+0000] {processor.py:161} INFO - Started process (PID=512) to work on /opt/airflow/dags/batch_processing.py
[2024-02-01T10:16:10.279+0000] {processor.py:830} INFO - Processing file /opt/airflow/dags/batch_processing.py for tasks to queue
[2024-02-01T10:16:10.280+0000] {logging_mixin.py:188} INFO - [2024-02-01T10:16:10.280+0000] {dagbag.py:538} INFO - Filling up the DagBag from /opt/airflow/dags/batch_processing.py
[2024-02-01T10:16:10.322+0000] {processor.py:840} INFO - DAG(s) 'football_data_processing_dag' retrieved from /opt/airflow/dags/batch_processing.py
[2024-02-01T10:16:10.323+0000] {processor.py:183} INFO - Processing /opt/airflow/dags/batch_processing.py took 0.225 seconds
[2024-02-01T10:16:10.358+0000] {logging_mixin.py:188} INFO - [2024-02-01T10:16:10.358+0000] {dag.py:3036} INFO - Sync 1 DAGs
[2024-02-01T10:16:10.393+0000] {logging_mixin.py:188} INFO - [2024-02-01T10:16:10.392+0000] {dag.py:3823} INFO - Setting next_dagrun for football_data_processing_dag to 2024-01-01 00:00:00+00:00, run_after=2024-01-02 00:00:00+00:00
[2024-02-01T10:16:10.533+0000] {processor.py:183} INFO - Processing /opt/airflow/dags/batch_processing.py took 0.261 seconds
[2024-02-01T10:16:41.017+0000] {processor.py:161} INFO - Started process (PID=515) to work on /opt/airflow/dags/batch_processing.py
[2024-02-01T10:16:41.018+0000] {processor.py:830} INFO - Processing file /opt/airflow/dags/batch_processing.py for tasks to queue
[2024-02-01T10:16:41.020+0000] {logging_mixin.py:188} INFO - [2024-02-01T10:16:41.019+0000] {dagbag.py:538} INFO - Filling up the DagBag from /opt/airflow/dags/batch_processing.py
[2024-02-01T10:16:41.042+0000] {processor.py:161} INFO - Started process (PID=516) to work on /opt/airflow/dags/batch_processing.py
[2024-02-01T10:16:41.043+0000] {processor.py:830} INFO - Processing file /opt/airflow/dags/batch_processing.py for tasks to queue
[2024-02-01T10:16:41.045+0000] {logging_mixin.py:188} INFO - [2024-02-01T10:16:41.044+0000] {dagbag.py:538} INFO - Filling up the DagBag from /opt/airflow/dags/batch_processing.py
[2024-02-01T10:16:41.046+0000] {processor.py:840} INFO - DAG(s) 'football_data_processing_dag' retrieved from /opt/airflow/dags/batch_processing.py
[2024-02-01T10:16:41.075+0000] {processor.py:840} INFO - DAG(s) 'football_data_processing_dag' retrieved from /opt/airflow/dags/batch_processing.py
[2024-02-01T10:16:41.081+0000] {logging_mixin.py:188} INFO - [2024-02-01T10:16:41.081+0000] {dag.py:3036} INFO - Sync 1 DAGs
[2024-02-01T10:16:41.116+0000] {logging_mixin.py:188} INFO - [2024-02-01T10:16:41.116+0000] {dag.py:3823} INFO - Setting next_dagrun for football_data_processing_dag to 2024-01-01 00:00:00+00:00, run_after=2024-01-02 00:00:00+00:00
[2024-02-01T10:16:41.117+0000] {logging_mixin.py:188} INFO - [2024-02-01T10:16:41.116+0000] {dag.py:3036} INFO - Sync 1 DAGs
[2024-02-01T10:16:41.160+0000] {logging_mixin.py:188} INFO - [2024-02-01T10:16:41.159+0000] {dag.py:3823} INFO - Setting next_dagrun for football_data_processing_dag to 2024-01-01 00:00:00+00:00, run_after=2024-01-02 00:00:00+00:00
[2024-02-01T10:16:41.218+0000] {processor.py:183} INFO - Processing /opt/airflow/dags/batch_processing.py took 0.205 seconds
[2024-02-01T10:16:41.230+0000] {processor.py:183} INFO - Processing /opt/airflow/dags/batch_processing.py took 0.192 seconds
[2024-02-01T10:17:11.680+0000] {processor.py:161} INFO - Started process (PID=519) to work on /opt/airflow/dags/batch_processing.py
[2024-02-01T10:17:11.682+0000] {processor.py:830} INFO - Processing file /opt/airflow/dags/batch_processing.py for tasks to queue
[2024-02-01T10:17:11.683+0000] {logging_mixin.py:188} INFO - [2024-02-01T10:17:11.682+0000] {dagbag.py:538} INFO - Filling up the DagBag from /opt/airflow/dags/batch_processing.py
[2024-02-01T10:17:11.706+0000] {processor.py:840} INFO - DAG(s) 'football_data_processing_dag' retrieved from /opt/airflow/dags/batch_processing.py
[2024-02-01T10:17:11.745+0000] {logging_mixin.py:188} INFO - [2024-02-01T10:17:11.744+0000] {dag.py:3036} INFO - Sync 1 DAGs
[2024-02-01T10:17:11.779+0000] {logging_mixin.py:188} INFO - [2024-02-01T10:17:11.778+0000] {dag.py:3823} INFO - Setting next_dagrun for football_data_processing_dag to 2024-01-01 00:00:00+00:00, run_after=2024-01-02 00:00:00+00:00
[2024-02-01T10:17:11.870+0000] {processor.py:183} INFO - Processing /opt/airflow/dags/batch_processing.py took 0.192 seconds
[2024-02-01T10:17:11.948+0000] {processor.py:161} INFO - Started process (PID=520) to work on /opt/airflow/dags/batch_processing.py
[2024-02-01T10:17:11.949+0000] {processor.py:830} INFO - Processing file /opt/airflow/dags/batch_processing.py for tasks to queue
[2024-02-01T10:17:11.950+0000] {logging_mixin.py:188} INFO - [2024-02-01T10:17:11.950+0000] {dagbag.py:538} INFO - Filling up the DagBag from /opt/airflow/dags/batch_processing.py
[2024-02-01T10:17:11.978+0000] {processor.py:840} INFO - DAG(s) 'football_data_processing_dag' retrieved from /opt/airflow/dags/batch_processing.py
[2024-02-01T10:17:12.013+0000] {logging_mixin.py:188} INFO - [2024-02-01T10:17:12.012+0000] {dag.py:3036} INFO - Sync 1 DAGs
[2024-02-01T10:17:12.043+0000] {logging_mixin.py:188} INFO - [2024-02-01T10:17:12.043+0000] {dag.py:3823} INFO - Setting next_dagrun for football_data_processing_dag to 2024-01-01 00:00:00+00:00, run_after=2024-01-02 00:00:00+00:00
[2024-02-01T10:17:12.111+0000] {processor.py:183} INFO - Processing /opt/airflow/dags/batch_processing.py took 0.167 seconds
[2024-02-01T10:17:42.395+0000] {processor.py:161} INFO - Started process (PID=523) to work on /opt/airflow/dags/batch_processing.py
[2024-02-01T10:17:42.397+0000] {processor.py:830} INFO - Processing file /opt/airflow/dags/batch_processing.py for tasks to queue
[2024-02-01T10:17:42.398+0000] {logging_mixin.py:188} INFO - [2024-02-01T10:17:42.398+0000] {dagbag.py:538} INFO - Filling up the DagBag from /opt/airflow/dags/batch_processing.py
[2024-02-01T10:17:42.441+0000] {processor.py:840} INFO - DAG(s) 'football_data_processing_dag' retrieved from /opt/airflow/dags/batch_processing.py
[2024-02-01T10:17:42.479+0000] {logging_mixin.py:188} INFO - [2024-02-01T10:17:42.479+0000] {dag.py:3036} INFO - Sync 1 DAGs
[2024-02-01T10:17:42.511+0000] {logging_mixin.py:188} INFO - [2024-02-01T10:17:42.511+0000] {dag.py:3823} INFO - Setting next_dagrun for football_data_processing_dag to 2024-01-01 00:00:00+00:00, run_after=2024-01-02 00:00:00+00:00
[2024-02-01T10:17:42.590+0000] {processor.py:183} INFO - Processing /opt/airflow/dags/batch_processing.py took 0.198 seconds
[2024-02-01T10:17:43.195+0000] {processor.py:161} INFO - Started process (PID=524) to work on /opt/airflow/dags/batch_processing.py
[2024-02-01T10:17:43.196+0000] {processor.py:830} INFO - Processing file /opt/airflow/dags/batch_processing.py for tasks to queue
[2024-02-01T10:17:43.198+0000] {logging_mixin.py:188} INFO - [2024-02-01T10:17:43.197+0000] {dagbag.py:538} INFO - Filling up the DagBag from /opt/airflow/dags/batch_processing.py
[2024-02-01T10:17:43.232+0000] {processor.py:840} INFO - DAG(s) 'football_data_processing_dag' retrieved from /opt/airflow/dags/batch_processing.py
[2024-02-01T10:17:43.267+0000] {logging_mixin.py:188} INFO - [2024-02-01T10:17:43.266+0000] {dag.py:3036} INFO - Sync 1 DAGs
[2024-02-01T10:17:43.303+0000] {logging_mixin.py:188} INFO - [2024-02-01T10:17:43.302+0000] {dag.py:3823} INFO - Setting next_dagrun for football_data_processing_dag to 2024-01-01 00:00:00+00:00, run_after=2024-01-02 00:00:00+00:00
[2024-02-01T10:17:43.418+0000] {processor.py:183} INFO - Processing /opt/airflow/dags/batch_processing.py took 0.227 seconds
[2024-02-01T10:18:12.745+0000] {processor.py:161} INFO - Started process (PID=527) to work on /opt/airflow/dags/batch_processing.py
[2024-02-01T10:18:12.746+0000] {processor.py:830} INFO - Processing file /opt/airflow/dags/batch_processing.py for tasks to queue
[2024-02-01T10:18:12.747+0000] {logging_mixin.py:188} INFO - [2024-02-01T10:18:12.747+0000] {dagbag.py:538} INFO - Filling up the DagBag from /opt/airflow/dags/batch_processing.py
[2024-02-01T10:18:12.779+0000] {processor.py:840} INFO - DAG(s) 'football_data_processing_dag' retrieved from /opt/airflow/dags/batch_processing.py
[2024-02-01T10:18:12.818+0000] {logging_mixin.py:188} INFO - [2024-02-01T10:18:12.817+0000] {dag.py:3036} INFO - Sync 1 DAGs
[2024-02-01T10:18:12.849+0000] {logging_mixin.py:188} INFO - [2024-02-01T10:18:12.849+0000] {dag.py:3823} INFO - Setting next_dagrun for football_data_processing_dag to 2024-01-01 00:00:00+00:00, run_after=2024-01-02 00:00:00+00:00
[2024-02-01T10:18:12.928+0000] {processor.py:183} INFO - Processing /opt/airflow/dags/batch_processing.py took 0.186 seconds
[2024-02-01T10:18:14.042+0000] {processor.py:161} INFO - Started process (PID=528) to work on /opt/airflow/dags/batch_processing.py
[2024-02-01T10:18:14.043+0000] {processor.py:830} INFO - Processing file /opt/airflow/dags/batch_processing.py for tasks to queue
[2024-02-01T10:18:14.044+0000] {logging_mixin.py:188} INFO - [2024-02-01T10:18:14.044+0000] {dagbag.py:538} INFO - Filling up the DagBag from /opt/airflow/dags/batch_processing.py
[2024-02-01T10:18:14.072+0000] {processor.py:840} INFO - DAG(s) 'football_data_processing_dag' retrieved from /opt/airflow/dags/batch_processing.py
[2024-02-01T10:18:14.106+0000] {logging_mixin.py:188} INFO - [2024-02-01T10:18:14.106+0000] {dag.py:3036} INFO - Sync 1 DAGs
[2024-02-01T10:18:14.136+0000] {logging_mixin.py:188} INFO - [2024-02-01T10:18:14.136+0000] {dag.py:3823} INFO - Setting next_dagrun for football_data_processing_dag to 2024-01-01 00:00:00+00:00, run_after=2024-01-02 00:00:00+00:00
[2024-02-01T10:18:14.203+0000] {processor.py:183} INFO - Processing /opt/airflow/dags/batch_processing.py took 0.164 seconds
[2024-02-01T10:18:43.310+0000] {processor.py:161} INFO - Started process (PID=531) to work on /opt/airflow/dags/batch_processing.py
[2024-02-01T10:18:43.311+0000] {processor.py:830} INFO - Processing file /opt/airflow/dags/batch_processing.py for tasks to queue
[2024-02-01T10:18:43.313+0000] {logging_mixin.py:188} INFO - [2024-02-01T10:18:43.312+0000] {dagbag.py:538} INFO - Filling up the DagBag from /opt/airflow/dags/batch_processing.py
[2024-02-01T10:18:43.340+0000] {processor.py:840} INFO - DAG(s) 'football_data_processing_dag' retrieved from /opt/airflow/dags/batch_processing.py
[2024-02-01T10:18:43.373+0000] {logging_mixin.py:188} INFO - [2024-02-01T10:18:43.373+0000] {dag.py:3036} INFO - Sync 1 DAGs
[2024-02-01T10:18:43.403+0000] {logging_mixin.py:188} INFO - [2024-02-01T10:18:43.403+0000] {dag.py:3823} INFO - Setting next_dagrun for football_data_processing_dag to 2024-01-01 00:00:00+00:00, run_after=2024-01-02 00:00:00+00:00
[2024-02-01T10:18:43.500+0000] {processor.py:183} INFO - Processing /opt/airflow/dags/batch_processing.py took 0.193 seconds
[2024-02-01T10:18:45.065+0000] {processor.py:161} INFO - Started process (PID=532) to work on /opt/airflow/dags/batch_processing.py
[2024-02-01T10:18:45.067+0000] {processor.py:830} INFO - Processing file /opt/airflow/dags/batch_processing.py for tasks to queue
[2024-02-01T10:18:45.068+0000] {logging_mixin.py:188} INFO - [2024-02-01T10:18:45.067+0000] {dagbag.py:538} INFO - Filling up the DagBag from /opt/airflow/dags/batch_processing.py
[2024-02-01T10:18:45.095+0000] {processor.py:840} INFO - DAG(s) 'football_data_processing_dag' retrieved from /opt/airflow/dags/batch_processing.py
[2024-02-01T10:18:45.127+0000] {logging_mixin.py:188} INFO - [2024-02-01T10:18:45.127+0000] {dag.py:3036} INFO - Sync 1 DAGs
[2024-02-01T10:18:45.157+0000] {logging_mixin.py:188} INFO - [2024-02-01T10:18:45.157+0000] {dag.py:3823} INFO - Setting next_dagrun for football_data_processing_dag to 2024-01-01 00:00:00+00:00, run_after=2024-01-02 00:00:00+00:00
[2024-02-01T10:18:45.244+0000] {processor.py:183} INFO - Processing /opt/airflow/dags/batch_processing.py took 0.183 seconds
[2024-02-01T10:19:14.145+0000] {processor.py:161} INFO - Started process (PID=535) to work on /opt/airflow/dags/batch_processing.py
[2024-02-01T10:19:14.149+0000] {processor.py:830} INFO - Processing file /opt/airflow/dags/batch_processing.py for tasks to queue
[2024-02-01T10:19:14.153+0000] {logging_mixin.py:188} INFO - [2024-02-01T10:19:14.153+0000] {dagbag.py:538} INFO - Filling up the DagBag from /opt/airflow/dags/batch_processing.py
[2024-02-01T10:19:14.215+0000] {processor.py:840} INFO - DAG(s) 'football_data_processing_dag' retrieved from /opt/airflow/dags/batch_processing.py
[2024-02-01T10:19:14.275+0000] {logging_mixin.py:188} INFO - [2024-02-01T10:19:14.275+0000] {dag.py:3036} INFO - Sync 1 DAGs
[2024-02-01T10:19:14.306+0000] {logging_mixin.py:188} INFO - [2024-02-01T10:19:14.306+0000] {dag.py:3823} INFO - Setting next_dagrun for football_data_processing_dag to 2024-01-01 00:00:00+00:00, run_after=2024-01-02 00:00:00+00:00
[2024-02-01T10:19:14.392+0000] {processor.py:183} INFO - Processing /opt/airflow/dags/batch_processing.py took 0.259 seconds
[2024-02-01T10:19:15.553+0000] {processor.py:161} INFO - Started process (PID=536) to work on /opt/airflow/dags/batch_processing.py
[2024-02-01T10:19:15.554+0000] {processor.py:830} INFO - Processing file /opt/airflow/dags/batch_processing.py for tasks to queue
[2024-02-01T10:19:15.556+0000] {logging_mixin.py:188} INFO - [2024-02-01T10:19:15.555+0000] {dagbag.py:538} INFO - Filling up the DagBag from /opt/airflow/dags/batch_processing.py
[2024-02-01T10:19:15.595+0000] {processor.py:840} INFO - DAG(s) 'football_data_processing_dag' retrieved from /opt/airflow/dags/batch_processing.py
[2024-02-01T10:19:15.661+0000] {logging_mixin.py:188} INFO - [2024-02-01T10:19:15.661+0000] {dag.py:3036} INFO - Sync 1 DAGs
[2024-02-01T10:19:15.693+0000] {logging_mixin.py:188} INFO - [2024-02-01T10:19:15.692+0000] {dag.py:3823} INFO - Setting next_dagrun for football_data_processing_dag to 2024-01-01 00:00:00+00:00, run_after=2024-01-02 00:00:00+00:00
[2024-02-01T10:19:15.787+0000] {processor.py:183} INFO - Processing /opt/airflow/dags/batch_processing.py took 0.240 seconds
[2024-02-01T10:19:44.543+0000] {processor.py:161} INFO - Started process (PID=539) to work on /opt/airflow/dags/batch_processing.py
[2024-02-01T10:19:44.545+0000] {processor.py:830} INFO - Processing file /opt/airflow/dags/batch_processing.py for tasks to queue
[2024-02-01T10:19:44.546+0000] {logging_mixin.py:188} INFO - [2024-02-01T10:19:44.546+0000] {dagbag.py:538} INFO - Filling up the DagBag from /opt/airflow/dags/batch_processing.py
[2024-02-01T10:19:44.579+0000] {processor.py:840} INFO - DAG(s) 'football_data_processing_dag' retrieved from /opt/airflow/dags/batch_processing.py
[2024-02-01T10:19:44.613+0000] {logging_mixin.py:188} INFO - [2024-02-01T10:19:44.612+0000] {dag.py:3036} INFO - Sync 1 DAGs
[2024-02-01T10:19:44.643+0000] {logging_mixin.py:188} INFO - [2024-02-01T10:19:44.642+0000] {dag.py:3823} INFO - Setting next_dagrun for football_data_processing_dag to 2024-01-01 00:00:00+00:00, run_after=2024-01-02 00:00:00+00:00
[2024-02-01T10:19:44.722+0000] {processor.py:183} INFO - Processing /opt/airflow/dags/batch_processing.py took 0.185 seconds
[2024-02-01T10:19:46.130+0000] {processor.py:161} INFO - Started process (PID=540) to work on /opt/airflow/dags/batch_processing.py
[2024-02-01T10:19:46.131+0000] {processor.py:830} INFO - Processing file /opt/airflow/dags/batch_processing.py for tasks to queue
[2024-02-01T10:19:46.134+0000] {logging_mixin.py:188} INFO - [2024-02-01T10:19:46.133+0000] {dagbag.py:538} INFO - Filling up the DagBag from /opt/airflow/dags/batch_processing.py
[2024-02-01T10:19:46.161+0000] {processor.py:840} INFO - DAG(s) 'football_data_processing_dag' retrieved from /opt/airflow/dags/batch_processing.py
[2024-02-01T10:19:46.198+0000] {logging_mixin.py:188} INFO - [2024-02-01T10:19:46.198+0000] {dag.py:3036} INFO - Sync 1 DAGs
[2024-02-01T10:19:46.231+0000] {logging_mixin.py:188} INFO - [2024-02-01T10:19:46.230+0000] {dag.py:3823} INFO - Setting next_dagrun for football_data_processing_dag to 2024-01-01 00:00:00+00:00, run_after=2024-01-02 00:00:00+00:00
[2024-02-01T10:19:46.316+0000] {processor.py:183} INFO - Processing /opt/airflow/dags/batch_processing.py took 0.189 seconds
[2024-02-01T10:20:15.114+0000] {processor.py:161} INFO - Started process (PID=543) to work on /opt/airflow/dags/batch_processing.py
[2024-02-01T10:20:15.115+0000] {processor.py:830} INFO - Processing file /opt/airflow/dags/batch_processing.py for tasks to queue
[2024-02-01T10:20:15.116+0000] {logging_mixin.py:188} INFO - [2024-02-01T10:20:15.116+0000] {dagbag.py:538} INFO - Filling up the DagBag from /opt/airflow/dags/batch_processing.py
[2024-02-01T10:20:15.148+0000] {processor.py:840} INFO - DAG(s) 'football_data_processing_dag' retrieved from /opt/airflow/dags/batch_processing.py
[2024-02-01T10:20:15.181+0000] {logging_mixin.py:188} INFO - [2024-02-01T10:20:15.181+0000] {dag.py:3036} INFO - Sync 1 DAGs
[2024-02-01T10:20:15.215+0000] {logging_mixin.py:188} INFO - [2024-02-01T10:20:15.215+0000] {dag.py:3823} INFO - Setting next_dagrun for football_data_processing_dag to 2024-01-01 00:00:00+00:00, run_after=2024-01-02 00:00:00+00:00
[2024-02-01T10:20:15.315+0000] {processor.py:183} INFO - Processing /opt/airflow/dags/batch_processing.py took 0.207 seconds
[2024-02-01T10:20:16.682+0000] {processor.py:161} INFO - Started process (PID=544) to work on /opt/airflow/dags/batch_processing.py
[2024-02-01T10:20:16.683+0000] {processor.py:830} INFO - Processing file /opt/airflow/dags/batch_processing.py for tasks to queue
[2024-02-01T10:20:16.685+0000] {logging_mixin.py:188} INFO - [2024-02-01T10:20:16.684+0000] {dagbag.py:538} INFO - Filling up the DagBag from /opt/airflow/dags/batch_processing.py
[2024-02-01T10:20:16.711+0000] {processor.py:840} INFO - DAG(s) 'football_data_processing_dag' retrieved from /opt/airflow/dags/batch_processing.py
[2024-02-01T10:20:16.748+0000] {logging_mixin.py:188} INFO - [2024-02-01T10:20:16.748+0000] {dag.py:3036} INFO - Sync 1 DAGs
[2024-02-01T10:20:16.784+0000] {logging_mixin.py:188} INFO - [2024-02-01T10:20:16.783+0000] {dag.py:3823} INFO - Setting next_dagrun for football_data_processing_dag to 2024-01-01 00:00:00+00:00, run_after=2024-01-02 00:00:00+00:00
[2024-02-01T10:20:16.897+0000] {processor.py:183} INFO - Processing /opt/airflow/dags/batch_processing.py took 0.222 seconds
[2024-02-01T10:20:45.566+0000] {processor.py:161} INFO - Started process (PID=547) to work on /opt/airflow/dags/batch_processing.py
[2024-02-01T10:20:45.567+0000] {processor.py:830} INFO - Processing file /opt/airflow/dags/batch_processing.py for tasks to queue
[2024-02-01T10:20:45.568+0000] {logging_mixin.py:188} INFO - [2024-02-01T10:20:45.568+0000] {dagbag.py:538} INFO - Filling up the DagBag from /opt/airflow/dags/batch_processing.py
[2024-02-01T10:20:45.598+0000] {processor.py:840} INFO - DAG(s) 'football_data_processing_dag' retrieved from /opt/airflow/dags/batch_processing.py
[2024-02-01T10:20:45.634+0000] {logging_mixin.py:188} INFO - [2024-02-01T10:20:45.633+0000] {dag.py:3036} INFO - Sync 1 DAGs
[2024-02-01T10:20:45.669+0000] {logging_mixin.py:188} INFO - [2024-02-01T10:20:45.669+0000] {dag.py:3823} INFO - Setting next_dagrun for football_data_processing_dag to 2024-01-01 00:00:00+00:00, run_after=2024-01-02 00:00:00+00:00
[2024-02-01T10:20:45.779+0000] {processor.py:183} INFO - Processing /opt/airflow/dags/batch_processing.py took 0.216 seconds
[2024-02-01T10:20:47.208+0000] {processor.py:161} INFO - Started process (PID=548) to work on /opt/airflow/dags/batch_processing.py
[2024-02-01T10:20:47.210+0000] {processor.py:830} INFO - Processing file /opt/airflow/dags/batch_processing.py for tasks to queue
[2024-02-01T10:20:47.211+0000] {logging_mixin.py:188} INFO - [2024-02-01T10:20:47.211+0000] {dagbag.py:538} INFO - Filling up the DagBag from /opt/airflow/dags/batch_processing.py
[2024-02-01T10:20:47.241+0000] {processor.py:840} INFO - DAG(s) 'football_data_processing_dag' retrieved from /opt/airflow/dags/batch_processing.py
[2024-02-01T10:20:47.279+0000] {logging_mixin.py:188} INFO - [2024-02-01T10:20:47.279+0000] {dag.py:3036} INFO - Sync 1 DAGs
[2024-02-01T10:20:47.308+0000] {logging_mixin.py:188} INFO - [2024-02-01T10:20:47.308+0000] {dag.py:3823} INFO - Setting next_dagrun for football_data_processing_dag to 2024-01-01 00:00:00+00:00, run_after=2024-01-02 00:00:00+00:00
[2024-02-01T10:20:47.401+0000] {processor.py:183} INFO - Processing /opt/airflow/dags/batch_processing.py took 0.197 seconds
[2024-02-01T10:21:16.196+0000] {processor.py:161} INFO - Started process (PID=551) to work on /opt/airflow/dags/batch_processing.py
[2024-02-01T10:21:16.199+0000] {processor.py:830} INFO - Processing file /opt/airflow/dags/batch_processing.py for tasks to queue
[2024-02-01T10:21:16.200+0000] {logging_mixin.py:188} INFO - [2024-02-01T10:21:16.200+0000] {dagbag.py:538} INFO - Filling up the DagBag from /opt/airflow/dags/batch_processing.py
[2024-02-01T10:21:16.247+0000] {processor.py:840} INFO - DAG(s) 'football_data_processing_dag' retrieved from /opt/airflow/dags/batch_processing.py
[2024-02-01T10:21:16.278+0000] {logging_mixin.py:188} INFO - [2024-02-01T10:21:16.278+0000] {dag.py:3036} INFO - Sync 1 DAGs
[2024-02-01T10:21:16.309+0000] {logging_mixin.py:188} INFO - [2024-02-01T10:21:16.309+0000] {dag.py:3823} INFO - Setting next_dagrun for football_data_processing_dag to 2024-01-01 00:00:00+00:00, run_after=2024-01-02 00:00:00+00:00
[2024-02-01T10:21:16.427+0000] {processor.py:183} INFO - Processing /opt/airflow/dags/batch_processing.py took 0.235 seconds
[2024-02-01T10:21:17.828+0000] {processor.py:161} INFO - Started process (PID=552) to work on /opt/airflow/dags/batch_processing.py
[2024-02-01T10:21:17.829+0000] {processor.py:830} INFO - Processing file /opt/airflow/dags/batch_processing.py for tasks to queue
[2024-02-01T10:21:17.831+0000] {logging_mixin.py:188} INFO - [2024-02-01T10:21:17.830+0000] {dagbag.py:538} INFO - Filling up the DagBag from /opt/airflow/dags/batch_processing.py
[2024-02-01T10:21:17.867+0000] {processor.py:840} INFO - DAG(s) 'football_data_processing_dag' retrieved from /opt/airflow/dags/batch_processing.py
[2024-02-01T10:21:17.908+0000] {logging_mixin.py:188} INFO - [2024-02-01T10:21:17.908+0000] {dag.py:3036} INFO - Sync 1 DAGs
[2024-02-01T10:21:17.949+0000] {logging_mixin.py:188} INFO - [2024-02-01T10:21:17.949+0000] {dag.py:3823} INFO - Setting next_dagrun for football_data_processing_dag to 2024-01-01 00:00:00+00:00, run_after=2024-01-02 00:00:00+00:00
[2024-02-01T10:21:18.057+0000] {processor.py:183} INFO - Processing /opt/airflow/dags/batch_processing.py took 0.232 seconds
[2024-02-01T10:21:46.889+0000] {processor.py:161} INFO - Started process (PID=555) to work on /opt/airflow/dags/batch_processing.py
[2024-02-01T10:21:46.892+0000] {processor.py:830} INFO - Processing file /opt/airflow/dags/batch_processing.py for tasks to queue
[2024-02-01T10:21:46.895+0000] {logging_mixin.py:188} INFO - [2024-02-01T10:21:46.895+0000] {dagbag.py:538} INFO - Filling up the DagBag from /opt/airflow/dags/batch_processing.py
[2024-02-01T10:21:46.927+0000] {processor.py:840} INFO - DAG(s) 'football_data_processing_dag' retrieved from /opt/airflow/dags/batch_processing.py
[2024-02-01T10:21:46.963+0000] {logging_mixin.py:188} INFO - [2024-02-01T10:21:46.963+0000] {dag.py:3036} INFO - Sync 1 DAGs
[2024-02-01T10:21:46.995+0000] {logging_mixin.py:188} INFO - [2024-02-01T10:21:46.995+0000] {dag.py:3823} INFO - Setting next_dagrun for football_data_processing_dag to 2024-01-01 00:00:00+00:00, run_after=2024-01-02 00:00:00+00:00
[2024-02-01T10:21:47.117+0000] {processor.py:183} INFO - Processing /opt/airflow/dags/batch_processing.py took 0.231 seconds
[2024-02-01T10:21:48.398+0000] {processor.py:161} INFO - Started process (PID=556) to work on /opt/airflow/dags/batch_processing.py
[2024-02-01T10:21:48.399+0000] {processor.py:830} INFO - Processing file /opt/airflow/dags/batch_processing.py for tasks to queue
[2024-02-01T10:21:48.402+0000] {logging_mixin.py:188} INFO - [2024-02-01T10:21:48.401+0000] {dagbag.py:538} INFO - Filling up the DagBag from /opt/airflow/dags/batch_processing.py
[2024-02-01T10:21:48.433+0000] {processor.py:840} INFO - DAG(s) 'football_data_processing_dag' retrieved from /opt/airflow/dags/batch_processing.py
[2024-02-01T10:21:48.475+0000] {logging_mixin.py:188} INFO - [2024-02-01T10:21:48.475+0000] {dag.py:3036} INFO - Sync 1 DAGs
[2024-02-01T10:21:48.509+0000] {logging_mixin.py:188} INFO - [2024-02-01T10:21:48.509+0000] {dag.py:3823} INFO - Setting next_dagrun for football_data_processing_dag to 2024-01-01 00:00:00+00:00, run_after=2024-01-02 00:00:00+00:00
[2024-02-01T10:21:48.599+0000] {processor.py:183} INFO - Processing /opt/airflow/dags/batch_processing.py took 0.205 seconds
[2024-02-01T10:22:17.613+0000] {processor.py:161} INFO - Started process (PID=559) to work on /opt/airflow/dags/batch_processing.py
[2024-02-01T10:22:17.614+0000] {processor.py:830} INFO - Processing file /opt/airflow/dags/batch_processing.py for tasks to queue
[2024-02-01T10:22:17.616+0000] {logging_mixin.py:188} INFO - [2024-02-01T10:22:17.615+0000] {dagbag.py:538} INFO - Filling up the DagBag from /opt/airflow/dags/batch_processing.py
[2024-02-01T10:22:17.671+0000] {processor.py:840} INFO - DAG(s) 'football_data_processing_dag' retrieved from /opt/airflow/dags/batch_processing.py
[2024-02-01T10:22:17.728+0000] {logging_mixin.py:188} INFO - [2024-02-01T10:22:17.728+0000] {dag.py:3036} INFO - Sync 1 DAGs
[2024-02-01T10:22:17.764+0000] {logging_mixin.py:188} INFO - [2024-02-01T10:22:17.764+0000] {dag.py:3823} INFO - Setting next_dagrun for football_data_processing_dag to 2024-01-01 00:00:00+00:00, run_after=2024-01-02 00:00:00+00:00
[2024-02-01T10:22:17.879+0000] {processor.py:183} INFO - Processing /opt/airflow/dags/batch_processing.py took 0.270 seconds
[2024-02-01T10:22:18.766+0000] {processor.py:161} INFO - Started process (PID=560) to work on /opt/airflow/dags/batch_processing.py
[2024-02-01T10:22:18.767+0000] {processor.py:830} INFO - Processing file /opt/airflow/dags/batch_processing.py for tasks to queue
[2024-02-01T10:22:18.770+0000] {logging_mixin.py:188} INFO - [2024-02-01T10:22:18.769+0000] {dagbag.py:538} INFO - Filling up the DagBag from /opt/airflow/dags/batch_processing.py
[2024-02-01T10:22:18.815+0000] {processor.py:840} INFO - DAG(s) 'football_data_processing_dag' retrieved from /opt/airflow/dags/batch_processing.py
[2024-02-01T10:22:18.857+0000] {logging_mixin.py:188} INFO - [2024-02-01T10:22:18.856+0000] {dag.py:3036} INFO - Sync 1 DAGs
[2024-02-01T10:22:18.889+0000] {logging_mixin.py:188} INFO - [2024-02-01T10:22:18.889+0000] {dag.py:3823} INFO - Setting next_dagrun for football_data_processing_dag to 2024-01-01 00:00:00+00:00, run_after=2024-01-02 00:00:00+00:00
[2024-02-01T10:22:18.972+0000] {processor.py:183} INFO - Processing /opt/airflow/dags/batch_processing.py took 0.214 seconds
[2024-02-01T10:22:48.100+0000] {processor.py:161} INFO - Started process (PID=563) to work on /opt/airflow/dags/batch_processing.py
[2024-02-01T10:22:48.105+0000] {processor.py:830} INFO - Processing file /opt/airflow/dags/batch_processing.py for tasks to queue
[2024-02-01T10:22:48.106+0000] {logging_mixin.py:188} INFO - [2024-02-01T10:22:48.106+0000] {dagbag.py:538} INFO - Filling up the DagBag from /opt/airflow/dags/batch_processing.py
[2024-02-01T10:22:48.155+0000] {processor.py:840} INFO - DAG(s) 'football_data_processing_dag' retrieved from /opt/airflow/dags/batch_processing.py
[2024-02-01T10:22:48.204+0000] {logging_mixin.py:188} INFO - [2024-02-01T10:22:48.202+0000] {dag.py:3036} INFO - Sync 1 DAGs
[2024-02-01T10:22:48.234+0000] {logging_mixin.py:188} INFO - [2024-02-01T10:22:48.233+0000] {dag.py:3823} INFO - Setting next_dagrun for football_data_processing_dag to 2024-01-01 00:00:00+00:00, run_after=2024-01-02 00:00:00+00:00
[2024-02-01T10:22:48.349+0000] {processor.py:183} INFO - Processing /opt/airflow/dags/batch_processing.py took 0.252 seconds
[2024-02-01T10:22:49.465+0000] {processor.py:161} INFO - Started process (PID=564) to work on /opt/airflow/dags/batch_processing.py
[2024-02-01T10:22:49.467+0000] {processor.py:830} INFO - Processing file /opt/airflow/dags/batch_processing.py for tasks to queue
[2024-02-01T10:22:49.471+0000] {logging_mixin.py:188} INFO - [2024-02-01T10:22:49.470+0000] {dagbag.py:538} INFO - Filling up the DagBag from /opt/airflow/dags/batch_processing.py
[2024-02-01T10:22:49.534+0000] {processor.py:840} INFO - DAG(s) 'football_data_processing_dag' retrieved from /opt/airflow/dags/batch_processing.py
[2024-02-01T10:22:49.628+0000] {logging_mixin.py:188} INFO - [2024-02-01T10:22:49.627+0000] {dag.py:3036} INFO - Sync 1 DAGs
[2024-02-01T10:22:49.715+0000] {logging_mixin.py:188} INFO - [2024-02-01T10:22:49.714+0000] {dag.py:3823} INFO - Setting next_dagrun for football_data_processing_dag to 2024-01-01 00:00:00+00:00, run_after=2024-01-02 00:00:00+00:00
[2024-02-01T10:22:49.807+0000] {processor.py:183} INFO - Processing /opt/airflow/dags/batch_processing.py took 0.347 seconds
[2024-02-01T10:23:18.766+0000] {processor.py:161} INFO - Started process (PID=567) to work on /opt/airflow/dags/batch_processing.py
[2024-02-01T10:23:18.768+0000] {processor.py:830} INFO - Processing file /opt/airflow/dags/batch_processing.py for tasks to queue
[2024-02-01T10:23:18.771+0000] {logging_mixin.py:188} INFO - [2024-02-01T10:23:18.770+0000] {dagbag.py:538} INFO - Filling up the DagBag from /opt/airflow/dags/batch_processing.py
[2024-02-01T10:23:18.815+0000] {processor.py:840} INFO - DAG(s) 'football_data_processing_dag' retrieved from /opt/airflow/dags/batch_processing.py
[2024-02-01T10:23:18.853+0000] {logging_mixin.py:188} INFO - [2024-02-01T10:23:18.853+0000] {dag.py:3036} INFO - Sync 1 DAGs
[2024-02-01T10:23:18.884+0000] {logging_mixin.py:188} INFO - [2024-02-01T10:23:18.884+0000] {dag.py:3823} INFO - Setting next_dagrun for football_data_processing_dag to 2024-01-01 00:00:00+00:00, run_after=2024-01-02 00:00:00+00:00
[2024-02-01T10:23:18.956+0000] {processor.py:183} INFO - Processing /opt/airflow/dags/batch_processing.py took 0.194 seconds
[2024-02-01T10:23:20.231+0000] {processor.py:161} INFO - Started process (PID=568) to work on /opt/airflow/dags/batch_processing.py
[2024-02-01T10:23:20.233+0000] {processor.py:830} INFO - Processing file /opt/airflow/dags/batch_processing.py for tasks to queue
[2024-02-01T10:23:20.239+0000] {logging_mixin.py:188} INFO - [2024-02-01T10:23:20.236+0000] {dagbag.py:538} INFO - Filling up the DagBag from /opt/airflow/dags/batch_processing.py
[2024-02-01T10:23:20.303+0000] {processor.py:840} INFO - DAG(s) 'football_data_processing_dag' retrieved from /opt/airflow/dags/batch_processing.py
[2024-02-01T10:23:20.356+0000] {logging_mixin.py:188} INFO - [2024-02-01T10:23:20.355+0000] {dag.py:3036} INFO - Sync 1 DAGs
[2024-02-01T10:23:20.392+0000] {logging_mixin.py:188} INFO - [2024-02-01T10:23:20.392+0000] {dag.py:3823} INFO - Setting next_dagrun for football_data_processing_dag to 2024-01-01 00:00:00+00:00, run_after=2024-01-02 00:00:00+00:00
[2024-02-01T10:23:20.508+0000] {processor.py:183} INFO - Processing /opt/airflow/dags/batch_processing.py took 0.290 seconds
[2024-02-01T10:23:49.523+0000] {processor.py:161} INFO - Started process (PID=571) to work on /opt/airflow/dags/batch_processing.py
[2024-02-01T10:23:49.526+0000] {processor.py:830} INFO - Processing file /opt/airflow/dags/batch_processing.py for tasks to queue
[2024-02-01T10:23:49.529+0000] {logging_mixin.py:188} INFO - [2024-02-01T10:23:49.528+0000] {dagbag.py:538} INFO - Filling up the DagBag from /opt/airflow/dags/batch_processing.py
[2024-02-01T10:23:49.597+0000] {processor.py:840} INFO - DAG(s) 'football_data_processing_dag' retrieved from /opt/airflow/dags/batch_processing.py
[2024-02-01T10:23:49.639+0000] {logging_mixin.py:188} INFO - [2024-02-01T10:23:49.639+0000] {dag.py:3036} INFO - Sync 1 DAGs
[2024-02-01T10:23:49.672+0000] {logging_mixin.py:188} INFO - [2024-02-01T10:23:49.672+0000] {dag.py:3823} INFO - Setting next_dagrun for football_data_processing_dag to 2024-01-01 00:00:00+00:00, run_after=2024-01-02 00:00:00+00:00
[2024-02-01T10:23:49.768+0000] {processor.py:183} INFO - Processing /opt/airflow/dags/batch_processing.py took 0.248 seconds
[2024-02-01T10:23:50.718+0000] {processor.py:161} INFO - Started process (PID=572) to work on /opt/airflow/dags/batch_processing.py
[2024-02-01T10:23:50.720+0000] {processor.py:830} INFO - Processing file /opt/airflow/dags/batch_processing.py for tasks to queue
[2024-02-01T10:23:50.721+0000] {logging_mixin.py:188} INFO - [2024-02-01T10:23:50.721+0000] {dagbag.py:538} INFO - Filling up the DagBag from /opt/airflow/dags/batch_processing.py
[2024-02-01T10:23:50.750+0000] {processor.py:840} INFO - DAG(s) 'football_data_processing_dag' retrieved from /opt/airflow/dags/batch_processing.py
[2024-02-01T10:23:50.787+0000] {logging_mixin.py:188} INFO - [2024-02-01T10:23:50.786+0000] {dag.py:3036} INFO - Sync 1 DAGs
[2024-02-01T10:23:50.816+0000] {logging_mixin.py:188} INFO - [2024-02-01T10:23:50.816+0000] {dag.py:3823} INFO - Setting next_dagrun for football_data_processing_dag to 2024-01-01 00:00:00+00:00, run_after=2024-01-02 00:00:00+00:00
[2024-02-01T10:23:50.926+0000] {processor.py:183} INFO - Processing /opt/airflow/dags/batch_processing.py took 0.211 seconds
[2024-02-01T10:24:20.206+0000] {processor.py:161} INFO - Started process (PID=575) to work on /opt/airflow/dags/batch_processing.py
[2024-02-01T10:24:20.208+0000] {processor.py:830} INFO - Processing file /opt/airflow/dags/batch_processing.py for tasks to queue
[2024-02-01T10:24:20.210+0000] {logging_mixin.py:188} INFO - [2024-02-01T10:24:20.209+0000] {dagbag.py:538} INFO - Filling up the DagBag from /opt/airflow/dags/batch_processing.py
[2024-02-01T10:24:20.247+0000] {processor.py:840} INFO - DAG(s) 'football_data_processing_dag' retrieved from /opt/airflow/dags/batch_processing.py
[2024-02-01T10:24:20.279+0000] {logging_mixin.py:188} INFO - [2024-02-01T10:24:20.279+0000] {dag.py:3036} INFO - Sync 1 DAGs
[2024-02-01T10:24:20.310+0000] {logging_mixin.py:188} INFO - [2024-02-01T10:24:20.309+0000] {dag.py:3823} INFO - Setting next_dagrun for football_data_processing_dag to 2024-01-01 00:00:00+00:00, run_after=2024-01-02 00:00:00+00:00
[2024-02-01T10:24:20.381+0000] {processor.py:183} INFO - Processing /opt/airflow/dags/batch_processing.py took 0.179 seconds
[2024-02-01T10:24:21.332+0000] {processor.py:161} INFO - Started process (PID=576) to work on /opt/airflow/dags/batch_processing.py
[2024-02-01T10:24:21.333+0000] {processor.py:830} INFO - Processing file /opt/airflow/dags/batch_processing.py for tasks to queue
[2024-02-01T10:24:21.334+0000] {logging_mixin.py:188} INFO - [2024-02-01T10:24:21.334+0000] {dagbag.py:538} INFO - Filling up the DagBag from /opt/airflow/dags/batch_processing.py
[2024-02-01T10:24:21.360+0000] {processor.py:840} INFO - DAG(s) 'football_data_processing_dag' retrieved from /opt/airflow/dags/batch_processing.py
[2024-02-01T10:24:21.400+0000] {logging_mixin.py:188} INFO - [2024-02-01T10:24:21.400+0000] {dag.py:3036} INFO - Sync 1 DAGs
[2024-02-01T10:24:21.431+0000] {logging_mixin.py:188} INFO - [2024-02-01T10:24:21.430+0000] {dag.py:3823} INFO - Setting next_dagrun for football_data_processing_dag to 2024-01-01 00:00:00+00:00, run_after=2024-01-02 00:00:00+00:00
[2024-02-01T10:24:21.509+0000] {processor.py:183} INFO - Processing /opt/airflow/dags/batch_processing.py took 0.180 seconds
[2024-02-01T10:24:50.928+0000] {processor.py:161} INFO - Started process (PID=579) to work on /opt/airflow/dags/batch_processing.py
[2024-02-01T10:24:50.930+0000] {processor.py:830} INFO - Processing file /opt/airflow/dags/batch_processing.py for tasks to queue
[2024-02-01T10:24:50.932+0000] {logging_mixin.py:188} INFO - [2024-02-01T10:24:50.931+0000] {dagbag.py:538} INFO - Filling up the DagBag from /opt/airflow/dags/batch_processing.py
[2024-02-01T10:24:50.979+0000] {processor.py:840} INFO - DAG(s) 'football_data_processing_dag' retrieved from /opt/airflow/dags/batch_processing.py
[2024-02-01T10:24:51.027+0000] {logging_mixin.py:188} INFO - [2024-02-01T10:24:51.027+0000] {dag.py:3036} INFO - Sync 1 DAGs
[2024-02-01T10:24:51.062+0000] {logging_mixin.py:188} INFO - [2024-02-01T10:24:51.062+0000] {dag.py:3823} INFO - Setting next_dagrun for football_data_processing_dag to 2024-01-01 00:00:00+00:00, run_after=2024-01-02 00:00:00+00:00
[2024-02-01T10:24:51.191+0000] {processor.py:183} INFO - Processing /opt/airflow/dags/batch_processing.py took 0.271 seconds
[2024-02-01T10:24:51.884+0000] {processor.py:161} INFO - Started process (PID=580) to work on /opt/airflow/dags/batch_processing.py
[2024-02-01T10:24:51.887+0000] {processor.py:830} INFO - Processing file /opt/airflow/dags/batch_processing.py for tasks to queue
[2024-02-01T10:24:51.889+0000] {logging_mixin.py:188} INFO - [2024-02-01T10:24:51.888+0000] {dagbag.py:538} INFO - Filling up the DagBag from /opt/airflow/dags/batch_processing.py
[2024-02-01T10:24:51.957+0000] {processor.py:840} INFO - DAG(s) 'football_data_processing_dag' retrieved from /opt/airflow/dags/batch_processing.py
[2024-02-01T10:24:52.014+0000] {logging_mixin.py:188} INFO - [2024-02-01T10:24:52.014+0000] {dag.py:3036} INFO - Sync 1 DAGs
[2024-02-01T10:24:52.065+0000] {logging_mixin.py:188} INFO - [2024-02-01T10:24:52.064+0000] {dag.py:3823} INFO - Setting next_dagrun for football_data_processing_dag to 2024-01-01 00:00:00+00:00, run_after=2024-01-02 00:00:00+00:00
[2024-02-01T10:24:52.165+0000] {processor.py:183} INFO - Processing /opt/airflow/dags/batch_processing.py took 0.285 seconds
[2024-02-01T10:25:21.801+0000] {processor.py:161} INFO - Started process (PID=583) to work on /opt/airflow/dags/batch_processing.py
[2024-02-01T10:25:21.803+0000] {processor.py:830} INFO - Processing file /opt/airflow/dags/batch_processing.py for tasks to queue
[2024-02-01T10:25:21.804+0000] {logging_mixin.py:188} INFO - [2024-02-01T10:25:21.804+0000] {dagbag.py:538} INFO - Filling up the DagBag from /opt/airflow/dags/batch_processing.py
[2024-02-01T10:25:21.867+0000] {processor.py:840} INFO - DAG(s) 'football_data_processing_dag' retrieved from /opt/airflow/dags/batch_processing.py
[2024-02-01T10:25:21.918+0000] {logging_mixin.py:188} INFO - [2024-02-01T10:25:21.918+0000] {dag.py:3036} INFO - Sync 1 DAGs
[2024-02-01T10:25:21.984+0000] {logging_mixin.py:188} INFO - [2024-02-01T10:25:21.984+0000] {dag.py:3823} INFO - Setting next_dagrun for football_data_processing_dag to 2024-01-01 00:00:00+00:00, run_after=2024-01-02 00:00:00+00:00
[2024-02-01T10:25:22.100+0000] {processor.py:183} INFO - Processing /opt/airflow/dags/batch_processing.py took 0.302 seconds
[2024-02-01T10:25:22.720+0000] {processor.py:161} INFO - Started process (PID=584) to work on /opt/airflow/dags/batch_processing.py
[2024-02-01T10:25:22.722+0000] {processor.py:830} INFO - Processing file /opt/airflow/dags/batch_processing.py for tasks to queue
[2024-02-01T10:25:22.726+0000] {logging_mixin.py:188} INFO - [2024-02-01T10:25:22.724+0000] {dagbag.py:538} INFO - Filling up the DagBag from /opt/airflow/dags/batch_processing.py
[2024-02-01T10:25:22.782+0000] {processor.py:840} INFO - DAG(s) 'football_data_processing_dag' retrieved from /opt/airflow/dags/batch_processing.py
[2024-02-01T10:25:22.830+0000] {logging_mixin.py:188} INFO - [2024-02-01T10:25:22.830+0000] {dag.py:3036} INFO - Sync 1 DAGs
[2024-02-01T10:25:22.871+0000] {logging_mixin.py:188} INFO - [2024-02-01T10:25:22.870+0000] {dag.py:3823} INFO - Setting next_dagrun for football_data_processing_dag to 2024-01-01 00:00:00+00:00, run_after=2024-01-02 00:00:00+00:00
[2024-02-01T10:25:23.065+0000] {processor.py:183} INFO - Processing /opt/airflow/dags/batch_processing.py took 0.347 seconds
[2024-02-01T10:25:52.755+0000] {processor.py:161} INFO - Started process (PID=587) to work on /opt/airflow/dags/batch_processing.py
[2024-02-01T10:25:52.756+0000] {processor.py:830} INFO - Processing file /opt/airflow/dags/batch_processing.py for tasks to queue
[2024-02-01T10:25:52.758+0000] {logging_mixin.py:188} INFO - [2024-02-01T10:25:52.757+0000] {dagbag.py:538} INFO - Filling up the DagBag from /opt/airflow/dags/batch_processing.py
[2024-02-01T10:25:52.810+0000] {processor.py:840} INFO - DAG(s) 'football_data_processing_dag' retrieved from /opt/airflow/dags/batch_processing.py
[2024-02-01T10:25:52.856+0000] {logging_mixin.py:188} INFO - [2024-02-01T10:25:52.855+0000] {dag.py:3036} INFO - Sync 1 DAGs
[2024-02-01T10:25:52.892+0000] {logging_mixin.py:188} INFO - [2024-02-01T10:25:52.892+0000] {dag.py:3823} INFO - Setting next_dagrun for football_data_processing_dag to 2024-01-01 00:00:00+00:00, run_after=2024-01-02 00:00:00+00:00
[2024-02-01T10:25:53.019+0000] {processor.py:183} INFO - Processing /opt/airflow/dags/batch_processing.py took 0.267 seconds
[2024-02-01T10:25:53.498+0000] {processor.py:161} INFO - Started process (PID=588) to work on /opt/airflow/dags/batch_processing.py
[2024-02-01T10:25:53.503+0000] {processor.py:830} INFO - Processing file /opt/airflow/dags/batch_processing.py for tasks to queue
[2024-02-01T10:25:53.507+0000] {logging_mixin.py:188} INFO - [2024-02-01T10:25:53.505+0000] {dagbag.py:538} INFO - Filling up the DagBag from /opt/airflow/dags/batch_processing.py
[2024-02-01T10:25:53.568+0000] {processor.py:840} INFO - DAG(s) 'football_data_processing_dag' retrieved from /opt/airflow/dags/batch_processing.py
[2024-02-01T10:25:53.607+0000] {logging_mixin.py:188} INFO - [2024-02-01T10:25:53.607+0000] {dag.py:3036} INFO - Sync 1 DAGs
[2024-02-01T10:25:53.637+0000] {logging_mixin.py:188} INFO - [2024-02-01T10:25:53.636+0000] {dag.py:3823} INFO - Setting next_dagrun for football_data_processing_dag to 2024-01-01 00:00:00+00:00, run_after=2024-01-02 00:00:00+00:00
[2024-02-01T10:25:53.721+0000] {processor.py:183} INFO - Processing /opt/airflow/dags/batch_processing.py took 0.236 seconds
[2024-02-01T10:26:23.525+0000] {processor.py:161} INFO - Started process (PID=591) to work on /opt/airflow/dags/batch_processing.py
[2024-02-01T10:26:23.526+0000] {processor.py:830} INFO - Processing file /opt/airflow/dags/batch_processing.py for tasks to queue
[2024-02-01T10:26:23.527+0000] {logging_mixin.py:188} INFO - [2024-02-01T10:26:23.527+0000] {dagbag.py:538} INFO - Filling up the DagBag from /opt/airflow/dags/batch_processing.py
[2024-02-01T10:26:23.567+0000] {processor.py:840} INFO - DAG(s) 'football_data_processing_dag' retrieved from /opt/airflow/dags/batch_processing.py
[2024-02-01T10:26:23.597+0000] {logging_mixin.py:188} INFO - [2024-02-01T10:26:23.597+0000] {dag.py:3036} INFO - Sync 1 DAGs
[2024-02-01T10:26:23.628+0000] {logging_mixin.py:188} INFO - [2024-02-01T10:26:23.628+0000] {dag.py:3823} INFO - Setting next_dagrun for football_data_processing_dag to 2024-01-01 00:00:00+00:00, run_after=2024-01-02 00:00:00+00:00
[2024-02-01T10:26:23.709+0000] {processor.py:183} INFO - Processing /opt/airflow/dags/batch_processing.py took 0.187 seconds
[2024-02-01T10:26:24.231+0000] {processor.py:161} INFO - Started process (PID=592) to work on /opt/airflow/dags/batch_processing.py
[2024-02-01T10:26:24.243+0000] {processor.py:830} INFO - Processing file /opt/airflow/dags/batch_processing.py for tasks to queue
[2024-02-01T10:26:24.255+0000] {logging_mixin.py:188} INFO - [2024-02-01T10:26:24.249+0000] {dagbag.py:538} INFO - Filling up the DagBag from /opt/airflow/dags/batch_processing.py
[2024-02-01T10:26:24.426+0000] {processor.py:840} INFO - DAG(s) 'football_data_processing_dag' retrieved from /opt/airflow/dags/batch_processing.py
[2024-02-01T10:26:24.570+0000] {logging_mixin.py:188} INFO - [2024-02-01T10:26:24.569+0000] {dag.py:3036} INFO - Sync 1 DAGs
[2024-02-01T10:26:24.609+0000] {logging_mixin.py:188} INFO - [2024-02-01T10:26:24.609+0000] {dag.py:3823} INFO - Setting next_dagrun for football_data_processing_dag to 2024-01-01 00:00:00+00:00, run_after=2024-01-02 00:00:00+00:00
[2024-02-01T10:26:24.676+0000] {processor.py:183} INFO - Processing /opt/airflow/dags/batch_processing.py took 0.455 seconds
[2024-02-01T10:26:54.239+0000] {processor.py:161} INFO - Started process (PID=595) to work on /opt/airflow/dags/batch_processing.py
[2024-02-01T10:26:54.240+0000] {processor.py:830} INFO - Processing file /opt/airflow/dags/batch_processing.py for tasks to queue
[2024-02-01T10:26:54.241+0000] {logging_mixin.py:188} INFO - [2024-02-01T10:26:54.241+0000] {dagbag.py:538} INFO - Filling up the DagBag from /opt/airflow/dags/batch_processing.py
[2024-02-01T10:26:54.268+0000] {processor.py:840} INFO - DAG(s) 'football_data_processing_dag' retrieved from /opt/airflow/dags/batch_processing.py
[2024-02-01T10:26:54.306+0000] {logging_mixin.py:188} INFO - [2024-02-01T10:26:54.305+0000] {dag.py:3036} INFO - Sync 1 DAGs
[2024-02-01T10:26:54.333+0000] {logging_mixin.py:188} INFO - [2024-02-01T10:26:54.333+0000] {dag.py:3823} INFO - Setting next_dagrun for football_data_processing_dag to 2024-01-01 00:00:00+00:00, run_after=2024-01-02 00:00:00+00:00
[2024-02-01T10:26:54.416+0000] {processor.py:183} INFO - Processing /opt/airflow/dags/batch_processing.py took 0.180 seconds
[2024-02-01T10:26:55.028+0000] {processor.py:161} INFO - Started process (PID=596) to work on /opt/airflow/dags/batch_processing.py
[2024-02-01T10:26:55.029+0000] {processor.py:830} INFO - Processing file /opt/airflow/dags/batch_processing.py for tasks to queue
[2024-02-01T10:26:55.030+0000] {logging_mixin.py:188} INFO - [2024-02-01T10:26:55.030+0000] {dagbag.py:538} INFO - Filling up the DagBag from /opt/airflow/dags/batch_processing.py
[2024-02-01T10:26:55.055+0000] {processor.py:840} INFO - DAG(s) 'football_data_processing_dag' retrieved from /opt/airflow/dags/batch_processing.py
[2024-02-01T10:26:55.087+0000] {logging_mixin.py:188} INFO - [2024-02-01T10:26:55.086+0000] {dag.py:3036} INFO - Sync 1 DAGs
[2024-02-01T10:26:55.114+0000] {logging_mixin.py:188} INFO - [2024-02-01T10:26:55.114+0000] {dag.py:3823} INFO - Setting next_dagrun for football_data_processing_dag to 2024-01-01 00:00:00+00:00, run_after=2024-01-02 00:00:00+00:00
[2024-02-01T10:26:55.214+0000] {processor.py:183} INFO - Processing /opt/airflow/dags/batch_processing.py took 0.188 seconds
[2024-02-01T10:27:24.628+0000] {processor.py:161} INFO - Started process (PID=599) to work on /opt/airflow/dags/batch_processing.py
[2024-02-01T10:27:24.629+0000] {processor.py:830} INFO - Processing file /opt/airflow/dags/batch_processing.py for tasks to queue
[2024-02-01T10:27:24.630+0000] {logging_mixin.py:188} INFO - [2024-02-01T10:27:24.630+0000] {dagbag.py:538} INFO - Filling up the DagBag from /opt/airflow/dags/batch_processing.py
[2024-02-01T10:27:24.665+0000] {processor.py:840} INFO - DAG(s) 'football_data_processing_dag' retrieved from /opt/airflow/dags/batch_processing.py
[2024-02-01T10:27:24.699+0000] {logging_mixin.py:188} INFO - [2024-02-01T10:27:24.699+0000] {dag.py:3036} INFO - Sync 1 DAGs
[2024-02-01T10:27:24.729+0000] {logging_mixin.py:188} INFO - [2024-02-01T10:27:24.729+0000] {dag.py:3823} INFO - Setting next_dagrun for football_data_processing_dag to 2024-01-01 00:00:00+00:00, run_after=2024-01-02 00:00:00+00:00
[2024-02-01T10:27:24.798+0000] {processor.py:183} INFO - Processing /opt/airflow/dags/batch_processing.py took 0.174 seconds
[2024-02-01T10:27:25.517+0000] {processor.py:161} INFO - Started process (PID=600) to work on /opt/airflow/dags/batch_processing.py
[2024-02-01T10:27:25.518+0000] {processor.py:830} INFO - Processing file /opt/airflow/dags/batch_processing.py for tasks to queue
[2024-02-01T10:27:25.519+0000] {logging_mixin.py:188} INFO - [2024-02-01T10:27:25.519+0000] {dagbag.py:538} INFO - Filling up the DagBag from /opt/airflow/dags/batch_processing.py
[2024-02-01T10:27:25.575+0000] {processor.py:840} INFO - DAG(s) 'football_data_processing_dag' retrieved from /opt/airflow/dags/batch_processing.py
[2024-02-01T10:27:25.615+0000] {logging_mixin.py:188} INFO - [2024-02-01T10:27:25.615+0000] {dag.py:3036} INFO - Sync 1 DAGs
[2024-02-01T10:27:25.652+0000] {logging_mixin.py:188} INFO - [2024-02-01T10:27:25.652+0000] {dag.py:3823} INFO - Setting next_dagrun for football_data_processing_dag to 2024-01-01 00:00:00+00:00, run_after=2024-01-02 00:00:00+00:00
[2024-02-01T10:27:25.721+0000] {processor.py:183} INFO - Processing /opt/airflow/dags/batch_processing.py took 0.207 seconds
[2024-02-01T10:27:55.273+0000] {processor.py:161} INFO - Started process (PID=603) to work on /opt/airflow/dags/batch_processing.py
[2024-02-01T10:27:55.275+0000] {processor.py:830} INFO - Processing file /opt/airflow/dags/batch_processing.py for tasks to queue
[2024-02-01T10:27:55.278+0000] {logging_mixin.py:188} INFO - [2024-02-01T10:27:55.277+0000] {dagbag.py:538} INFO - Filling up the DagBag from /opt/airflow/dags/batch_processing.py
[2024-02-01T10:27:55.324+0000] {processor.py:840} INFO - DAG(s) 'football_data_processing_dag' retrieved from /opt/airflow/dags/batch_processing.py
[2024-02-01T10:27:55.363+0000] {logging_mixin.py:188} INFO - [2024-02-01T10:27:55.363+0000] {dag.py:3036} INFO - Sync 1 DAGs
[2024-02-01T10:27:55.406+0000] {logging_mixin.py:188} INFO - [2024-02-01T10:27:55.405+0000] {dag.py:3823} INFO - Setting next_dagrun for football_data_processing_dag to 2024-01-01 00:00:00+00:00, run_after=2024-01-02 00:00:00+00:00
[2024-02-01T10:27:55.496+0000] {processor.py:183} INFO - Processing /opt/airflow/dags/batch_processing.py took 0.227 seconds
[2024-02-01T10:27:56.205+0000] {processor.py:161} INFO - Started process (PID=604) to work on /opt/airflow/dags/batch_processing.py
[2024-02-01T10:27:56.206+0000] {processor.py:830} INFO - Processing file /opt/airflow/dags/batch_processing.py for tasks to queue
[2024-02-01T10:27:56.207+0000] {logging_mixin.py:188} INFO - [2024-02-01T10:27:56.207+0000] {dagbag.py:538} INFO - Filling up the DagBag from /opt/airflow/dags/batch_processing.py
[2024-02-01T10:27:56.257+0000] {processor.py:840} INFO - DAG(s) 'football_data_processing_dag' retrieved from /opt/airflow/dags/batch_processing.py
[2024-02-01T10:27:56.320+0000] {logging_mixin.py:188} INFO - [2024-02-01T10:27:56.320+0000] {dag.py:3036} INFO - Sync 1 DAGs
[2024-02-01T10:27:56.357+0000] {logging_mixin.py:188} INFO - [2024-02-01T10:27:56.357+0000] {dag.py:3823} INFO - Setting next_dagrun for football_data_processing_dag to 2024-01-01 00:00:00+00:00, run_after=2024-01-02 00:00:00+00:00
[2024-02-01T10:27:56.435+0000] {processor.py:183} INFO - Processing /opt/airflow/dags/batch_processing.py took 0.233 seconds
